/home/aust/ros2_ws/install/lib/python3.5/site-packages/ament_tools/setup_arguments.py
/home/aust/ros2_ws/install/lib/python3.5/site-packages/ament_tools/context.py
/home/aust/ros2_ws/install/lib/python3.5/site-packages/ament_tools/packages.py
/home/aust/ros2_ws/install/lib/python3.5/site-packages/ament_tools/build_type_discovery.py
/home/aust/ros2_ws/install/lib/python3.5/site-packages/ament_tools/helper.py
/home/aust/ros2_ws/install/lib/python3.5/site-packages/ament_tools/__init__.py
/home/aust/ros2_ws/install/lib/python3.5/site-packages/ament_tools/topological_order.py
/home/aust/ros2_ws/install/lib/python3.5/site-packages/ament_tools/build_type.py
/home/aust/ros2_ws/install/lib/python3.5/site-packages/test/unit/test_helper.py
/home/aust/ros2_ws/install/lib/python3.5/site-packages/test/unit/test_context.py
/home/aust/ros2_ws/install/lib/python3.5/site-packages/test/unit/__init__.py
/home/aust/ros2_ws/install/lib/python3.5/site-packages/ament_tools/package_types/ament.py
/home/aust/ros2_ws/install/lib/python3.5/site-packages/ament_tools/package_types/cmake.py
/home/aust/ros2_ws/install/lib/python3.5/site-packages/ament_tools/package_types/__init__.py
/home/aust/ros2_ws/install/lib/python3.5/site-packages/ament_tools/package_types/python.py
/home/aust/ros2_ws/install/lib/python3.5/site-packages/ament_tools/build_types/cmake.py
/home/aust/ros2_ws/install/lib/python3.5/site-packages/ament_tools/build_types/ament_python.py
/home/aust/ros2_ws/install/lib/python3.5/site-packages/ament_tools/build_types/ament_cmake.py
/home/aust/ros2_ws/install/lib/python3.5/site-packages/ament_tools/build_types/common.py
/home/aust/ros2_ws/install/lib/python3.5/site-packages/ament_tools/build_types/__init__.py
/home/aust/ros2_ws/install/lib/python3.5/site-packages/ament_tools/build_types/cmake_common.py
/home/aust/ros2_ws/install/lib/python3.5/site-packages/ament_tools/commands/ament.py
/home/aust/ros2_ws/install/lib/python3.5/site-packages/ament_tools/commands/__init__.py
/home/aust/ros2_ws/install/lib/python3.5/site-packages/ament_tools/verbs/list_packages.py
/home/aust/ros2_ws/install/lib/python3.5/site-packages/ament_tools/verbs/__init__.py
/home/aust/ros2_ws/install/lib/python3.5/site-packages/ament_tools/verbs/package_version.py
/home/aust/ros2_ws/install/lib/python3.5/site-packages/ament_tools/verbs/list_dependencies.py
/home/aust/ros2_ws/install/lib/python3.5/site-packages/ament_tools/verbs/package_name.py
/home/aust/ros2_ws/install/lib/python3.5/site-packages/ament_tools/verbs/uninstall_pkg/cli.py
/home/aust/ros2_ws/install/lib/python3.5/site-packages/ament_tools/verbs/uninstall_pkg/__init__.py
/home/aust/ros2_ws/install/lib/python3.5/site-packages/ament_tools/verbs/build_pkg/cli.py
/home/aust/ros2_ws/install/lib/python3.5/site-packages/ament_tools/verbs/build_pkg/__init__.py
/home/aust/ros2_ws/install/lib/python3.5/site-packages/ament_tools/verbs/test/cli.py
/home/aust/ros2_ws/install/lib/python3.5/site-packages/ament_tools/verbs/test/__init__.py
/home/aust/ros2_ws/install/lib/python3.5/site-packages/ament_tools/verbs/test_pkg/cli.py
/home/aust/ros2_ws/install/lib/python3.5/site-packages/ament_tools/verbs/test_pkg/__init__.py
/home/aust/ros2_ws/install/lib/python3.5/site-packages/ament_tools/verbs/build/cli.py
/home/aust/ros2_ws/install/lib/python3.5/site-packages/ament_tools/verbs/build/__init__.py
/home/aust/ros2_ws/install/lib/python3.5/site-packages/ament_tools/verbs/uninstall/cli.py
/home/aust/ros2_ws/install/lib/python3.5/site-packages/ament_tools/verbs/uninstall/__init__.py
/home/aust/ros2_ws/install/lib/python3.5/site-packages/ament_tools/verbs/test_results/cli.py
/home/aust/ros2_ws/install/lib/python3.5/site-packages/ament_tools/verbs/test_results/__init__.py
/home/aust/ros2_ws/install/lib/python3.5/site-packages/ament_tools/__pycache__/setup_arguments.cpython-35.pyc
/home/aust/ros2_ws/install/lib/python3.5/site-packages/ament_tools/__pycache__/context.cpython-35.pyc
/home/aust/ros2_ws/install/lib/python3.5/site-packages/ament_tools/__pycache__/packages.cpython-35.pyc
/home/aust/ros2_ws/install/lib/python3.5/site-packages/ament_tools/__pycache__/build_type_discovery.cpython-35.pyc
/home/aust/ros2_ws/install/lib/python3.5/site-packages/ament_tools/__pycache__/helper.cpython-35.pyc
/home/aust/ros2_ws/install/lib/python3.5/site-packages/ament_tools/__pycache__/__init__.cpython-35.pyc
/home/aust/ros2_ws/install/lib/python3.5/site-packages/ament_tools/__pycache__/topological_order.cpython-35.pyc
/home/aust/ros2_ws/install/lib/python3.5/site-packages/ament_tools/__pycache__/build_type.cpython-35.pyc
/home/aust/ros2_ws/install/lib/python3.5/site-packages/test/unit/__pycache__/test_helper.cpython-35.pyc
/home/aust/ros2_ws/install/lib/python3.5/site-packages/test/unit/__pycache__/test_context.cpython-35.pyc
/home/aust/ros2_ws/install/lib/python3.5/site-packages/test/unit/__pycache__/__init__.cpython-35.pyc
/home/aust/ros2_ws/install/lib/python3.5/site-packages/ament_tools/package_types/__pycache__/ament.cpython-35.pyc
/home/aust/ros2_ws/install/lib/python3.5/site-packages/ament_tools/package_types/__pycache__/cmake.cpython-35.pyc
/home/aust/ros2_ws/install/lib/python3.5/site-packages/ament_tools/package_types/__pycache__/__init__.cpython-35.pyc
/home/aust/ros2_ws/install/lib/python3.5/site-packages/ament_tools/package_types/__pycache__/python.cpython-35.pyc
/home/aust/ros2_ws/install/lib/python3.5/site-packages/ament_tools/build_types/__pycache__/cmake.cpython-35.pyc
/home/aust/ros2_ws/install/lib/python3.5/site-packages/ament_tools/build_types/__pycache__/ament_python.cpython-35.pyc
/home/aust/ros2_ws/install/lib/python3.5/site-packages/ament_tools/build_types/__pycache__/ament_cmake.cpython-35.pyc
/home/aust/ros2_ws/install/lib/python3.5/site-packages/ament_tools/build_types/__pycache__/common.cpython-35.pyc
/home/aust/ros2_ws/install/lib/python3.5/site-packages/ament_tools/build_types/__pycache__/__init__.cpython-35.pyc
/home/aust/ros2_ws/install/lib/python3.5/site-packages/ament_tools/build_types/__pycache__/cmake_common.cpython-35.pyc
/home/aust/ros2_ws/install/lib/python3.5/site-packages/ament_tools/commands/__pycache__/ament.cpython-35.pyc
/home/aust/ros2_ws/install/lib/python3.5/site-packages/ament_tools/commands/__pycache__/__init__.cpython-35.pyc
/home/aust/ros2_ws/install/lib/python3.5/site-packages/ament_tools/verbs/__pycache__/list_packages.cpython-35.pyc
/home/aust/ros2_ws/install/lib/python3.5/site-packages/ament_tools/verbs/__pycache__/__init__.cpython-35.pyc
/home/aust/ros2_ws/install/lib/python3.5/site-packages/ament_tools/verbs/__pycache__/package_version.cpython-35.pyc
/home/aust/ros2_ws/install/lib/python3.5/site-packages/ament_tools/verbs/__pycache__/list_dependencies.cpython-35.pyc
/home/aust/ros2_ws/install/lib/python3.5/site-packages/ament_tools/verbs/__pycache__/package_name.cpython-35.pyc
/home/aust/ros2_ws/install/lib/python3.5/site-packages/ament_tools/verbs/uninstall_pkg/__pycache__/cli.cpython-35.pyc
/home/aust/ros2_ws/install/lib/python3.5/site-packages/ament_tools/verbs/uninstall_pkg/__pycache__/__init__.cpython-35.pyc
/home/aust/ros2_ws/install/lib/python3.5/site-packages/ament_tools/verbs/build_pkg/__pycache__/cli.cpython-35.pyc
/home/aust/ros2_ws/install/lib/python3.5/site-packages/ament_tools/verbs/build_pkg/__pycache__/__init__.cpython-35.pyc
/home/aust/ros2_ws/install/lib/python3.5/site-packages/ament_tools/verbs/test/__pycache__/cli.cpython-35.pyc
/home/aust/ros2_ws/install/lib/python3.5/site-packages/ament_tools/verbs/test/__pycache__/__init__.cpython-35.pyc
/home/aust/ros2_ws/install/lib/python3.5/site-packages/ament_tools/verbs/test_pkg/__pycache__/cli.cpython-35.pyc
/home/aust/ros2_ws/install/lib/python3.5/site-packages/ament_tools/verbs/test_pkg/__pycache__/__init__.cpython-35.pyc
/home/aust/ros2_ws/install/lib/python3.5/site-packages/ament_tools/verbs/build/__pycache__/cli.cpython-35.pyc
/home/aust/ros2_ws/install/lib/python3.5/site-packages/ament_tools/verbs/build/__pycache__/__init__.cpython-35.pyc
/home/aust/ros2_ws/install/lib/python3.5/site-packages/ament_tools/verbs/uninstall/__pycache__/cli.cpython-35.pyc
/home/aust/ros2_ws/install/lib/python3.5/site-packages/ament_tools/verbs/uninstall/__pycache__/__init__.cpython-35.pyc
/home/aust/ros2_ws/install/lib/python3.5/site-packages/ament_tools/verbs/test_results/__pycache__/cli.cpython-35.pyc
/home/aust/ros2_ws/install/lib/python3.5/site-packages/ament_tools/verbs/test_results/__pycache__/__init__.cpython-35.pyc
/home/aust/ros2_ws/install/share/ament_tools/environment/ament-completion.bash
/home/aust/ros2_ws/install/share/ament_tools/environment/ament-completion.zsh
/home/aust/ros2_ws/install/lib/python3.5/site-packages/ament_tools-0.0.0-py3.5.egg-info/entry_points.txt
/home/aust/ros2_ws/install/lib/python3.5/site-packages/ament_tools-0.0.0-py3.5.egg-info/requires.txt
/home/aust/ros2_ws/install/lib/python3.5/site-packages/ament_tools-0.0.0-py3.5.egg-info/top_level.txt
/home/aust/ros2_ws/install/lib/python3.5/site-packages/ament_tools-0.0.0-py3.5.egg-info/dependency_links.txt
/home/aust/ros2_ws/install/lib/python3.5/site-packages/ament_tools-0.0.0-py3.5.egg-info/PKG-INFO
/home/aust/ros2_ws/install/lib/python3.5/site-packages/ament_tools-0.0.0-py3.5.egg-info/SOURCES.txt
/home/aust/ros2_ws/install/bin/ament
