The system is: Linux - 4.10.0-27-generic - x86_64
Compiling the C compiler identification source file "CMakeCCompilerId.c" succeeded.
Compiler: /usr/lib/ccache/cc 
Build flags: 
Id flags: 

The output was:
0


Compilation of the C compiler identification source "CMakeCCompilerId.c" produced "a.out"

The C compiler identification is GNU, found in "/home/aust/ros2_ws/build/ceres_solver/CMakeFiles/3.5.1/CompilerIdC/a.out"

Compiling the CXX compiler identification source file "CMakeCXXCompilerId.cpp" succeeded.
Compiler: /usr/lib/ccache/c++ 
Build flags: 
Id flags: 

The output was:
0


Compilation of the CXX compiler identification source "CMakeCXXCompilerId.cpp" produced "a.out"

The CXX compiler identification is GNU, found in "/home/aust/ros2_ws/build/ceres_solver/CMakeFiles/3.5.1/CompilerIdCXX/a.out"

Determining if the C compiler works passed with the following output:
Change Dir: /home/aust/ros2_ws/build/ceres_solver/CMakeFiles/CMakeTmp

Run Build Command:"/usr/bin/make" "cmTC_9aaf5/fast"
/usr/bin/make -f CMakeFiles/cmTC_9aaf5.dir/build.make CMakeFiles/cmTC_9aaf5.dir/build
make[1]: Entering directory '/home/aust/ros2_ws/build/ceres_solver/CMakeFiles/CMakeTmp'
Building C object CMakeFiles/cmTC_9aaf5.dir/testCCompiler.c.o
/usr/lib/ccache/cc     -o CMakeFiles/cmTC_9aaf5.dir/testCCompiler.c.o   -c /home/aust/ros2_ws/build/ceres_solver/CMakeFiles/CMakeTmp/testCCompiler.c
Linking C executable cmTC_9aaf5
/usr/bin/cmake -E cmake_link_script CMakeFiles/cmTC_9aaf5.dir/link.txt --verbose=1
/usr/lib/ccache/cc       CMakeFiles/cmTC_9aaf5.dir/testCCompiler.c.o  -o cmTC_9aaf5 -rdynamic 
make[1]: Leaving directory '/home/aust/ros2_ws/build/ceres_solver/CMakeFiles/CMakeTmp'


Detecting C compiler ABI info compiled with the following output:
Change Dir: /home/aust/ros2_ws/build/ceres_solver/CMakeFiles/CMakeTmp

Run Build Command:"/usr/bin/make" "cmTC_70afb/fast"
/usr/bin/make -f CMakeFiles/cmTC_70afb.dir/build.make CMakeFiles/cmTC_70afb.dir/build
make[1]: Entering directory '/home/aust/ros2_ws/build/ceres_solver/CMakeFiles/CMakeTmp'
Building C object CMakeFiles/cmTC_70afb.dir/CMakeCCompilerABI.c.o
/usr/lib/ccache/cc     -o CMakeFiles/cmTC_70afb.dir/CMakeCCompilerABI.c.o   -c /usr/share/cmake-3.5/Modules/CMakeCCompilerABI.c
Linking C executable cmTC_70afb
/usr/bin/cmake -E cmake_link_script CMakeFiles/cmTC_70afb.dir/link.txt --verbose=1
/usr/lib/ccache/cc      -v CMakeFiles/cmTC_70afb.dir/CMakeCCompilerABI.c.o  -o cmTC_70afb -rdynamic  
Using built-in specs.
COLLECT_GCC=/usr/bin/cc
COLLECT_LTO_WRAPPER=/usr/lib/gcc/x86_64-linux-gnu/5/lto-wrapper
Target: x86_64-linux-gnu
Configured with: ../src/configure -v --with-pkgversion='Ubuntu 5.4.0-6ubuntu1~16.04.4' --with-bugurl=file:///usr/share/doc/gcc-5/README.Bugs --enable-languages=c,ada,c++,java,go,d,fortran,objc,obj-c++ --prefix=/usr --program-suffix=-5 --enable-shared --enable-linker-build-id --libexecdir=/usr/lib --without-included-gettext --enable-threads=posix --libdir=/usr/lib --enable-nls --with-sysroot=/ --enable-clocale=gnu --enable-libstdcxx-debug --enable-libstdcxx-time=yes --with-default-libstdcxx-abi=new --enable-gnu-unique-object --disable-vtable-verify --enable-libmpx --enable-plugin --with-system-zlib --disable-browser-plugin --enable-java-awt=gtk --enable-gtk-cairo --with-java-home=/usr/lib/jvm/java-1.5.0-gcj-5-amd64/jre --enable-java-home --with-jvm-root-dir=/usr/lib/jvm/java-1.5.0-gcj-5-amd64 --with-jvm-jar-dir=/usr/lib/jvm-exports/java-1.5.0-gcj-5-amd64 --with-arch-directory=amd64 --with-ecj-jar=/usr/share/java/eclipse-ecj.jar --enable-objc-gc --enable-multiarch --disable-werror --with-arch-32=i686 --with-abi=m64 --with-multilib-list=m32,m64,mx32 --enable-multilib --with-tune=generic --enable-checking=release --build=x86_64-linux-gnu --host=x86_64-linux-gnu --target=x86_64-linux-gnu
Thread model: posix
gcc version 5.4.0 20160609 (Ubuntu 5.4.0-6ubuntu1~16.04.4) 
COMPILER_PATH=/usr/lib/gcc/x86_64-linux-gnu/5/:/usr/lib/gcc/x86_64-linux-gnu/5/:/usr/lib/gcc/x86_64-linux-gnu/:/usr/lib/gcc/x86_64-linux-gnu/5/:/usr/lib/gcc/x86_64-linux-gnu/
LIBRARY_PATH=/usr/lib/gcc/x86_64-linux-gnu/5/:/usr/lib/gcc/x86_64-linux-gnu/5/../../../x86_64-linux-gnu/:/usr/lib/gcc/x86_64-linux-gnu/5/../../../../lib/:/lib/x86_64-linux-gnu/:/lib/../lib/:/usr/lib/x86_64-linux-gnu/:/usr/lib/../lib/:/usr/lib/gcc/x86_64-linux-gnu/5/../../../:/lib/:/usr/lib/
COLLECT_GCC_OPTIONS='-v' '-o' 'cmTC_70afb' '-rdynamic' '-mtune=generic' '-march=x86-64'
 /usr/lib/gcc/x86_64-linux-gnu/5/collect2 -plugin /usr/lib/gcc/x86_64-linux-gnu/5/liblto_plugin.so -plugin-opt=/usr/lib/gcc/x86_64-linux-gnu/5/lto-wrapper -plugin-opt=-fresolution=/tmp/ccPBbfP1.res -plugin-opt=-pass-through=-lgcc -plugin-opt=-pass-through=-lgcc_s -plugin-opt=-pass-through=-lc -plugin-opt=-pass-through=-lgcc -plugin-opt=-pass-through=-lgcc_s --sysroot=/ --build-id --eh-frame-hdr -m elf_x86_64 --hash-style=gnu --as-needed -export-dynamic -dynamic-linker /lib64/ld-linux-x86-64.so.2 -z relro -o cmTC_70afb /usr/lib/gcc/x86_64-linux-gnu/5/../../../x86_64-linux-gnu/crt1.o /usr/lib/gcc/x86_64-linux-gnu/5/../../../x86_64-linux-gnu/crti.o /usr/lib/gcc/x86_64-linux-gnu/5/crtbegin.o -L/usr/lib/gcc/x86_64-linux-gnu/5 -L/usr/lib/gcc/x86_64-linux-gnu/5/../../../x86_64-linux-gnu -L/usr/lib/gcc/x86_64-linux-gnu/5/../../../../lib -L/lib/x86_64-linux-gnu -L/lib/../lib -L/usr/lib/x86_64-linux-gnu -L/usr/lib/../lib -L/usr/lib/gcc/x86_64-linux-gnu/5/../../.. CMakeFiles/cmTC_70afb.dir/CMakeCCompilerABI.c.o -lgcc --as-needed -lgcc_s --no-as-needed -lc -lgcc --as-needed -lgcc_s --no-as-needed /usr/lib/gcc/x86_64-linux-gnu/5/crtend.o /usr/lib/gcc/x86_64-linux-gnu/5/../../../x86_64-linux-gnu/crtn.o
make[1]: Leaving directory '/home/aust/ros2_ws/build/ceres_solver/CMakeFiles/CMakeTmp'


Parsed C implicit link information from above output:
  link line regex: [^( *|.*[/\])(ld|([^/\]+-)?ld|collect2)[^/\]*( |$)]
  ignore line: [Change Dir: /home/aust/ros2_ws/build/ceres_solver/CMakeFiles/CMakeTmp]
  ignore line: []
  ignore line: [Run Build Command:"/usr/bin/make" "cmTC_70afb/fast"]
  ignore line: [/usr/bin/make -f CMakeFiles/cmTC_70afb.dir/build.make CMakeFiles/cmTC_70afb.dir/build]
  ignore line: [make[1]: Entering directory '/home/aust/ros2_ws/build/ceres_solver/CMakeFiles/CMakeTmp']
  ignore line: [Building C object CMakeFiles/cmTC_70afb.dir/CMakeCCompilerABI.c.o]
  ignore line: [/usr/lib/ccache/cc     -o CMakeFiles/cmTC_70afb.dir/CMakeCCompilerABI.c.o   -c /usr/share/cmake-3.5/Modules/CMakeCCompilerABI.c]
  ignore line: [Linking C executable cmTC_70afb]
  ignore line: [/usr/bin/cmake -E cmake_link_script CMakeFiles/cmTC_70afb.dir/link.txt --verbose=1]
  ignore line: [/usr/lib/ccache/cc      -v CMakeFiles/cmTC_70afb.dir/CMakeCCompilerABI.c.o  -o cmTC_70afb -rdynamic  ]
  ignore line: [Using built-in specs.]
  ignore line: [COLLECT_GCC=/usr/bin/cc]
  ignore line: [COLLECT_LTO_WRAPPER=/usr/lib/gcc/x86_64-linux-gnu/5/lto-wrapper]
  ignore line: [Target: x86_64-linux-gnu]
  ignore line: [Configured with: ../src/configure -v --with-pkgversion='Ubuntu 5.4.0-6ubuntu1~16.04.4' --with-bugurl=file:///usr/share/doc/gcc-5/README.Bugs --enable-languages=c,ada,c++,java,go,d,fortran,objc,obj-c++ --prefix=/usr --program-suffix=-5 --enable-shared --enable-linker-build-id --libexecdir=/usr/lib --without-included-gettext --enable-threads=posix --libdir=/usr/lib --enable-nls --with-sysroot=/ --enable-clocale=gnu --enable-libstdcxx-debug --enable-libstdcxx-time=yes --with-default-libstdcxx-abi=new --enable-gnu-unique-object --disable-vtable-verify --enable-libmpx --enable-plugin --with-system-zlib --disable-browser-plugin --enable-java-awt=gtk --enable-gtk-cairo --with-java-home=/usr/lib/jvm/java-1.5.0-gcj-5-amd64/jre --enable-java-home --with-jvm-root-dir=/usr/lib/jvm/java-1.5.0-gcj-5-amd64 --with-jvm-jar-dir=/usr/lib/jvm-exports/java-1.5.0-gcj-5-amd64 --with-arch-directory=amd64 --with-ecj-jar=/usr/share/java/eclipse-ecj.jar --enable-objc-gc --enable-multiarch --disable-werror --with-arch-32=i686 --with-abi=m64 --with-multilib-list=m32,m64,mx32 --enable-multilib --with-tune=generic --enable-checking=release --build=x86_64-linux-gnu --host=x86_64-linux-gnu --target=x86_64-linux-gnu]
  ignore line: [Thread model: posix]
  ignore line: [gcc version 5.4.0 20160609 (Ubuntu 5.4.0-6ubuntu1~16.04.4) ]
  ignore line: [COMPILER_PATH=/usr/lib/gcc/x86_64-linux-gnu/5/:/usr/lib/gcc/x86_64-linux-gnu/5/:/usr/lib/gcc/x86_64-linux-gnu/:/usr/lib/gcc/x86_64-linux-gnu/5/:/usr/lib/gcc/x86_64-linux-gnu/]
  ignore line: [LIBRARY_PATH=/usr/lib/gcc/x86_64-linux-gnu/5/:/usr/lib/gcc/x86_64-linux-gnu/5/../../../x86_64-linux-gnu/:/usr/lib/gcc/x86_64-linux-gnu/5/../../../../lib/:/lib/x86_64-linux-gnu/:/lib/../lib/:/usr/lib/x86_64-linux-gnu/:/usr/lib/../lib/:/usr/lib/gcc/x86_64-linux-gnu/5/../../../:/lib/:/usr/lib/]
  ignore line: [COLLECT_GCC_OPTIONS='-v' '-o' 'cmTC_70afb' '-rdynamic' '-mtune=generic' '-march=x86-64']
  link line: [ /usr/lib/gcc/x86_64-linux-gnu/5/collect2 -plugin /usr/lib/gcc/x86_64-linux-gnu/5/liblto_plugin.so -plugin-opt=/usr/lib/gcc/x86_64-linux-gnu/5/lto-wrapper -plugin-opt=-fresolution=/tmp/ccPBbfP1.res -plugin-opt=-pass-through=-lgcc -plugin-opt=-pass-through=-lgcc_s -plugin-opt=-pass-through=-lc -plugin-opt=-pass-through=-lgcc -plugin-opt=-pass-through=-lgcc_s --sysroot=/ --build-id --eh-frame-hdr -m elf_x86_64 --hash-style=gnu --as-needed -export-dynamic -dynamic-linker /lib64/ld-linux-x86-64.so.2 -z relro -o cmTC_70afb /usr/lib/gcc/x86_64-linux-gnu/5/../../../x86_64-linux-gnu/crt1.o /usr/lib/gcc/x86_64-linux-gnu/5/../../../x86_64-linux-gnu/crti.o /usr/lib/gcc/x86_64-linux-gnu/5/crtbegin.o -L/usr/lib/gcc/x86_64-linux-gnu/5 -L/usr/lib/gcc/x86_64-linux-gnu/5/../../../x86_64-linux-gnu -L/usr/lib/gcc/x86_64-linux-gnu/5/../../../../lib -L/lib/x86_64-linux-gnu -L/lib/../lib -L/usr/lib/x86_64-linux-gnu -L/usr/lib/../lib -L/usr/lib/gcc/x86_64-linux-gnu/5/../../.. CMakeFiles/cmTC_70afb.dir/CMakeCCompilerABI.c.o -lgcc --as-needed -lgcc_s --no-as-needed -lc -lgcc --as-needed -lgcc_s --no-as-needed /usr/lib/gcc/x86_64-linux-gnu/5/crtend.o /usr/lib/gcc/x86_64-linux-gnu/5/../../../x86_64-linux-gnu/crtn.o]
    arg [/usr/lib/gcc/x86_64-linux-gnu/5/collect2] ==> ignore
    arg [-plugin] ==> ignore
    arg [/usr/lib/gcc/x86_64-linux-gnu/5/liblto_plugin.so] ==> ignore
    arg [-plugin-opt=/usr/lib/gcc/x86_64-linux-gnu/5/lto-wrapper] ==> ignore
    arg [-plugin-opt=-fresolution=/tmp/ccPBbfP1.res] ==> ignore
    arg [-plugin-opt=-pass-through=-lgcc] ==> ignore
    arg [-plugin-opt=-pass-through=-lgcc_s] ==> ignore
    arg [-plugin-opt=-pass-through=-lc] ==> ignore
    arg [-plugin-opt=-pass-through=-lgcc] ==> ignore
    arg [-plugin-opt=-pass-through=-lgcc_s] ==> ignore
    arg [--sysroot=/] ==> ignore
    arg [--build-id] ==> ignore
    arg [--eh-frame-hdr] ==> ignore
    arg [-m] ==> ignore
    arg [elf_x86_64] ==> ignore
    arg [--hash-style=gnu] ==> ignore
    arg [--as-needed] ==> ignore
    arg [-export-dynamic] ==> ignore
    arg [-dynamic-linker] ==> ignore
    arg [/lib64/ld-linux-x86-64.so.2] ==> ignore
    arg [-zrelro] ==> ignore
    arg [-o] ==> ignore
    arg [cmTC_70afb] ==> ignore
    arg [/usr/lib/gcc/x86_64-linux-gnu/5/../../../x86_64-linux-gnu/crt1.o] ==> ignore
    arg [/usr/lib/gcc/x86_64-linux-gnu/5/../../../x86_64-linux-gnu/crti.o] ==> ignore
    arg [/usr/lib/gcc/x86_64-linux-gnu/5/crtbegin.o] ==> ignore
    arg [-L/usr/lib/gcc/x86_64-linux-gnu/5] ==> dir [/usr/lib/gcc/x86_64-linux-gnu/5]
    arg [-L/usr/lib/gcc/x86_64-linux-gnu/5/../../../x86_64-linux-gnu] ==> dir [/usr/lib/gcc/x86_64-linux-gnu/5/../../../x86_64-linux-gnu]
    arg [-L/usr/lib/gcc/x86_64-linux-gnu/5/../../../../lib] ==> dir [/usr/lib/gcc/x86_64-linux-gnu/5/../../../../lib]
    arg [-L/lib/x86_64-linux-gnu] ==> dir [/lib/x86_64-linux-gnu]
    arg [-L/lib/../lib] ==> dir [/lib/../lib]
    arg [-L/usr/lib/x86_64-linux-gnu] ==> dir [/usr/lib/x86_64-linux-gnu]
    arg [-L/usr/lib/../lib] ==> dir [/usr/lib/../lib]
    arg [-L/usr/lib/gcc/x86_64-linux-gnu/5/../../..] ==> dir [/usr/lib/gcc/x86_64-linux-gnu/5/../../..]
    arg [CMakeFiles/cmTC_70afb.dir/CMakeCCompilerABI.c.o] ==> ignore
    arg [-lgcc] ==> lib [gcc]
    arg [--as-needed] ==> ignore
    arg [-lgcc_s] ==> lib [gcc_s]
    arg [--no-as-needed] ==> ignore
    arg [-lc] ==> lib [c]
    arg [-lgcc] ==> lib [gcc]
    arg [--as-needed] ==> ignore
    arg [-lgcc_s] ==> lib [gcc_s]
    arg [--no-as-needed] ==> ignore
    arg [/usr/lib/gcc/x86_64-linux-gnu/5/crtend.o] ==> ignore
    arg [/usr/lib/gcc/x86_64-linux-gnu/5/../../../x86_64-linux-gnu/crtn.o] ==> ignore
  remove lib [gcc]
  remove lib [gcc_s]
  remove lib [gcc]
  remove lib [gcc_s]
  collapse library dir [/usr/lib/gcc/x86_64-linux-gnu/5] ==> [/usr/lib/gcc/x86_64-linux-gnu/5]
  collapse library dir [/usr/lib/gcc/x86_64-linux-gnu/5/../../../x86_64-linux-gnu] ==> [/usr/lib/x86_64-linux-gnu]
  collapse library dir [/usr/lib/gcc/x86_64-linux-gnu/5/../../../../lib] ==> [/usr/lib]
  collapse library dir [/lib/x86_64-linux-gnu] ==> [/lib/x86_64-linux-gnu]
  collapse library dir [/lib/../lib] ==> [/lib]
  collapse library dir [/usr/lib/x86_64-linux-gnu] ==> [/usr/lib/x86_64-linux-gnu]
  collapse library dir [/usr/lib/../lib] ==> [/usr/lib]
  collapse library dir [/usr/lib/gcc/x86_64-linux-gnu/5/../../..] ==> [/usr/lib]
  implicit libs: [c]
  implicit dirs: [/usr/lib/gcc/x86_64-linux-gnu/5;/usr/lib/x86_64-linux-gnu;/usr/lib;/lib/x86_64-linux-gnu;/lib]
  implicit fwks: []




Detecting C [-std=c11] compiler features compiled with the following output:
Change Dir: /home/aust/ros2_ws/build/ceres_solver/CMakeFiles/CMakeTmp

Run Build Command:"/usr/bin/make" "cmTC_d2168/fast"
/usr/bin/make -f CMakeFiles/cmTC_d2168.dir/build.make CMakeFiles/cmTC_d2168.dir/build
make[1]: Entering directory '/home/aust/ros2_ws/build/ceres_solver/CMakeFiles/CMakeTmp'
Building C object CMakeFiles/cmTC_d2168.dir/feature_tests.c.o
/usr/lib/ccache/cc    -std=c11 -o CMakeFiles/cmTC_d2168.dir/feature_tests.c.o   -c /home/aust/ros2_ws/build/ceres_solver/CMakeFiles/feature_tests.c
Linking C executable cmTC_d2168
/usr/bin/cmake -E cmake_link_script CMakeFiles/cmTC_d2168.dir/link.txt --verbose=1
/usr/lib/ccache/cc       CMakeFiles/cmTC_d2168.dir/feature_tests.c.o  -o cmTC_d2168 -rdynamic 
make[1]: Leaving directory '/home/aust/ros2_ws/build/ceres_solver/CMakeFiles/CMakeTmp'


    Feature record: C_FEATURE:1c_function_prototypes
    Feature record: C_FEATURE:1c_restrict
    Feature record: C_FEATURE:1c_static_assert
    Feature record: C_FEATURE:1c_variadic_macros


Detecting C [-std=c99] compiler features compiled with the following output:
Change Dir: /home/aust/ros2_ws/build/ceres_solver/CMakeFiles/CMakeTmp

Run Build Command:"/usr/bin/make" "cmTC_90b4f/fast"
/usr/bin/make -f CMakeFiles/cmTC_90b4f.dir/build.make CMakeFiles/cmTC_90b4f.dir/build
make[1]: Entering directory '/home/aust/ros2_ws/build/ceres_solver/CMakeFiles/CMakeTmp'
Building C object CMakeFiles/cmTC_90b4f.dir/feature_tests.c.o
/usr/lib/ccache/cc    -std=c99 -o CMakeFiles/cmTC_90b4f.dir/feature_tests.c.o   -c /home/aust/ros2_ws/build/ceres_solver/CMakeFiles/feature_tests.c
Linking C executable cmTC_90b4f
/usr/bin/cmake -E cmake_link_script CMakeFiles/cmTC_90b4f.dir/link.txt --verbose=1
/usr/lib/ccache/cc       CMakeFiles/cmTC_90b4f.dir/feature_tests.c.o  -o cmTC_90b4f -rdynamic 
make[1]: Leaving directory '/home/aust/ros2_ws/build/ceres_solver/CMakeFiles/CMakeTmp'


    Feature record: C_FEATURE:1c_function_prototypes
    Feature record: C_FEATURE:1c_restrict
    Feature record: C_FEATURE:0c_static_assert
    Feature record: C_FEATURE:1c_variadic_macros


Detecting C [-std=c90] compiler features compiled with the following output:
Change Dir: /home/aust/ros2_ws/build/ceres_solver/CMakeFiles/CMakeTmp

Run Build Command:"/usr/bin/make" "cmTC_6c68e/fast"
/usr/bin/make -f CMakeFiles/cmTC_6c68e.dir/build.make CMakeFiles/cmTC_6c68e.dir/build
make[1]: Entering directory '/home/aust/ros2_ws/build/ceres_solver/CMakeFiles/CMakeTmp'
Building C object CMakeFiles/cmTC_6c68e.dir/feature_tests.c.o
/usr/lib/ccache/cc    -std=c90 -o CMakeFiles/cmTC_6c68e.dir/feature_tests.c.o   -c /home/aust/ros2_ws/build/ceres_solver/CMakeFiles/feature_tests.c
Linking C executable cmTC_6c68e
/usr/bin/cmake -E cmake_link_script CMakeFiles/cmTC_6c68e.dir/link.txt --verbose=1
/usr/lib/ccache/cc       CMakeFiles/cmTC_6c68e.dir/feature_tests.c.o  -o cmTC_6c68e -rdynamic 
make[1]: Leaving directory '/home/aust/ros2_ws/build/ceres_solver/CMakeFiles/CMakeTmp'


    Feature record: C_FEATURE:1c_function_prototypes
    Feature record: C_FEATURE:0c_restrict
    Feature record: C_FEATURE:0c_static_assert
    Feature record: C_FEATURE:0c_variadic_macros
Determining if the CXX compiler works passed with the following output:
Change Dir: /home/aust/ros2_ws/build/ceres_solver/CMakeFiles/CMakeTmp

Run Build Command:"/usr/bin/make" "cmTC_be060/fast"
/usr/bin/make -f CMakeFiles/cmTC_be060.dir/build.make CMakeFiles/cmTC_be060.dir/build
make[1]: Entering directory '/home/aust/ros2_ws/build/ceres_solver/CMakeFiles/CMakeTmp'
Building CXX object CMakeFiles/cmTC_be060.dir/testCXXCompiler.cxx.o
/usr/lib/ccache/c++      -o CMakeFiles/cmTC_be060.dir/testCXXCompiler.cxx.o -c /home/aust/ros2_ws/build/ceres_solver/CMakeFiles/CMakeTmp/testCXXCompiler.cxx
Linking CXX executable cmTC_be060
/usr/bin/cmake -E cmake_link_script CMakeFiles/cmTC_be060.dir/link.txt --verbose=1
/usr/lib/ccache/c++        CMakeFiles/cmTC_be060.dir/testCXXCompiler.cxx.o  -o cmTC_be060 -rdynamic 
make[1]: Leaving directory '/home/aust/ros2_ws/build/ceres_solver/CMakeFiles/CMakeTmp'


Detecting CXX compiler ABI info compiled with the following output:
Change Dir: /home/aust/ros2_ws/build/ceres_solver/CMakeFiles/CMakeTmp

Run Build Command:"/usr/bin/make" "cmTC_a9d3d/fast"
/usr/bin/make -f CMakeFiles/cmTC_a9d3d.dir/build.make CMakeFiles/cmTC_a9d3d.dir/build
make[1]: Entering directory '/home/aust/ros2_ws/build/ceres_solver/CMakeFiles/CMakeTmp'
Building CXX object CMakeFiles/cmTC_a9d3d.dir/CMakeCXXCompilerABI.cpp.o
/usr/lib/ccache/c++      -o CMakeFiles/cmTC_a9d3d.dir/CMakeCXXCompilerABI.cpp.o -c /usr/share/cmake-3.5/Modules/CMakeCXXCompilerABI.cpp
Linking CXX executable cmTC_a9d3d
/usr/bin/cmake -E cmake_link_script CMakeFiles/cmTC_a9d3d.dir/link.txt --verbose=1
/usr/lib/ccache/c++       -v CMakeFiles/cmTC_a9d3d.dir/CMakeCXXCompilerABI.cpp.o  -o cmTC_a9d3d -rdynamic  
Using built-in specs.
COLLECT_GCC=/usr/bin/c++
COLLECT_LTO_WRAPPER=/usr/lib/gcc/x86_64-linux-gnu/5/lto-wrapper
Target: x86_64-linux-gnu
Configured with: ../src/configure -v --with-pkgversion='Ubuntu 5.4.0-6ubuntu1~16.04.4' --with-bugurl=file:///usr/share/doc/gcc-5/README.Bugs --enable-languages=c,ada,c++,java,go,d,fortran,objc,obj-c++ --prefix=/usr --program-suffix=-5 --enable-shared --enable-linker-build-id --libexecdir=/usr/lib --without-included-gettext --enable-threads=posix --libdir=/usr/lib --enable-nls --with-sysroot=/ --enable-clocale=gnu --enable-libstdcxx-debug --enable-libstdcxx-time=yes --with-default-libstdcxx-abi=new --enable-gnu-unique-object --disable-vtable-verify --enable-libmpx --enable-plugin --with-system-zlib --disable-browser-plugin --enable-java-awt=gtk --enable-gtk-cairo --with-java-home=/usr/lib/jvm/java-1.5.0-gcj-5-amd64/jre --enable-java-home --with-jvm-root-dir=/usr/lib/jvm/java-1.5.0-gcj-5-amd64 --with-jvm-jar-dir=/usr/lib/jvm-exports/java-1.5.0-gcj-5-amd64 --with-arch-directory=amd64 --with-ecj-jar=/usr/share/java/eclipse-ecj.jar --enable-objc-gc --enable-multiarch --disable-werror --with-arch-32=i686 --with-abi=m64 --with-multilib-list=m32,m64,mx32 --enable-multilib --with-tune=generic --enable-checking=release --build=x86_64-linux-gnu --host=x86_64-linux-gnu --target=x86_64-linux-gnu
Thread model: posix
gcc version 5.4.0 20160609 (Ubuntu 5.4.0-6ubuntu1~16.04.4) 
COMPILER_PATH=/usr/lib/gcc/x86_64-linux-gnu/5/:/usr/lib/gcc/x86_64-linux-gnu/5/:/usr/lib/gcc/x86_64-linux-gnu/:/usr/lib/gcc/x86_64-linux-gnu/5/:/usr/lib/gcc/x86_64-linux-gnu/
LIBRARY_PATH=/usr/lib/gcc/x86_64-linux-gnu/5/:/usr/lib/gcc/x86_64-linux-gnu/5/../../../x86_64-linux-gnu/:/usr/lib/gcc/x86_64-linux-gnu/5/../../../../lib/:/lib/x86_64-linux-gnu/:/lib/../lib/:/usr/lib/x86_64-linux-gnu/:/usr/lib/../lib/:/usr/lib/gcc/x86_64-linux-gnu/5/../../../:/lib/:/usr/lib/
COLLECT_GCC_OPTIONS='-v' '-o' 'cmTC_a9d3d' '-rdynamic' '-shared-libgcc' '-mtune=generic' '-march=x86-64'
 /usr/lib/gcc/x86_64-linux-gnu/5/collect2 -plugin /usr/lib/gcc/x86_64-linux-gnu/5/liblto_plugin.so -plugin-opt=/usr/lib/gcc/x86_64-linux-gnu/5/lto-wrapper -plugin-opt=-fresolution=/tmp/ccDpefsr.res -plugin-opt=-pass-through=-lgcc_s -plugin-opt=-pass-through=-lgcc -plugin-opt=-pass-through=-lc -plugin-opt=-pass-through=-lgcc_s -plugin-opt=-pass-through=-lgcc --sysroot=/ --build-id --eh-frame-hdr -m elf_x86_64 --hash-style=gnu --as-needed -export-dynamic -dynamic-linker /lib64/ld-linux-x86-64.so.2 -z relro -o cmTC_a9d3d /usr/lib/gcc/x86_64-linux-gnu/5/../../../x86_64-linux-gnu/crt1.o /usr/lib/gcc/x86_64-linux-gnu/5/../../../x86_64-linux-gnu/crti.o /usr/lib/gcc/x86_64-linux-gnu/5/crtbegin.o -L/usr/lib/gcc/x86_64-linux-gnu/5 -L/usr/lib/gcc/x86_64-linux-gnu/5/../../../x86_64-linux-gnu -L/usr/lib/gcc/x86_64-linux-gnu/5/../../../../lib -L/lib/x86_64-linux-gnu -L/lib/../lib -L/usr/lib/x86_64-linux-gnu -L/usr/lib/../lib -L/usr/lib/gcc/x86_64-linux-gnu/5/../../.. CMakeFiles/cmTC_a9d3d.dir/CMakeCXXCompilerABI.cpp.o -lstdc++ -lm -lgcc_s -lgcc -lc -lgcc_s -lgcc /usr/lib/gcc/x86_64-linux-gnu/5/crtend.o /usr/lib/gcc/x86_64-linux-gnu/5/../../../x86_64-linux-gnu/crtn.o
make[1]: Leaving directory '/home/aust/ros2_ws/build/ceres_solver/CMakeFiles/CMakeTmp'


Parsed CXX implicit link information from above output:
  link line regex: [^( *|.*[/\])(ld|([^/\]+-)?ld|collect2)[^/\]*( |$)]
  ignore line: [Change Dir: /home/aust/ros2_ws/build/ceres_solver/CMakeFiles/CMakeTmp]
  ignore line: []
  ignore line: [Run Build Command:"/usr/bin/make" "cmTC_a9d3d/fast"]
  ignore line: [/usr/bin/make -f CMakeFiles/cmTC_a9d3d.dir/build.make CMakeFiles/cmTC_a9d3d.dir/build]
  ignore line: [make[1]: Entering directory '/home/aust/ros2_ws/build/ceres_solver/CMakeFiles/CMakeTmp']
  ignore line: [Building CXX object CMakeFiles/cmTC_a9d3d.dir/CMakeCXXCompilerABI.cpp.o]
  ignore line: [/usr/lib/ccache/c++      -o CMakeFiles/cmTC_a9d3d.dir/CMakeCXXCompilerABI.cpp.o -c /usr/share/cmake-3.5/Modules/CMakeCXXCompilerABI.cpp]
  ignore line: [Linking CXX executable cmTC_a9d3d]
  ignore line: [/usr/bin/cmake -E cmake_link_script CMakeFiles/cmTC_a9d3d.dir/link.txt --verbose=1]
  ignore line: [/usr/lib/ccache/c++       -v CMakeFiles/cmTC_a9d3d.dir/CMakeCXXCompilerABI.cpp.o  -o cmTC_a9d3d -rdynamic  ]
  ignore line: [Using built-in specs.]
  ignore line: [COLLECT_GCC=/usr/bin/c++]
  ignore line: [COLLECT_LTO_WRAPPER=/usr/lib/gcc/x86_64-linux-gnu/5/lto-wrapper]
  ignore line: [Target: x86_64-linux-gnu]
  ignore line: [Configured with: ../src/configure -v --with-pkgversion='Ubuntu 5.4.0-6ubuntu1~16.04.4' --with-bugurl=file:///usr/share/doc/gcc-5/README.Bugs --enable-languages=c,ada,c++,java,go,d,fortran,objc,obj-c++ --prefix=/usr --program-suffix=-5 --enable-shared --enable-linker-build-id --libexecdir=/usr/lib --without-included-gettext --enable-threads=posix --libdir=/usr/lib --enable-nls --with-sysroot=/ --enable-clocale=gnu --enable-libstdcxx-debug --enable-libstdcxx-time=yes --with-default-libstdcxx-abi=new --enable-gnu-unique-object --disable-vtable-verify --enable-libmpx --enable-plugin --with-system-zlib --disable-browser-plugin --enable-java-awt=gtk --enable-gtk-cairo --with-java-home=/usr/lib/jvm/java-1.5.0-gcj-5-amd64/jre --enable-java-home --with-jvm-root-dir=/usr/lib/jvm/java-1.5.0-gcj-5-amd64 --with-jvm-jar-dir=/usr/lib/jvm-exports/java-1.5.0-gcj-5-amd64 --with-arch-directory=amd64 --with-ecj-jar=/usr/share/java/eclipse-ecj.jar --enable-objc-gc --enable-multiarch --disable-werror --with-arch-32=i686 --with-abi=m64 --with-multilib-list=m32,m64,mx32 --enable-multilib --with-tune=generic --enable-checking=release --build=x86_64-linux-gnu --host=x86_64-linux-gnu --target=x86_64-linux-gnu]
  ignore line: [Thread model: posix]
  ignore line: [gcc version 5.4.0 20160609 (Ubuntu 5.4.0-6ubuntu1~16.04.4) ]
  ignore line: [COMPILER_PATH=/usr/lib/gcc/x86_64-linux-gnu/5/:/usr/lib/gcc/x86_64-linux-gnu/5/:/usr/lib/gcc/x86_64-linux-gnu/:/usr/lib/gcc/x86_64-linux-gnu/5/:/usr/lib/gcc/x86_64-linux-gnu/]
  ignore line: [LIBRARY_PATH=/usr/lib/gcc/x86_64-linux-gnu/5/:/usr/lib/gcc/x86_64-linux-gnu/5/../../../x86_64-linux-gnu/:/usr/lib/gcc/x86_64-linux-gnu/5/../../../../lib/:/lib/x86_64-linux-gnu/:/lib/../lib/:/usr/lib/x86_64-linux-gnu/:/usr/lib/../lib/:/usr/lib/gcc/x86_64-linux-gnu/5/../../../:/lib/:/usr/lib/]
  ignore line: [COLLECT_GCC_OPTIONS='-v' '-o' 'cmTC_a9d3d' '-rdynamic' '-shared-libgcc' '-mtune=generic' '-march=x86-64']
  link line: [ /usr/lib/gcc/x86_64-linux-gnu/5/collect2 -plugin /usr/lib/gcc/x86_64-linux-gnu/5/liblto_plugin.so -plugin-opt=/usr/lib/gcc/x86_64-linux-gnu/5/lto-wrapper -plugin-opt=-fresolution=/tmp/ccDpefsr.res -plugin-opt=-pass-through=-lgcc_s -plugin-opt=-pass-through=-lgcc -plugin-opt=-pass-through=-lc -plugin-opt=-pass-through=-lgcc_s -plugin-opt=-pass-through=-lgcc --sysroot=/ --build-id --eh-frame-hdr -m elf_x86_64 --hash-style=gnu --as-needed -export-dynamic -dynamic-linker /lib64/ld-linux-x86-64.so.2 -z relro -o cmTC_a9d3d /usr/lib/gcc/x86_64-linux-gnu/5/../../../x86_64-linux-gnu/crt1.o /usr/lib/gcc/x86_64-linux-gnu/5/../../../x86_64-linux-gnu/crti.o /usr/lib/gcc/x86_64-linux-gnu/5/crtbegin.o -L/usr/lib/gcc/x86_64-linux-gnu/5 -L/usr/lib/gcc/x86_64-linux-gnu/5/../../../x86_64-linux-gnu -L/usr/lib/gcc/x86_64-linux-gnu/5/../../../../lib -L/lib/x86_64-linux-gnu -L/lib/../lib -L/usr/lib/x86_64-linux-gnu -L/usr/lib/../lib -L/usr/lib/gcc/x86_64-linux-gnu/5/../../.. CMakeFiles/cmTC_a9d3d.dir/CMakeCXXCompilerABI.cpp.o -lstdc++ -lm -lgcc_s -lgcc -lc -lgcc_s -lgcc /usr/lib/gcc/x86_64-linux-gnu/5/crtend.o /usr/lib/gcc/x86_64-linux-gnu/5/../../../x86_64-linux-gnu/crtn.o]
    arg [/usr/lib/gcc/x86_64-linux-gnu/5/collect2] ==> ignore
    arg [-plugin] ==> ignore
    arg [/usr/lib/gcc/x86_64-linux-gnu/5/liblto_plugin.so] ==> ignore
    arg [-plugin-opt=/usr/lib/gcc/x86_64-linux-gnu/5/lto-wrapper] ==> ignore
    arg [-plugin-opt=-fresolution=/tmp/ccDpefsr.res] ==> ignore
    arg [-plugin-opt=-pass-through=-lgcc_s] ==> ignore
    arg [-plugin-opt=-pass-through=-lgcc] ==> ignore
    arg [-plugin-opt=-pass-through=-lc] ==> ignore
    arg [-plugin-opt=-pass-through=-lgcc_s] ==> ignore
    arg [-plugin-opt=-pass-through=-lgcc] ==> ignore
    arg [--sysroot=/] ==> ignore
    arg [--build-id] ==> ignore
    arg [--eh-frame-hdr] ==> ignore
    arg [-m] ==> ignore
    arg [elf_x86_64] ==> ignore
    arg [--hash-style=gnu] ==> ignore
    arg [--as-needed] ==> ignore
    arg [-export-dynamic] ==> ignore
    arg [-dynamic-linker] ==> ignore
    arg [/lib64/ld-linux-x86-64.so.2] ==> ignore
    arg [-zrelro] ==> ignore
    arg [-o] ==> ignore
    arg [cmTC_a9d3d] ==> ignore
    arg [/usr/lib/gcc/x86_64-linux-gnu/5/../../../x86_64-linux-gnu/crt1.o] ==> ignore
    arg [/usr/lib/gcc/x86_64-linux-gnu/5/../../../x86_64-linux-gnu/crti.o] ==> ignore
    arg [/usr/lib/gcc/x86_64-linux-gnu/5/crtbegin.o] ==> ignore
    arg [-L/usr/lib/gcc/x86_64-linux-gnu/5] ==> dir [/usr/lib/gcc/x86_64-linux-gnu/5]
    arg [-L/usr/lib/gcc/x86_64-linux-gnu/5/../../../x86_64-linux-gnu] ==> dir [/usr/lib/gcc/x86_64-linux-gnu/5/../../../x86_64-linux-gnu]
    arg [-L/usr/lib/gcc/x86_64-linux-gnu/5/../../../../lib] ==> dir [/usr/lib/gcc/x86_64-linux-gnu/5/../../../../lib]
    arg [-L/lib/x86_64-linux-gnu] ==> dir [/lib/x86_64-linux-gnu]
    arg [-L/lib/../lib] ==> dir [/lib/../lib]
    arg [-L/usr/lib/x86_64-linux-gnu] ==> dir [/usr/lib/x86_64-linux-gnu]
    arg [-L/usr/lib/../lib] ==> dir [/usr/lib/../lib]
    arg [-L/usr/lib/gcc/x86_64-linux-gnu/5/../../..] ==> dir [/usr/lib/gcc/x86_64-linux-gnu/5/../../..]
    arg [CMakeFiles/cmTC_a9d3d.dir/CMakeCXXCompilerABI.cpp.o] ==> ignore
    arg [-lstdc++] ==> lib [stdc++]
    arg [-lm] ==> lib [m]
    arg [-lgcc_s] ==> lib [gcc_s]
    arg [-lgcc] ==> lib [gcc]
    arg [-lc] ==> lib [c]
    arg [-lgcc_s] ==> lib [gcc_s]
    arg [-lgcc] ==> lib [gcc]
    arg [/usr/lib/gcc/x86_64-linux-gnu/5/crtend.o] ==> ignore
    arg [/usr/lib/gcc/x86_64-linux-gnu/5/../../../x86_64-linux-gnu/crtn.o] ==> ignore
  remove lib [gcc_s]
  remove lib [gcc]
  remove lib [gcc_s]
  remove lib [gcc]
  collapse library dir [/usr/lib/gcc/x86_64-linux-gnu/5] ==> [/usr/lib/gcc/x86_64-linux-gnu/5]
  collapse library dir [/usr/lib/gcc/x86_64-linux-gnu/5/../../../x86_64-linux-gnu] ==> [/usr/lib/x86_64-linux-gnu]
  collapse library dir [/usr/lib/gcc/x86_64-linux-gnu/5/../../../../lib] ==> [/usr/lib]
  collapse library dir [/lib/x86_64-linux-gnu] ==> [/lib/x86_64-linux-gnu]
  collapse library dir [/lib/../lib] ==> [/lib]
  collapse library dir [/usr/lib/x86_64-linux-gnu] ==> [/usr/lib/x86_64-linux-gnu]
  collapse library dir [/usr/lib/../lib] ==> [/usr/lib]
  collapse library dir [/usr/lib/gcc/x86_64-linux-gnu/5/../../..] ==> [/usr/lib]
  implicit libs: [stdc++;m;c]
  implicit dirs: [/usr/lib/gcc/x86_64-linux-gnu/5;/usr/lib/x86_64-linux-gnu;/usr/lib;/lib/x86_64-linux-gnu;/lib]
  implicit fwks: []




Detecting CXX [-std=c++14] compiler features compiled with the following output:
Change Dir: /home/aust/ros2_ws/build/ceres_solver/CMakeFiles/CMakeTmp

Run Build Command:"/usr/bin/make" "cmTC_4d6ff/fast"
/usr/bin/make -f CMakeFiles/cmTC_4d6ff.dir/build.make CMakeFiles/cmTC_4d6ff.dir/build
make[1]: Entering directory '/home/aust/ros2_ws/build/ceres_solver/CMakeFiles/CMakeTmp'
Building CXX object CMakeFiles/cmTC_4d6ff.dir/feature_tests.cxx.o
/usr/lib/ccache/c++     -std=c++14 -o CMakeFiles/cmTC_4d6ff.dir/feature_tests.cxx.o -c /home/aust/ros2_ws/build/ceres_solver/CMakeFiles/feature_tests.cxx
Linking CXX executable cmTC_4d6ff
/usr/bin/cmake -E cmake_link_script CMakeFiles/cmTC_4d6ff.dir/link.txt --verbose=1
/usr/lib/ccache/c++        CMakeFiles/cmTC_4d6ff.dir/feature_tests.cxx.o  -o cmTC_4d6ff -rdynamic 
make[1]: Leaving directory '/home/aust/ros2_ws/build/ceres_solver/CMakeFiles/CMakeTmp'


    Feature record: CXX_FEATURE:1cxx_aggregate_default_initializers
    Feature record: CXX_FEATURE:1cxx_alias_templates
    Feature record: CXX_FEATURE:1cxx_alignas
    Feature record: CXX_FEATURE:1cxx_alignof
    Feature record: CXX_FEATURE:1cxx_attributes
    Feature record: CXX_FEATURE:1cxx_attribute_deprecated
    Feature record: CXX_FEATURE:1cxx_auto_type
    Feature record: CXX_FEATURE:1cxx_binary_literals
    Feature record: CXX_FEATURE:1cxx_constexpr
    Feature record: CXX_FEATURE:1cxx_contextual_conversions
    Feature record: CXX_FEATURE:1cxx_decltype
    Feature record: CXX_FEATURE:1cxx_decltype_auto
    Feature record: CXX_FEATURE:1cxx_decltype_incomplete_return_types
    Feature record: CXX_FEATURE:1cxx_default_function_template_args
    Feature record: CXX_FEATURE:1cxx_defaulted_functions
    Feature record: CXX_FEATURE:1cxx_defaulted_move_initializers
    Feature record: CXX_FEATURE:1cxx_delegating_constructors
    Feature record: CXX_FEATURE:1cxx_deleted_functions
    Feature record: CXX_FEATURE:1cxx_digit_separators
    Feature record: CXX_FEATURE:1cxx_enum_forward_declarations
    Feature record: CXX_FEATURE:1cxx_explicit_conversions
    Feature record: CXX_FEATURE:1cxx_extended_friend_declarations
    Feature record: CXX_FEATURE:1cxx_extern_templates
    Feature record: CXX_FEATURE:1cxx_final
    Feature record: CXX_FEATURE:1cxx_func_identifier
    Feature record: CXX_FEATURE:1cxx_generalized_initializers
    Feature record: CXX_FEATURE:1cxx_generic_lambdas
    Feature record: CXX_FEATURE:1cxx_inheriting_constructors
    Feature record: CXX_FEATURE:1cxx_inline_namespaces
    Feature record: CXX_FEATURE:1cxx_lambdas
    Feature record: CXX_FEATURE:1cxx_lambda_init_captures
    Feature record: CXX_FEATURE:1cxx_local_type_template_args
    Feature record: CXX_FEATURE:1cxx_long_long_type
    Feature record: CXX_FEATURE:1cxx_noexcept
    Feature record: CXX_FEATURE:1cxx_nonstatic_member_init
    Feature record: CXX_FEATURE:1cxx_nullptr
    Feature record: CXX_FEATURE:1cxx_override
    Feature record: CXX_FEATURE:1cxx_range_for
    Feature record: CXX_FEATURE:1cxx_raw_string_literals
    Feature record: CXX_FEATURE:1cxx_reference_qualified_functions
    Feature record: CXX_FEATURE:1cxx_relaxed_constexpr
    Feature record: CXX_FEATURE:1cxx_return_type_deduction
    Feature record: CXX_FEATURE:1cxx_right_angle_brackets
    Feature record: CXX_FEATURE:1cxx_rvalue_references
    Feature record: CXX_FEATURE:1cxx_sizeof_member
    Feature record: CXX_FEATURE:1cxx_static_assert
    Feature record: CXX_FEATURE:1cxx_strong_enums
    Feature record: CXX_FEATURE:1cxx_template_template_parameters
    Feature record: CXX_FEATURE:1cxx_thread_local
    Feature record: CXX_FEATURE:1cxx_trailing_return_types
    Feature record: CXX_FEATURE:1cxx_unicode_literals
    Feature record: CXX_FEATURE:1cxx_uniform_initialization
    Feature record: CXX_FEATURE:1cxx_unrestricted_unions
    Feature record: CXX_FEATURE:1cxx_user_literals
    Feature record: CXX_FEATURE:1cxx_variable_templates
    Feature record: CXX_FEATURE:1cxx_variadic_macros
    Feature record: CXX_FEATURE:1cxx_variadic_templates


Detecting CXX [-std=c++11] compiler features compiled with the following output:
Change Dir: /home/aust/ros2_ws/build/ceres_solver/CMakeFiles/CMakeTmp

Run Build Command:"/usr/bin/make" "cmTC_7a2cc/fast"
/usr/bin/make -f CMakeFiles/cmTC_7a2cc.dir/build.make CMakeFiles/cmTC_7a2cc.dir/build
make[1]: Entering directory '/home/aust/ros2_ws/build/ceres_solver/CMakeFiles/CMakeTmp'
Building CXX object CMakeFiles/cmTC_7a2cc.dir/feature_tests.cxx.o
/usr/lib/ccache/c++     -std=c++11 -o CMakeFiles/cmTC_7a2cc.dir/feature_tests.cxx.o -c /home/aust/ros2_ws/build/ceres_solver/CMakeFiles/feature_tests.cxx
Linking CXX executable cmTC_7a2cc
/usr/bin/cmake -E cmake_link_script CMakeFiles/cmTC_7a2cc.dir/link.txt --verbose=1
/usr/lib/ccache/c++        CMakeFiles/cmTC_7a2cc.dir/feature_tests.cxx.o  -o cmTC_7a2cc -rdynamic 
make[1]: Leaving directory '/home/aust/ros2_ws/build/ceres_solver/CMakeFiles/CMakeTmp'


    Feature record: CXX_FEATURE:0cxx_aggregate_default_initializers
    Feature record: CXX_FEATURE:1cxx_alias_templates
    Feature record: CXX_FEATURE:1cxx_alignas
    Feature record: CXX_FEATURE:1cxx_alignof
    Feature record: CXX_FEATURE:1cxx_attributes
    Feature record: CXX_FEATURE:0cxx_attribute_deprecated
    Feature record: CXX_FEATURE:1cxx_auto_type
    Feature record: CXX_FEATURE:0cxx_binary_literals
    Feature record: CXX_FEATURE:1cxx_constexpr
    Feature record: CXX_FEATURE:0cxx_contextual_conversions
    Feature record: CXX_FEATURE:1cxx_decltype
    Feature record: CXX_FEATURE:0cxx_decltype_auto
    Feature record: CXX_FEATURE:1cxx_decltype_incomplete_return_types
    Feature record: CXX_FEATURE:1cxx_default_function_template_args
    Feature record: CXX_FEATURE:1cxx_defaulted_functions
    Feature record: CXX_FEATURE:1cxx_defaulted_move_initializers
    Feature record: CXX_FEATURE:1cxx_delegating_constructors
    Feature record: CXX_FEATURE:1cxx_deleted_functions
    Feature record: CXX_FEATURE:0cxx_digit_separators
    Feature record: CXX_FEATURE:1cxx_enum_forward_declarations
    Feature record: CXX_FEATURE:1cxx_explicit_conversions
    Feature record: CXX_FEATURE:1cxx_extended_friend_declarations
    Feature record: CXX_FEATURE:1cxx_extern_templates
    Feature record: CXX_FEATURE:1cxx_final
    Feature record: CXX_FEATURE:1cxx_func_identifier
    Feature record: CXX_FEATURE:1cxx_generalized_initializers
    Feature record: CXX_FEATURE:0cxx_generic_lambdas
    Feature record: CXX_FEATURE:1cxx_inheriting_constructors
    Feature record: CXX_FEATURE:1cxx_inline_namespaces
    Feature record: CXX_FEATURE:1cxx_lambdas
    Feature record: CXX_FEATURE:0cxx_lambda_init_captures
    Feature record: CXX_FEATURE:1cxx_local_type_template_args
    Feature record: CXX_FEATURE:1cxx_long_long_type
    Feature record: CXX_FEATURE:1cxx_noexcept
    Feature record: CXX_FEATURE:1cxx_nonstatic_member_init
    Feature record: CXX_FEATURE:1cxx_nullptr
    Feature record: CXX_FEATURE:1cxx_override
    Feature record: CXX_FEATURE:1cxx_range_for
    Feature record: CXX_FEATURE:1cxx_raw_string_literals
    Feature record: CXX_FEATURE:1cxx_reference_qualified_functions
    Feature record: CXX_FEATURE:0cxx_relaxed_constexpr
    Feature record: CXX_FEATURE:0cxx_return_type_deduction
    Feature record: CXX_FEATURE:1cxx_right_angle_brackets
    Feature record: CXX_FEATURE:1cxx_rvalue_references
    Feature record: CXX_FEATURE:1cxx_sizeof_member
    Feature record: CXX_FEATURE:1cxx_static_assert
    Feature record: CXX_FEATURE:1cxx_strong_enums
    Feature record: CXX_FEATURE:1cxx_template_template_parameters
    Feature record: CXX_FEATURE:1cxx_thread_local
    Feature record: CXX_FEATURE:1cxx_trailing_return_types
    Feature record: CXX_FEATURE:1cxx_unicode_literals
    Feature record: CXX_FEATURE:1cxx_uniform_initialization
    Feature record: CXX_FEATURE:1cxx_unrestricted_unions
    Feature record: CXX_FEATURE:1cxx_user_literals
    Feature record: CXX_FEATURE:0cxx_variable_templates
    Feature record: CXX_FEATURE:1cxx_variadic_macros
    Feature record: CXX_FEATURE:1cxx_variadic_templates


Detecting CXX [-std=c++98] compiler features compiled with the following output:
Change Dir: /home/aust/ros2_ws/build/ceres_solver/CMakeFiles/CMakeTmp

Run Build Command:"/usr/bin/make" "cmTC_e5bbb/fast"
/usr/bin/make -f CMakeFiles/cmTC_e5bbb.dir/build.make CMakeFiles/cmTC_e5bbb.dir/build
make[1]: Entering directory '/home/aust/ros2_ws/build/ceres_solver/CMakeFiles/CMakeTmp'
Building CXX object CMakeFiles/cmTC_e5bbb.dir/feature_tests.cxx.o
/usr/lib/ccache/c++     -std=c++98 -o CMakeFiles/cmTC_e5bbb.dir/feature_tests.cxx.o -c /home/aust/ros2_ws/build/ceres_solver/CMakeFiles/feature_tests.cxx
Linking CXX executable cmTC_e5bbb
/usr/bin/cmake -E cmake_link_script CMakeFiles/cmTC_e5bbb.dir/link.txt --verbose=1
/usr/lib/ccache/c++        CMakeFiles/cmTC_e5bbb.dir/feature_tests.cxx.o  -o cmTC_e5bbb -rdynamic 
make[1]: Leaving directory '/home/aust/ros2_ws/build/ceres_solver/CMakeFiles/CMakeTmp'


    Feature record: CXX_FEATURE:0cxx_aggregate_default_initializers
    Feature record: CXX_FEATURE:0cxx_alias_templates
    Feature record: CXX_FEATURE:0cxx_alignas
    Feature record: CXX_FEATURE:0cxx_alignof
    Feature record: CXX_FEATURE:0cxx_attributes
    Feature record: CXX_FEATURE:0cxx_attribute_deprecated
    Feature record: CXX_FEATURE:0cxx_auto_type
    Feature record: CXX_FEATURE:0cxx_binary_literals
    Feature record: CXX_FEATURE:0cxx_constexpr
    Feature record: CXX_FEATURE:0cxx_contextual_conversions
    Feature record: CXX_FEATURE:0cxx_decltype
    Feature record: CXX_FEATURE:0cxx_decltype_auto
    Feature record: CXX_FEATURE:0cxx_decltype_incomplete_return_types
    Feature record: CXX_FEATURE:0cxx_default_function_template_args
    Feature record: CXX_FEATURE:0cxx_defaulted_functions
    Feature record: CXX_FEATURE:0cxx_defaulted_move_initializers
    Feature record: CXX_FEATURE:0cxx_delegating_constructors
    Feature record: CXX_FEATURE:0cxx_deleted_functions
    Feature record: CXX_FEATURE:0cxx_digit_separators
    Feature record: CXX_FEATURE:0cxx_enum_forward_declarations
    Feature record: CXX_FEATURE:0cxx_explicit_conversions
    Feature record: CXX_FEATURE:0cxx_extended_friend_declarations
    Feature record: CXX_FEATURE:0cxx_extern_templates
    Feature record: CXX_FEATURE:0cxx_final
    Feature record: CXX_FEATURE:0cxx_func_identifier
    Feature record: CXX_FEATURE:0cxx_generalized_initializers
    Feature record: CXX_FEATURE:0cxx_generic_lambdas
    Feature record: CXX_FEATURE:0cxx_inheriting_constructors
    Feature record: CXX_FEATURE:0cxx_inline_namespaces
    Feature record: CXX_FEATURE:0cxx_lambdas
    Feature record: CXX_FEATURE:0cxx_lambda_init_captures
    Feature record: CXX_FEATURE:0cxx_local_type_template_args
    Feature record: CXX_FEATURE:0cxx_long_long_type
    Feature record: CXX_FEATURE:0cxx_noexcept
    Feature record: CXX_FEATURE:0cxx_nonstatic_member_init
    Feature record: CXX_FEATURE:0cxx_nullptr
    Feature record: CXX_FEATURE:0cxx_override
    Feature record: CXX_FEATURE:0cxx_range_for
    Feature record: CXX_FEATURE:0cxx_raw_string_literals
    Feature record: CXX_FEATURE:0cxx_reference_qualified_functions
    Feature record: CXX_FEATURE:0cxx_relaxed_constexpr
    Feature record: CXX_FEATURE:0cxx_return_type_deduction
    Feature record: CXX_FEATURE:0cxx_right_angle_brackets
    Feature record: CXX_FEATURE:0cxx_rvalue_references
    Feature record: CXX_FEATURE:0cxx_sizeof_member
    Feature record: CXX_FEATURE:0cxx_static_assert
    Feature record: CXX_FEATURE:0cxx_strong_enums
    Feature record: CXX_FEATURE:1cxx_template_template_parameters
    Feature record: CXX_FEATURE:0cxx_thread_local
    Feature record: CXX_FEATURE:0cxx_trailing_return_types
    Feature record: CXX_FEATURE:0cxx_unicode_literals
    Feature record: CXX_FEATURE:0cxx_uniform_initialization
    Feature record: CXX_FEATURE:0cxx_unrestricted_unions
    Feature record: CXX_FEATURE:0cxx_user_literals
    Feature record: CXX_FEATURE:0cxx_variable_templates
    Feature record: CXX_FEATURE:0cxx_variadic_macros
    Feature record: CXX_FEATURE:0cxx_variadic_templates
Determining if the function dgemm_ exists passed with the following output:
Change Dir: /home/aust/ros2_ws/build/ceres_solver/CMakeFiles/CMakeTmp

Run Build Command:"/usr/bin/make" "cmTC_ab796/fast"
/usr/bin/make -f CMakeFiles/cmTC_ab796.dir/build.make CMakeFiles/cmTC_ab796.dir/build
make[1]: Entering directory '/home/aust/ros2_ws/build/ceres_solver/CMakeFiles/CMakeTmp'
Building C object CMakeFiles/cmTC_ab796.dir/CheckFunctionExists.c.o
/usr/lib/ccache/cc    -DCHECK_FUNCTION_EXISTS=dgemm_   -o CMakeFiles/cmTC_ab796.dir/CheckFunctionExists.c.o   -c /usr/share/cmake-3.5/Modules/CheckFunctionExists.c
Linking C executable cmTC_ab796
/usr/bin/cmake -E cmake_link_script CMakeFiles/cmTC_ab796.dir/link.txt --verbose=1
/usr/lib/ccache/cc   -DCHECK_FUNCTION_EXISTS=dgemm_    CMakeFiles/cmTC_ab796.dir/CheckFunctionExists.c.o  -o cmTC_ab796 -rdynamic /usr/lib/libf77blas.so /usr/lib/libatlas.so 
make[1]: Leaving directory '/home/aust/ros2_ws/build/ceres_solver/CMakeFiles/CMakeTmp'


Determining if the include file pthread.h exists passed with the following output:
Change Dir: /home/aust/ros2_ws/build/ceres_solver/CMakeFiles/CMakeTmp

Run Build Command:"/usr/bin/make" "cmTC_e1660/fast"
/usr/bin/make -f CMakeFiles/cmTC_e1660.dir/build.make CMakeFiles/cmTC_e1660.dir/build
make[1]: Entering directory '/home/aust/ros2_ws/build/ceres_solver/CMakeFiles/CMakeTmp'
Building C object CMakeFiles/cmTC_e1660.dir/CheckIncludeFile.c.o
/usr/lib/ccache/cc     -o CMakeFiles/cmTC_e1660.dir/CheckIncludeFile.c.o   -c /home/aust/ros2_ws/build/ceres_solver/CMakeFiles/CMakeTmp/CheckIncludeFile.c
Linking C executable cmTC_e1660
/usr/bin/cmake -E cmake_link_script CMakeFiles/cmTC_e1660.dir/link.txt --verbose=1
/usr/lib/ccache/cc       CMakeFiles/cmTC_e1660.dir/CheckIncludeFile.c.o  -o cmTC_e1660 -rdynamic 
make[1]: Leaving directory '/home/aust/ros2_ws/build/ceres_solver/CMakeFiles/CMakeTmp'


Determining if the function pthread_create exists in the pthread passed with the following output:
Change Dir: /home/aust/ros2_ws/build/ceres_solver/CMakeFiles/CMakeTmp

Run Build Command:"/usr/bin/make" "cmTC_123cd/fast"
/usr/bin/make -f CMakeFiles/cmTC_123cd.dir/build.make CMakeFiles/cmTC_123cd.dir/build
make[1]: Entering directory '/home/aust/ros2_ws/build/ceres_solver/CMakeFiles/CMakeTmp'
Building C object CMakeFiles/cmTC_123cd.dir/CheckFunctionExists.c.o
/usr/lib/ccache/cc    -DCHECK_FUNCTION_EXISTS=pthread_create   -o CMakeFiles/cmTC_123cd.dir/CheckFunctionExists.c.o   -c /usr/share/cmake-3.5/Modules/CheckFunctionExists.c
Linking C executable cmTC_123cd
/usr/bin/cmake -E cmake_link_script CMakeFiles/cmTC_123cd.dir/link.txt --verbose=1
/usr/lib/ccache/cc   -DCHECK_FUNCTION_EXISTS=pthread_create    CMakeFiles/cmTC_123cd.dir/CheckFunctionExists.c.o  -o cmTC_123cd -rdynamic -lpthread 
make[1]: Leaving directory '/home/aust/ros2_ws/build/ceres_solver/CMakeFiles/CMakeTmp'


Determining if the function cheev_ exists passed with the following output:
Change Dir: /home/aust/ros2_ws/build/ceres_solver/CMakeFiles/CMakeTmp

Run Build Command:"/usr/bin/make" "cmTC_75a97/fast"
/usr/bin/make -f CMakeFiles/cmTC_75a97.dir/build.make CMakeFiles/cmTC_75a97.dir/build
make[1]: Entering directory '/home/aust/ros2_ws/build/ceres_solver/CMakeFiles/CMakeTmp'
Building C object CMakeFiles/cmTC_75a97.dir/CheckFunctionExists.c.o
/usr/lib/ccache/cc    -DCHECK_FUNCTION_EXISTS=cheev_   -o CMakeFiles/cmTC_75a97.dir/CheckFunctionExists.c.o   -c /usr/share/cmake-3.5/Modules/CheckFunctionExists.c
Linking C executable cmTC_75a97
/usr/bin/cmake -E cmake_link_script CMakeFiles/cmTC_75a97.dir/link.txt --verbose=1
/usr/lib/ccache/cc   -DCHECK_FUNCTION_EXISTS=cheev_    CMakeFiles/cmTC_75a97.dir/CheckFunctionExists.c.o  -o cmTC_75a97 -rdynamic /usr/lib/liblapack.so /usr/lib/libf77blas.so /usr/lib/libatlas.so 
make[1]: Leaving directory '/home/aust/ros2_ws/build/ceres_solver/CMakeFiles/CMakeTmp'


Performing C++ SOURCE FILE Test GFLAGS_IN_GOOGLE_NAMESPACE succeeded with the following output:
Change Dir: /home/aust/ros2_ws/build/ceres_solver/CMakeFiles/CMakeTmp

Run Build Command:"/usr/bin/make" "cmTC_3ca53/fast"
/usr/bin/make -f CMakeFiles/cmTC_3ca53.dir/build.make CMakeFiles/cmTC_3ca53.dir/build
make[1]: Entering directory '/home/aust/ros2_ws/build/ceres_solver/CMakeFiles/CMakeTmp'
Building CXX object CMakeFiles/cmTC_3ca53.dir/src.cxx.o
/usr/lib/ccache/c++     -DGFLAGS_IN_GOOGLE_NAMESPACE   -o CMakeFiles/cmTC_3ca53.dir/src.cxx.o -c /home/aust/ros2_ws/build/ceres_solver/CMakeFiles/CMakeTmp/src.cxx
Linking CXX executable cmTC_3ca53
/usr/bin/cmake -E cmake_link_script CMakeFiles/cmTC_3ca53.dir/link.txt --verbose=1
/usr/lib/ccache/c++    -DGFLAGS_IN_GOOGLE_NAMESPACE    CMakeFiles/cmTC_3ca53.dir/src.cxx.o  -o cmTC_3ca53 -rdynamic /usr/lib/x86_64-linux-gnu/libgflags.so -lpthread 
make[1]: Leaving directory '/home/aust/ros2_ws/build/ceres_solver/CMakeFiles/CMakeTmp'

Source file was:
#include <gflags/gflags.h>
     int main(int argc, char * argv[]) {
       google::ParseCommandLineFlags(&argc, &argv, true);
       return 0;
     }
Performing C SOURCE FILE Test OpenMP_FLAG_DETECTED succeeded with the following output:
Change Dir: /home/aust/ros2_ws/build/ceres_solver/CMakeFiles/CMakeTmp

Run Build Command:"/usr/bin/make" "cmTC_6c73d/fast"
/usr/bin/make -f CMakeFiles/cmTC_6c73d.dir/build.make CMakeFiles/cmTC_6c73d.dir/build
make[1]: Entering directory '/home/aust/ros2_ws/build/ceres_solver/CMakeFiles/CMakeTmp'
Building C object CMakeFiles/cmTC_6c73d.dir/src.c.o
/usr/lib/ccache/cc    -DOpenMP_FLAG_DETECTED -fopenmp   -o CMakeFiles/cmTC_6c73d.dir/src.c.o   -c /home/aust/ros2_ws/build/ceres_solver/CMakeFiles/CMakeTmp/src.c
Linking C executable cmTC_6c73d
/usr/bin/cmake -E cmake_link_script CMakeFiles/cmTC_6c73d.dir/link.txt --verbose=1
/usr/lib/ccache/cc   -DOpenMP_FLAG_DETECTED -fopenmp    CMakeFiles/cmTC_6c73d.dir/src.c.o  -o cmTC_6c73d -rdynamic 
make[1]: Leaving directory '/home/aust/ros2_ws/build/ceres_solver/CMakeFiles/CMakeTmp'

Source file was:

#include <omp.h>
int main() {
#ifdef _OPENMP
  return 0;
#else
  breaks_on_purpose
#endif
}

Performing C++ SOURCE FILE Test OpenMP_FLAG_DETECTED succeeded with the following output:
Change Dir: /home/aust/ros2_ws/build/ceres_solver/CMakeFiles/CMakeTmp

Run Build Command:"/usr/bin/make" "cmTC_b1229/fast"
/usr/bin/make -f CMakeFiles/cmTC_b1229.dir/build.make CMakeFiles/cmTC_b1229.dir/build
make[1]: Entering directory '/home/aust/ros2_ws/build/ceres_solver/CMakeFiles/CMakeTmp'
Building CXX object CMakeFiles/cmTC_b1229.dir/src.cxx.o
/usr/lib/ccache/c++     -DOpenMP_FLAG_DETECTED -fopenmp   -o CMakeFiles/cmTC_b1229.dir/src.cxx.o -c /home/aust/ros2_ws/build/ceres_solver/CMakeFiles/CMakeTmp/src.cxx
Linking CXX executable cmTC_b1229
/usr/bin/cmake -E cmake_link_script CMakeFiles/cmTC_b1229.dir/link.txt --verbose=1
/usr/lib/ccache/c++    -DOpenMP_FLAG_DETECTED -fopenmp    CMakeFiles/cmTC_b1229.dir/src.cxx.o  -o cmTC_b1229 -rdynamic 
make[1]: Leaving directory '/home/aust/ros2_ws/build/ceres_solver/CMakeFiles/CMakeTmp'

Source file was:

#include <omp.h>
int main() {
#ifdef _OPENMP
  return 0;
#else
  breaks_on_purpose
#endif
}

Performing C++ SOURCE FILE Test COMPILER_HAS_CXX11_FLAG succeeded with the following output:
Change Dir: /home/aust/ros2_ws/build/ceres_solver/CMakeFiles/CMakeTmp

Run Build Command:"/usr/bin/make" "cmTC_c3106/fast"
/usr/bin/make -f CMakeFiles/cmTC_c3106.dir/build.make CMakeFiles/cmTC_c3106.dir/build
make[1]: Entering directory '/home/aust/ros2_ws/build/ceres_solver/CMakeFiles/CMakeTmp'
Building CXX object CMakeFiles/cmTC_c3106.dir/src.cxx.o
/usr/lib/ccache/c++     -fopenmp -DCOMPILER_HAS_CXX11_FLAG   -std=c++11 -o CMakeFiles/cmTC_c3106.dir/src.cxx.o -c /home/aust/ros2_ws/build/ceres_solver/CMakeFiles/CMakeTmp/src.cxx
Linking CXX executable cmTC_c3106
/usr/bin/cmake -E cmake_link_script CMakeFiles/cmTC_c3106.dir/link.txt --verbose=1
/usr/lib/ccache/c++    -fopenmp -DCOMPILER_HAS_CXX11_FLAG    CMakeFiles/cmTC_c3106.dir/src.cxx.o  -o cmTC_c3106 -rdynamic 
make[1]: Leaving directory '/home/aust/ros2_ws/build/ceres_solver/CMakeFiles/CMakeTmp'

Source file was:
int main() { return 0; }
Determining if the include file tr1/unordered_map exists passed with the following output:
Change Dir: /home/aust/ros2_ws/build/ceres_solver/CMakeFiles/CMakeTmp

Run Build Command:"/usr/bin/make" "cmTC_2e7d8/fast"
/usr/bin/make -f CMakeFiles/cmTC_2e7d8.dir/build.make CMakeFiles/cmTC_2e7d8.dir/build
make[1]: Entering directory '/home/aust/ros2_ws/build/ceres_solver/CMakeFiles/CMakeTmp'
Building CXX object CMakeFiles/cmTC_2e7d8.dir/CheckIncludeFile.cxx.o
/usr/lib/ccache/c++     -fopenmp    -o CMakeFiles/cmTC_2e7d8.dir/CheckIncludeFile.cxx.o -c /home/aust/ros2_ws/build/ceres_solver/CMakeFiles/CMakeTmp/CheckIncludeFile.cxx
Linking CXX executable cmTC_2e7d8
/usr/bin/cmake -E cmake_link_script CMakeFiles/cmTC_2e7d8.dir/link.txt --verbose=1
/usr/lib/ccache/c++    -fopenmp     CMakeFiles/cmTC_2e7d8.dir/CheckIncludeFile.cxx.o  -o cmTC_2e7d8 -rdynamic 
make[1]: Leaving directory '/home/aust/ros2_ws/build/ceres_solver/CMakeFiles/CMakeTmp'


Determining if the include file memory exists passed with the following output:
Change Dir: /home/aust/ros2_ws/build/ceres_solver/CMakeFiles/CMakeTmp

Run Build Command:"/usr/bin/make" "cmTC_12694/fast"
/usr/bin/make -f CMakeFiles/cmTC_12694.dir/build.make CMakeFiles/cmTC_12694.dir/build
make[1]: Entering directory '/home/aust/ros2_ws/build/ceres_solver/CMakeFiles/CMakeTmp'
Building CXX object CMakeFiles/cmTC_12694.dir/CheckIncludeFile.cxx.o
/usr/lib/ccache/c++     -fopenmp    -o CMakeFiles/cmTC_12694.dir/CheckIncludeFile.cxx.o -c /home/aust/ros2_ws/build/ceres_solver/CMakeFiles/CMakeTmp/CheckIncludeFile.cxx
Linking CXX executable cmTC_12694
/usr/bin/cmake -E cmake_link_script CMakeFiles/cmTC_12694.dir/link.txt --verbose=1
/usr/lib/ccache/c++    -fopenmp     CMakeFiles/cmTC_12694.dir/CheckIncludeFile.cxx.o  -o cmTC_12694 -rdynamic 
make[1]: Leaving directory '/home/aust/ros2_ws/build/ceres_solver/CMakeFiles/CMakeTmp'


Determining if the include file tr1/memory exists passed with the following output:
Change Dir: /home/aust/ros2_ws/build/ceres_solver/CMakeFiles/CMakeTmp

Run Build Command:"/usr/bin/make" "cmTC_3e861/fast"
/usr/bin/make -f CMakeFiles/cmTC_3e861.dir/build.make CMakeFiles/cmTC_3e861.dir/build
make[1]: Entering directory '/home/aust/ros2_ws/build/ceres_solver/CMakeFiles/CMakeTmp'
Building CXX object CMakeFiles/cmTC_3e861.dir/CheckIncludeFile.cxx.o
/usr/lib/ccache/c++     -fopenmp    -o CMakeFiles/cmTC_3e861.dir/CheckIncludeFile.cxx.o -c /home/aust/ros2_ws/build/ceres_solver/CMakeFiles/CMakeTmp/CheckIncludeFile.cxx
Linking CXX executable cmTC_3e861
/usr/bin/cmake -E cmake_link_script CMakeFiles/cmTC_3e861.dir/link.txt --verbose=1
/usr/lib/ccache/c++    -fopenmp     CMakeFiles/cmTC_3e861.dir/CheckIncludeFile.cxx.o  -o cmTC_3e861 -rdynamic 
make[1]: Leaving directory '/home/aust/ros2_ws/build/ceres_solver/CMakeFiles/CMakeTmp'


Performing C++ SOURCE FILE Test HAVE_SHARED_PTR_IN_TR1_NAMESPACE_FROM_TR1_MEMORY_HEADER succeeded with the following output:
Change Dir: /home/aust/ros2_ws/build/ceres_solver/CMakeFiles/CMakeTmp

Run Build Command:"/usr/bin/make" "cmTC_0ad67/fast"
/usr/bin/make -f CMakeFiles/cmTC_0ad67.dir/build.make CMakeFiles/cmTC_0ad67.dir/build
make[1]: Entering directory '/home/aust/ros2_ws/build/ceres_solver/CMakeFiles/CMakeTmp'
Building CXX object CMakeFiles/cmTC_0ad67.dir/src.cxx.o
/usr/lib/ccache/c++     -fopenmp -DHAVE_SHARED_PTR_IN_TR1_NAMESPACE_FROM_TR1_MEMORY_HEADER   -o CMakeFiles/cmTC_0ad67.dir/src.cxx.o -c /home/aust/ros2_ws/build/ceres_solver/CMakeFiles/CMakeTmp/src.cxx
Linking CXX executable cmTC_0ad67
/usr/bin/cmake -E cmake_link_script CMakeFiles/cmTC_0ad67.dir/link.txt --verbose=1
/usr/lib/ccache/c++    -fopenmp -DHAVE_SHARED_PTR_IN_TR1_NAMESPACE_FROM_TR1_MEMORY_HEADER    CMakeFiles/cmTC_0ad67.dir/src.cxx.o  -o cmTC_0ad67 -rdynamic 
make[1]: Leaving directory '/home/aust/ros2_ws/build/ceres_solver/CMakeFiles/CMakeTmp'

Source file was:
#include <tr1/memory>
                                 int main() {
                                   std::tr1::shared_ptr<int> int_ptr;
                                   return 0;
                                 }
