/home/aust/ros2_ws/install/lib/python3.5/site-packages/ament_package/package.py
/home/aust/ros2_ws/install/lib/python3.5/site-packages/ament_package/export.py
/home/aust/ros2_ws/install/lib/python3.5/site-packages/ament_package/__init__.py
/home/aust/ros2_ws/install/lib/python3.5/site-packages/ament_package/person.py
/home/aust/ros2_ws/install/lib/python3.5/site-packages/ament_package/exceptions.py
/home/aust/ros2_ws/install/lib/python3.5/site-packages/ament_package/url.py
/home/aust/ros2_ws/install/lib/python3.5/site-packages/ament_package/dependency.py
/home/aust/ros2_ws/install/lib/python3.5/site-packages/ament_package/templates.py
/home/aust/ros2_ws/install/lib/python3.5/site-packages/ament_package/template/environment_hook/path.bat
/home/aust/ros2_ws/install/lib/python3.5/site-packages/ament_package/template/environment_hook/path.sh
/home/aust/ros2_ws/install/lib/python3.5/site-packages/ament_package/template/environment_hook/pythonpath.bat.in
/home/aust/ros2_ws/install/lib/python3.5/site-packages/ament_package/template/environment_hook/library_path.sh
/home/aust/ros2_ws/install/lib/python3.5/site-packages/ament_package/template/environment_hook/ament_prefix_path.sh
/home/aust/ros2_ws/install/lib/python3.5/site-packages/ament_package/template/environment_hook/pythonpath.sh.in
/home/aust/ros2_ws/install/lib/python3.5/site-packages/ament_package/template/environment_hook/ament_prefix_path.bat
/home/aust/ros2_ws/install/lib/python3.5/site-packages/ament_package/template/isolated_prefix_level/local_setup.bat.in
/home/aust/ros2_ws/install/lib/python3.5/site-packages/ament_package/template/isolated_prefix_level/local_setup.bash
/home/aust/ros2_ws/install/lib/python3.5/site-packages/ament_package/template/isolated_prefix_level/local_setup.zsh
/home/aust/ros2_ws/install/lib/python3.5/site-packages/ament_package/template/isolated_prefix_level/_order_isolated_packages.py
/home/aust/ros2_ws/install/lib/python3.5/site-packages/ament_package/template/isolated_prefix_level/local_setup.sh.in
/home/aust/ros2_ws/install/lib/python3.5/site-packages/ament_package/template/package_level/local_setup.zsh.in
/home/aust/ros2_ws/install/lib/python3.5/site-packages/ament_package/template/package_level/local_setup.bat.in
/home/aust/ros2_ws/install/lib/python3.5/site-packages/ament_package/template/package_level/local_setup.sh.in
/home/aust/ros2_ws/install/lib/python3.5/site-packages/ament_package/template/package_level/local_setup.bash.in
/home/aust/ros2_ws/install/lib/python3.5/site-packages/ament_package/template/prefix_level/setup.zsh
/home/aust/ros2_ws/install/lib/python3.5/site-packages/ament_package/template/prefix_level/_order_packages.py
/home/aust/ros2_ws/install/lib/python3.5/site-packages/ament_package/template/prefix_level/setup.bat.in
/home/aust/ros2_ws/install/lib/python3.5/site-packages/ament_package/template/prefix_level/local_setup.bat.in
/home/aust/ros2_ws/install/lib/python3.5/site-packages/ament_package/template/prefix_level/local_setup.bash
/home/aust/ros2_ws/install/lib/python3.5/site-packages/ament_package/template/prefix_level/setup.sh.in
/home/aust/ros2_ws/install/lib/python3.5/site-packages/ament_package/template/prefix_level/local_setup.zsh
/home/aust/ros2_ws/install/lib/python3.5/site-packages/ament_package/template/prefix_level/local_setup.sh.in
/home/aust/ros2_ws/install/lib/python3.5/site-packages/ament_package/template/prefix_level/setup.bash
/home/aust/ros2_ws/install/lib/python3.5/site-packages/ament_package/__pycache__/package.cpython-35.pyc
/home/aust/ros2_ws/install/lib/python3.5/site-packages/ament_package/__pycache__/export.cpython-35.pyc
/home/aust/ros2_ws/install/lib/python3.5/site-packages/ament_package/__pycache__/__init__.cpython-35.pyc
/home/aust/ros2_ws/install/lib/python3.5/site-packages/ament_package/__pycache__/person.cpython-35.pyc
/home/aust/ros2_ws/install/lib/python3.5/site-packages/ament_package/__pycache__/exceptions.cpython-35.pyc
/home/aust/ros2_ws/install/lib/python3.5/site-packages/ament_package/__pycache__/url.cpython-35.pyc
/home/aust/ros2_ws/install/lib/python3.5/site-packages/ament_package/__pycache__/dependency.cpython-35.pyc
/home/aust/ros2_ws/install/lib/python3.5/site-packages/ament_package/__pycache__/templates.cpython-35.pyc
/home/aust/ros2_ws/install/lib/python3.5/site-packages/ament_package/template/isolated_prefix_level/__pycache__/_order_isolated_packages.cpython-35.pyc
/home/aust/ros2_ws/install/lib/python3.5/site-packages/ament_package/template/prefix_level/__pycache__/_order_packages.cpython-35.pyc
/home/aust/ros2_ws/install/lib/python3.5/site-packages/ament_package-0.0.0-py3.5.egg-info/top_level.txt
/home/aust/ros2_ws/install/lib/python3.5/site-packages/ament_package-0.0.0-py3.5.egg-info/dependency_links.txt
/home/aust/ros2_ws/install/lib/python3.5/site-packages/ament_package-0.0.0-py3.5.egg-info/PKG-INFO
/home/aust/ros2_ws/install/lib/python3.5/site-packages/ament_package-0.0.0-py3.5.egg-info/SOURCES.txt
