/home/aust/ros2_ws/install/lib/python3.5/site-packages/topics/listener.py
/home/aust/ros2_ws/install/lib/python3.5/site-packages/topics/talker.py
/home/aust/ros2_ws/install/lib/python3.5/site-packages/topics/listener_qos.py
/home/aust/ros2_ws/install/lib/python3.5/site-packages/topics/talker_qos.py
/home/aust/ros2_ws/install/lib/python3.5/site-packages/services/add_two_ints_client.py
/home/aust/ros2_ws/install/lib/python3.5/site-packages/services/add_two_ints_client_async.py
/home/aust/ros2_ws/install/lib/python3.5/site-packages/services/add_two_ints_server.py
/home/aust/ros2_ws/install/lib/python3.5/site-packages/topics/__pycache__/listener.cpython-35.pyc
/home/aust/ros2_ws/install/lib/python3.5/site-packages/topics/__pycache__/talker.cpython-35.pyc
/home/aust/ros2_ws/install/lib/python3.5/site-packages/topics/__pycache__/listener_qos.cpython-35.pyc
/home/aust/ros2_ws/install/lib/python3.5/site-packages/topics/__pycache__/talker_qos.cpython-35.pyc
/home/aust/ros2_ws/install/lib/python3.5/site-packages/services/__pycache__/add_two_ints_client.cpython-35.pyc
/home/aust/ros2_ws/install/lib/python3.5/site-packages/services/__pycache__/add_two_ints_client_async.cpython-35.pyc
/home/aust/ros2_ws/install/lib/python3.5/site-packages/services/__pycache__/add_two_ints_server.cpython-35.pyc
/home/aust/ros2_ws/install/share/demo_nodes_py/package.xml
/home/aust/ros2_ws/install/share/ament_index/resource_index/packages/demo_nodes_py
/home/aust/ros2_ws/install/lib/python3.5/site-packages/demo_nodes_py-0.0.0-py3.5.egg-info/entry_points.txt
/home/aust/ros2_ws/install/lib/python3.5/site-packages/demo_nodes_py-0.0.0-py3.5.egg-info/requires.txt
/home/aust/ros2_ws/install/lib/python3.5/site-packages/demo_nodes_py-0.0.0-py3.5.egg-info/top_level.txt
/home/aust/ros2_ws/install/lib/python3.5/site-packages/demo_nodes_py-0.0.0-py3.5.egg-info/dependency_links.txt
/home/aust/ros2_ws/install/lib/python3.5/site-packages/demo_nodes_py-0.0.0-py3.5.egg-info/PKG-INFO
/home/aust/ros2_ws/install/lib/python3.5/site-packages/demo_nodes_py-0.0.0-py3.5.egg-info/SOURCES.txt
/home/aust/ros2_ws/install/lib/demo_nodes_py/add_two_ints_server
/home/aust/ros2_ws/install/lib/demo_nodes_py/add_two_ints_client_async
/home/aust/ros2_ws/install/lib/demo_nodes_py/add_two_ints_client
/home/aust/ros2_ws/install/lib/demo_nodes_py/talker_qos
/home/aust/ros2_ws/install/lib/demo_nodes_py/talker
/home/aust/ros2_ws/install/lib/demo_nodes_py/listener_qos
/home/aust/ros2_ws/install/lib/demo_nodes_py/listener
