Determining if the pthread_create exist failed with the following output:
Change Dir: /home/aust/ros2_ws/build/map_server/CMakeFiles/CMakeTmp

Run Build Command:"/usr/bin/make" "cmTC_6b5d4/fast"
/usr/bin/make -f CMakeFiles/cmTC_6b5d4.dir/build.make CMakeFiles/cmTC_6b5d4.dir/build
make[1]: Entering directory '/home/aust/ros2_ws/build/map_server/CMakeFiles/CMakeTmp'
Building C object CMakeFiles/cmTC_6b5d4.dir/CheckSymbolExists.c.o
/usr/lib/ccache/cc     -o CMakeFiles/cmTC_6b5d4.dir/CheckSymbolExists.c.o   -c /home/aust/ros2_ws/build/map_server/CMakeFiles/CMakeTmp/CheckSymbolExists.c
Linking C executable cmTC_6b5d4
/usr/bin/cmake -E cmake_link_script CMakeFiles/cmTC_6b5d4.dir/link.txt --verbose=1
/usr/lib/ccache/cc       CMakeFiles/cmTC_6b5d4.dir/CheckSymbolExists.c.o  -o cmTC_6b5d4 
CMakeFiles/cmTC_6b5d4.dir/CheckSymbolExists.c.o: In function `main':
CheckSymbolExists.c:(.text+0x16): undefined reference to `pthread_create'
collect2: error: ld returned 1 exit status
CMakeFiles/cmTC_6b5d4.dir/build.make:97: recipe for target 'cmTC_6b5d4' failed
make[1]: *** [cmTC_6b5d4] Error 1
make[1]: Leaving directory '/home/aust/ros2_ws/build/map_server/CMakeFiles/CMakeTmp'
Makefile:126: recipe for target 'cmTC_6b5d4/fast' failed
make: *** [cmTC_6b5d4/fast] Error 2

File /home/aust/ros2_ws/build/map_server/CMakeFiles/CMakeTmp/CheckSymbolExists.c:
/* */
#include <pthread.h>

int main(int argc, char** argv)
{
  (void)argv;
#ifndef pthread_create
  return ((int*)(&pthread_create))[argc];
#else
  (void)argc;
  return 0;
#endif
}

Determining if the function pthread_create exists in the pthreads failed with the following output:
Change Dir: /home/aust/ros2_ws/build/map_server/CMakeFiles/CMakeTmp

Run Build Command:"/usr/bin/make" "cmTC_37bfb/fast"
/usr/bin/make -f CMakeFiles/cmTC_37bfb.dir/build.make CMakeFiles/cmTC_37bfb.dir/build
make[1]: Entering directory '/home/aust/ros2_ws/build/map_server/CMakeFiles/CMakeTmp'
Building C object CMakeFiles/cmTC_37bfb.dir/CheckFunctionExists.c.o
/usr/lib/ccache/cc    -DCHECK_FUNCTION_EXISTS=pthread_create   -o CMakeFiles/cmTC_37bfb.dir/CheckFunctionExists.c.o   -c /usr/share/cmake-3.5/Modules/CheckFunctionExists.c
Linking C executable cmTC_37bfb
/usr/bin/cmake -E cmake_link_script CMakeFiles/cmTC_37bfb.dir/link.txt --verbose=1
/usr/lib/ccache/cc   -DCHECK_FUNCTION_EXISTS=pthread_create    CMakeFiles/cmTC_37bfb.dir/CheckFunctionExists.c.o  -o cmTC_37bfb -lpthreads 
/usr/bin/ld: cannot find -lpthreads
collect2: error: ld returned 1 exit status
CMakeFiles/cmTC_37bfb.dir/build.make:97: recipe for target 'cmTC_37bfb' failed
make[1]: *** [cmTC_37bfb] Error 1
make[1]: Leaving directory '/home/aust/ros2_ws/build/map_server/CMakeFiles/CMakeTmp'
Makefile:126: recipe for target 'cmTC_37bfb/fast' failed
make: *** [cmTC_37bfb/fast] Error 2


