/home/aust/ros2_ws/install/lib/python3.5/site-packages/ros2pkg/__init__.py
/home/aust/ros2_ws/install/lib/python3.5/site-packages/ros2pkg/command/__init__.py
/home/aust/ros2_ws/install/lib/python3.5/site-packages/ros2pkg/command/pkg.py
/home/aust/ros2_ws/install/lib/python3.5/site-packages/ros2pkg/verb/executables.py
/home/aust/ros2_ws/install/lib/python3.5/site-packages/ros2pkg/verb/list.py
/home/aust/ros2_ws/install/lib/python3.5/site-packages/ros2pkg/verb/__init__.py
/home/aust/ros2_ws/install/lib/python3.5/site-packages/ros2pkg/verb/prefix.py
/home/aust/ros2_ws/install/lib/python3.5/site-packages/ros2pkg/api/__init__.py
/home/aust/ros2_ws/install/lib/python3.5/site-packages/ros2pkg/__pycache__/__init__.cpython-35.pyc
/home/aust/ros2_ws/install/lib/python3.5/site-packages/ros2pkg/command/__pycache__/__init__.cpython-35.pyc
/home/aust/ros2_ws/install/lib/python3.5/site-packages/ros2pkg/command/__pycache__/pkg.cpython-35.pyc
/home/aust/ros2_ws/install/lib/python3.5/site-packages/ros2pkg/verb/__pycache__/executables.cpython-35.pyc
/home/aust/ros2_ws/install/lib/python3.5/site-packages/ros2pkg/verb/__pycache__/list.cpython-35.pyc
/home/aust/ros2_ws/install/lib/python3.5/site-packages/ros2pkg/verb/__pycache__/__init__.cpython-35.pyc
/home/aust/ros2_ws/install/lib/python3.5/site-packages/ros2pkg/verb/__pycache__/prefix.cpython-35.pyc
/home/aust/ros2_ws/install/lib/python3.5/site-packages/ros2pkg/api/__pycache__/__init__.cpython-35.pyc
/home/aust/ros2_ws/install/lib/python3.5/site-packages/ros2pkg-0.0.0-py3.5.egg-info/entry_points.txt
/home/aust/ros2_ws/install/lib/python3.5/site-packages/ros2pkg-0.0.0-py3.5.egg-info/requires.txt
/home/aust/ros2_ws/install/lib/python3.5/site-packages/ros2pkg-0.0.0-py3.5.egg-info/top_level.txt
/home/aust/ros2_ws/install/lib/python3.5/site-packages/ros2pkg-0.0.0-py3.5.egg-info/dependency_links.txt
/home/aust/ros2_ws/install/lib/python3.5/site-packages/ros2pkg-0.0.0-py3.5.egg-info/PKG-INFO
/home/aust/ros2_ws/install/lib/python3.5/site-packages/ros2pkg-0.0.0-py3.5.egg-info/SOURCES.txt
