/home/aust/ros2_ws/install/lib/python3.5/site-packages/ament_copyright/parser.py
/home/aust/ros2_ws/install/lib/python3.5/site-packages/ament_copyright/licenses.py
/home/aust/ros2_ws/install/lib/python3.5/site-packages/ament_copyright/copyright_names.py
/home/aust/ros2_ws/install/lib/python3.5/site-packages/ament_copyright/__init__.py
/home/aust/ros2_ws/install/lib/python3.5/site-packages/ament_copyright/crawler.py
/home/aust/ros2_ws/install/lib/python3.5/site-packages/ament_copyright/main.py
/home/aust/ros2_ws/install/lib/python3.5/site-packages/ament_copyright/template/bsd2_header.txt
/home/aust/ros2_ws/install/lib/python3.5/site-packages/ament_copyright/template/apache2_contributing.txt
/home/aust/ros2_ws/install/lib/python3.5/site-packages/ament_copyright/template/apache2_license.txt
/home/aust/ros2_ws/install/lib/python3.5/site-packages/ament_copyright/template/apache2_header.txt
/home/aust/ros2_ws/install/lib/python3.5/site-packages/ament_copyright/template/bsd2_contributing.txt
/home/aust/ros2_ws/install/lib/python3.5/site-packages/ament_copyright/template/bsd2_license.txt
/home/aust/ros2_ws/install/lib/python3.5/site-packages/ament_copyright/__pycache__/parser.cpython-35.pyc
/home/aust/ros2_ws/install/lib/python3.5/site-packages/ament_copyright/__pycache__/licenses.cpython-35.pyc
/home/aust/ros2_ws/install/lib/python3.5/site-packages/ament_copyright/__pycache__/copyright_names.cpython-35.pyc
/home/aust/ros2_ws/install/lib/python3.5/site-packages/ament_copyright/__pycache__/__init__.cpython-35.pyc
/home/aust/ros2_ws/install/lib/python3.5/site-packages/ament_copyright/__pycache__/crawler.cpython-35.pyc
/home/aust/ros2_ws/install/lib/python3.5/site-packages/ament_copyright/__pycache__/main.cpython-35.pyc
/home/aust/ros2_ws/install/lib/python3.5/site-packages/ament_copyright-0.0.0-py3.5.egg-info/entry_points.txt
/home/aust/ros2_ws/install/lib/python3.5/site-packages/ament_copyright-0.0.0-py3.5.egg-info/requires.txt
/home/aust/ros2_ws/install/lib/python3.5/site-packages/ament_copyright-0.0.0-py3.5.egg-info/top_level.txt
/home/aust/ros2_ws/install/lib/python3.5/site-packages/ament_copyright-0.0.0-py3.5.egg-info/dependency_links.txt
/home/aust/ros2_ws/install/lib/python3.5/site-packages/ament_copyright-0.0.0-py3.5.egg-info/PKG-INFO
/home/aust/ros2_ws/install/lib/python3.5/site-packages/ament_copyright-0.0.0-py3.5.egg-info/SOURCES.txt
/home/aust/ros2_ws/install/bin/ament_copyright
