2017-08-02 14:39:13,431 : WARN : com.rti.tools.console.entitymodel.util.Log4jLoggerDevice.write(Log4jLoggerDevice.java:77) : - [D0000|ENABLE]NDDS_Transport_Shmem_is_segment_compatible:incompatible shared memory segment found.
   Found segment of size 1115280.  Needed 3145936.
2017-08-02 14:39:13,436 : WARN : com.rti.tools.console.entitymodel.util.Log4jLoggerDevice.write(Log4jLoggerDevice.java:77) : - [D0000|ENABLE]NDDS_Transport_Shmem_is_segment_compatible:incompatible shared memory segment found.
   Found segment of size 1115280.  Needed 3145936.
2017-08-02 14:43:38,447 : WARN : com.rti.tools.console.entitymodel.util.Log4jLoggerDevice.write(Log4jLoggerDevice.java:77) : - DISCEndpointDiscoveryPlugin_unregisterParticipantRemoteEndpoints:remote endpoint not previously asserted by plugin: 0XC0A80104,0X961,0X1,0
2017-08-02 14:43:39,025 : WARN : com.rti.tools.console.entitymodel.util.Log4jLoggerDevice.write(Log4jLoggerDevice.java:77) : - DISCEndpointDiscoveryPlugin_unregisterParticipantRemoteEndpoints:remote endpoint not previously asserted by plugin: 0XC0A80104,0X961,0X1,0
2017-08-02 15:12:03,534 : WARN : com.rti.tools.console.entitymodel.util.Log4jLoggerDevice.write(Log4jLoggerDevice.java:77) : - DISCEndpointDiscoveryPlugin_unregisterParticipantRemoteEndpoints:remote endpoint not previously asserted by plugin: 0XC0A80107,0X60F,0X1,0
2017-08-02 15:12:04,097 : WARN : com.rti.tools.console.entitymodel.util.Log4jLoggerDevice.write(Log4jLoggerDevice.java:77) : - DISCEndpointDiscoveryPlugin_unregisterParticipantRemoteEndpoints:remote endpoint not previously asserted by plugin: 0XC0A80107,0X60F,0X1,0
2017-08-02 15:13:29,101 : WARN : com.rti.tools.console.entitymodel.util.Log4jLoggerDevice.write(Log4jLoggerDevice.java:77) : - DISCEndpointDiscoveryPlugin_unregisterParticipantRemoteEndpoints:remote endpoint not previously asserted by plugin: 0XC0A80107,0X632,0X1,0
2017-08-02 15:13:29,102 : WARN : com.rti.tools.console.entitymodel.util.Log4jLoggerDevice.write(Log4jLoggerDevice.java:77) : - DISCEndpointDiscoveryPlugin_unregisterParticipantRemoteEndpoints:remote endpoint not previously asserted by plugin: 0XC0A80104,0X982,0X1,0
2017-08-02 15:13:33,540 : WARN : com.rti.tools.console.entitymodel.util.Log4jLoggerDevice.write(Log4jLoggerDevice.java:77) : - DISCEndpointDiscoveryPlugin_unregisterParticipantRemoteEndpoints:remote endpoint not previously asserted by plugin: 0XC0A80107,0X632,0X1,0
2017-08-02 15:13:33,542 : WARN : com.rti.tools.console.entitymodel.util.Log4jLoggerDevice.write(Log4jLoggerDevice.java:77) : - DISCEndpointDiscoveryPlugin_unregisterParticipantRemoteEndpoints:remote endpoint not previously asserted by plugin: 0XC0A80104,0X982,0X1,0
2017-08-02 15:19:09,878 : WARN : com.rti.tools.console.entitymodel.util.Log4jLoggerDevice.write(Log4jLoggerDevice.java:77) : - COMMENDBeReaderService_onSubmessage:!get ber remoteWriter
2017-08-02 15:19:09,878 : WARN : com.rti.tools.console.entitymodel.util.Log4jLoggerDevice.write(Log4jLoggerDevice.java:77) : - COMMENDBeReaderService_onSubmessage:!get ber remoteWriter
2017-08-02 15:21:18,131 : WARN : com.rti.tools.console.entitymodel.util.Log4jLoggerDevice.write(Log4jLoggerDevice.java:77) : - COMMENDBeReaderService_onSubmessage:!get ber remoteWriter
2017-08-02 15:22:01,696 : WARN : com.rti.tools.console.entitymodel.util.Log4jLoggerDevice.write(Log4jLoggerDevice.java:77) : - DISCEndpointDiscoveryPlugin_unregisterParticipantRemoteEndpoints:remote endpoint not previously asserted by plugin: 0XC0A80104,0X9AE,0X1,0
2017-08-02 15:22:08,566 : WARN : com.rti.tools.console.entitymodel.util.Log4jLoggerDevice.write(Log4jLoggerDevice.java:77) : - DISCEndpointDiscoveryPlugin_unregisterParticipantRemoteEndpoints:remote endpoint not previously asserted by plugin: 0XC0A80107,0X670,0X1,0
2017-08-02 15:22:09,125 : WARN : com.rti.tools.console.entitymodel.util.Log4jLoggerDevice.write(Log4jLoggerDevice.java:77) : - DISCEndpointDiscoveryPlugin_unregisterParticipantRemoteEndpoints:remote endpoint not previously asserted by plugin: 0XC0A80107,0X670,0X1,0
2017-08-02 15:23:08,569 : WARN : com.rti.tools.console.entitymodel.util.Log4jLoggerDevice.write(Log4jLoggerDevice.java:77) : - DISCEndpointDiscoveryPlugin_unregisterParticipantRemoteEndpoints:remote endpoint not previously asserted by plugin: 0XC0A80107,0X68D,0X1,0
2017-08-02 15:23:09,128 : WARN : com.rti.tools.console.entitymodel.util.Log4jLoggerDevice.write(Log4jLoggerDevice.java:77) : - DISCEndpointDiscoveryPlugin_unregisterParticipantRemoteEndpoints:remote endpoint not previously asserted by plugin: 0XC0A80107,0X68D,0X1,0
2017-08-02 15:23:11,697 : WARN : com.rti.tools.console.entitymodel.util.Log4jLoggerDevice.write(Log4jLoggerDevice.java:77) : - DISCEndpointDiscoveryPlugin_unregisterParticipantRemoteEndpoints:remote endpoint not previously asserted by plugin: 0XC0A80104,0X9C9,0X1,0
2017-08-02 15:24:36,701 : WARN : com.rti.tools.console.entitymodel.util.Log4jLoggerDevice.write(Log4jLoggerDevice.java:77) : - DISCEndpointDiscoveryPlugin_unregisterParticipantRemoteEndpoints:remote endpoint not previously asserted by plugin: 0XC0A80104,0X9E4,0X1,0
2017-08-02 15:24:39,133 : WARN : com.rti.tools.console.entitymodel.util.Log4jLoggerDevice.write(Log4jLoggerDevice.java:77) : - DISCEndpointDiscoveryPlugin_unregisterParticipantRemoteEndpoints:remote endpoint not previously asserted by plugin: 0XC0A80107,0X6AA,0X1,0
2017-08-02 15:24:43,572 : WARN : com.rti.tools.console.entitymodel.util.Log4jLoggerDevice.write(Log4jLoggerDevice.java:77) : - DISCEndpointDiscoveryPlugin_unregisterParticipantRemoteEndpoints:remote endpoint not previously asserted by plugin: 0XC0A80107,0X6AA,0X1,0
2017-08-02 15:26:09,923 : WARN : com.rti.tools.console.entitymodel.util.Log4jLoggerDevice.write(Log4jLoggerDevice.java:77) : - [D0400|Sub(80000009)|T=Example signal|DELETE Reader]WriterHistoryMemoryPlugin_dropFullyAckedUnregisteredInstance:unregistered instances not fully acked
2017-08-02 15:26:09,926 : WARN : com.rti.tools.console.entitymodel.util.Log4jLoggerDevice.write(Log4jLoggerDevice.java:77) : - COMMENDBeReaderService_onSubmessage:!get ber remoteWriter
2017-08-02 15:26:09,926 : WARN : com.rti.tools.console.entitymodel.util.Log4jLoggerDevice.write(Log4jLoggerDevice.java:77) : - [D0300|Sub(80000009)|T=rti/distlog|DELETE Reader]WriterHistoryMemoryPlugin_dropFullyAckedUnregisteredInstance:unregistered instances not fully acked
2017-08-02 15:26:09,927 : WARN : com.rti.tools.console.entitymodel.util.Log4jLoggerDevice.write(Log4jLoggerDevice.java:77) : - [D0300|Sub(80000009)|T=rti/distlog/administration/state|DELETE Reader]WriterHistoryMemoryPlugin_dropFullyAckedUnregisteredInstance:unregistered instances not fully acked
2017-08-02 15:26:09,927 : WARN : com.rti.tools.console.entitymodel.util.Log4jLoggerDevice.write(Log4jLoggerDevice.java:77) : - [D0300|Sub(80000009)|T=rti/distlog/administration/command_response|DELETE Reader]WriterHistoryMemoryPlugin_dropFullyAckedUnregisteredInstance:unregistered instances not fully acked
2017-08-02 15:26:09,928 : WARN : com.rti.tools.console.entitymodel.util.Log4jLoggerDevice.write(Log4jLoggerDevice.java:77) : - [D0300|Pub(80000008)|T=rti/distlog/administration/command_request|DELETE Writer]WriterHistoryMemoryPlugin_dropFullyAckedUnregisteredInstance:unregistered instances not fully acked
2017-08-02 15:26:09,928 : WARN : com.rti.tools.console.entitymodel.util.Log4jLoggerDevice.write(Log4jLoggerDevice.java:77) : - [D0300|Sub(80000109)|T=rti/routing_service/administration/command_response|DELETE Reader]WriterHistoryMemoryPlugin_dropFullyAckedUnregisteredInstance:unregistered instances not fully acked
2017-08-02 15:26:09,929 : WARN : com.rti.tools.console.entitymodel.util.Log4jLoggerDevice.write(Log4jLoggerDevice.java:77) : - [D0300|Sub(80000109)|T=rti/routing_service/monitoring/routing_service_data|DELETE Reader]WriterHistoryMemoryPlugin_dropFullyAckedUnregisteredInstance:unregistered instances not fully acked
2017-08-02 15:26:09,929 : WARN : com.rti.tools.console.entitymodel.util.Log4jLoggerDevice.write(Log4jLoggerDevice.java:77) : - [D0300|Sub(80000109)|T=rti/routing_service/monitoring/domain_route_data|DELETE Reader]WriterHistoryMemoryPlugin_dropFullyAckedUnregisteredInstance:unregistered instances not fully acked
2017-08-02 15:26:09,929 : WARN : com.rti.tools.console.entitymodel.util.Log4jLoggerDevice.write(Log4jLoggerDevice.java:77) : - [D0300|Sub(80000109)|T=rti/routing_service/monitoring/session_data|DELETE Reader]WriterHistoryMemoryPlugin_dropFullyAckedUnregisteredInstance:unregistered instances not fully acked
2017-08-02 15:26:09,930 : WARN : com.rti.tools.console.entitymodel.util.Log4jLoggerDevice.write(Log4jLoggerDevice.java:77) : - [D0300|Sub(80000109)|T=rti/routing_service/monitoring/route_data|DELETE Reader]WriterHistoryMemoryPlugin_dropFullyAckedUnregisteredInstance:unregistered instances not fully acked
2017-08-02 15:26:09,930 : WARN : com.rti.tools.console.entitymodel.util.Log4jLoggerDevice.write(Log4jLoggerDevice.java:77) : - [D0300|Sub(80000109)|T=rti/routing_service/monitoring/auto_route_data|DELETE Reader]WriterHistoryMemoryPlugin_dropFullyAckedUnregisteredInstance:unregistered instances not fully acked
2017-08-02 15:26:09,930 : WARN : com.rti.tools.console.entitymodel.util.Log4jLoggerDevice.write(Log4jLoggerDevice.java:77) : - [D0300|Sub(80000109)|T=rti/routing_service/monitoring/routing_service_status_set|DELETE Reader]WriterHistoryMemoryPlugin_dropFullyAckedUnregisteredInstance:unregistered instances not fully acked
2017-08-02 15:26:09,930 : WARN : com.rti.tools.console.entitymodel.util.Log4jLoggerDevice.write(Log4jLoggerDevice.java:77) : - [D0300|Sub(80000109)|T=rti/routing_service/monitoring/domain_route_status_set|DELETE Reader]WriterHistoryMemoryPlugin_dropFullyAckedUnregisteredInstance:unregistered instances not fully acked
2017-08-02 15:26:09,931 : WARN : com.rti.tools.console.entitymodel.util.Log4jLoggerDevice.write(Log4jLoggerDevice.java:77) : - [D0300|Sub(80000109)|T=rti/routing_service/monitoring/session_status_set|DELETE Reader]WriterHistoryMemoryPlugin_dropFullyAckedUnregisteredInstance:unregistered instances not fully acked
2017-08-02 15:26:09,931 : WARN : com.rti.tools.console.entitymodel.util.Log4jLoggerDevice.write(Log4jLoggerDevice.java:77) : - [D0300|Sub(80000109)|T=rti/routing_service/monitoring/route_status_set|DELETE Reader]WriterHistoryMemoryPlugin_dropFullyAckedUnregisteredInstance:unregistered instances not fully acked
2017-08-02 15:26:09,931 : WARN : com.rti.tools.console.entitymodel.util.Log4jLoggerDevice.write(Log4jLoggerDevice.java:77) : - [D0300|Sub(80000109)|T=rti/routing_service/monitoring/auto_route_status_set|DELETE Reader]WriterHistoryMemoryPlugin_dropFullyAckedUnregisteredInstance:unregistered instances not fully acked
2017-08-02 15:26:09,932 : WARN : com.rti.tools.console.entitymodel.util.Log4jLoggerDevice.write(Log4jLoggerDevice.java:77) : - [D0300|Pub(80000108)|T=rti/routing_service/administration/command_request|DELETE Writer]WriterHistoryMemoryPlugin_dropFullyAckedUnregisteredInstance:unregistered instances not fully acked
2017-08-02 15:26:09,932 : WARN : com.rti.tools.console.entitymodel.util.Log4jLoggerDevice.write(Log4jLoggerDevice.java:77) : - [D0300|Sub(80000209)|T=rti/recorder/administration/command_response|DELETE Reader]WriterHistoryMemoryPlugin_dropFullyAckedUnregisteredInstance:unregistered instances not fully acked
2017-08-02 15:26:09,933 : WARN : com.rti.tools.console.entitymodel.util.Log4jLoggerDevice.write(Log4jLoggerDevice.java:77) : - [D0300|Pub(80000208)|T=rti/recorder/administration/command_request|DELETE Writer]WriterHistoryMemoryPlugin_dropFullyAckedUnregisteredInstance:unregistered instances not fully acked
2017-08-02 15:26:09,933 : WARN : com.rti.tools.console.entitymodel.util.Log4jLoggerDevice.write(Log4jLoggerDevice.java:77) : - [D0300|Sub(80000309)|T=rti/replay/administration/command_response|DELETE Reader]WriterHistoryMemoryPlugin_dropFullyAckedUnregisteredInstance:unregistered instances not fully acked
2017-08-02 15:26:09,933 : WARN : com.rti.tools.console.entitymodel.util.Log4jLoggerDevice.write(Log4jLoggerDevice.java:77) : - [D0300|Pub(80000308)|T=rti/replay/administration/command_request|DELETE Writer]WriterHistoryMemoryPlugin_dropFullyAckedUnregisteredInstance:unregistered instances not fully acked
2017-08-02 15:26:09,934 : WARN : com.rti.tools.console.entitymodel.util.Log4jLoggerDevice.write(Log4jLoggerDevice.java:77) : - [D0300|Sub(80000409)|T=rti/persistence_service/administration/command_response|DELETE Reader]WriterHistoryMemoryPlugin_dropFullyAckedUnregisteredInstance:unregistered instances not fully acked
2017-08-02 15:26:09,935 : WARN : com.rti.tools.console.entitymodel.util.Log4jLoggerDevice.write(Log4jLoggerDevice.java:77) : - [D0300|Pub(80000408)|T=rti/persistence_service/administration/command_request|DELETE Writer]WriterHistoryMemoryPlugin_dropFullyAckedUnregisteredInstance:unregistered instances not fully acked
2017-08-02 15:26:12,049 : WARN : com.rti.tools.console.entitymodel.util.Log4jLoggerDevice.write(Log4jLoggerDevice.java:77) : - [D0101|Sub(80000009)|T=rti/distlog|DELETE Reader]WriterHistoryMemoryPlugin_dropFullyAckedUnregisteredInstance:unregistered instances not fully acked
2017-08-02 15:26:12,049 : WARN : com.rti.tools.console.entitymodel.util.Log4jLoggerDevice.write(Log4jLoggerDevice.java:77) : - [D0101|Sub(80000009)|T=rti/distlog/administration/state|DELETE Reader]WriterHistoryMemoryPlugin_dropFullyAckedUnregisteredInstance:unregistered instances not fully acked
2017-08-02 15:26:12,050 : WARN : com.rti.tools.console.entitymodel.util.Log4jLoggerDevice.write(Log4jLoggerDevice.java:77) : - [D0101|Sub(80000009)|T=rti/distlog/administration/command_response|DELETE Reader]WriterHistoryMemoryPlugin_dropFullyAckedUnregisteredInstance:unregistered instances not fully acked
2017-08-02 15:26:12,050 : WARN : com.rti.tools.console.entitymodel.util.Log4jLoggerDevice.write(Log4jLoggerDevice.java:77) : - [D0101|Pub(80000008)|T=rti/distlog/administration/command_request|DELETE Writer]WriterHistoryMemoryPlugin_dropFullyAckedUnregisteredInstance:unregistered instances not fully acked
2017-08-02 15:26:12,051 : WARN : com.rti.tools.console.entitymodel.util.Log4jLoggerDevice.write(Log4jLoggerDevice.java:77) : - [D0101|Sub(80000109)|T=rti/routing_service/administration/command_response|DELETE Reader]WriterHistoryMemoryPlugin_dropFullyAckedUnregisteredInstance:unregistered instances not fully acked
2017-08-02 15:26:12,051 : WARN : com.rti.tools.console.entitymodel.util.Log4jLoggerDevice.write(Log4jLoggerDevice.java:77) : - [D0101|Sub(80000109)|T=rti/routing_service/monitoring/routing_service_data|DELETE Reader]WriterHistoryMemoryPlugin_dropFullyAckedUnregisteredInstance:unregistered instances not fully acked
2017-08-02 15:26:12,051 : WARN : com.rti.tools.console.entitymodel.util.Log4jLoggerDevice.write(Log4jLoggerDevice.java:77) : - [D0101|Sub(80000109)|T=rti/routing_service/monitoring/domain_route_data|DELETE Reader]WriterHistoryMemoryPlugin_dropFullyAckedUnregisteredInstance:unregistered instances not fully acked
2017-08-02 15:26:12,052 : WARN : com.rti.tools.console.entitymodel.util.Log4jLoggerDevice.write(Log4jLoggerDevice.java:77) : - [D0101|Sub(80000109)|T=rti/routing_service/monitoring/session_data|DELETE Reader]WriterHistoryMemoryPlugin_dropFullyAckedUnregisteredInstance:unregistered instances not fully acked
2017-08-02 15:26:12,052 : WARN : com.rti.tools.console.entitymodel.util.Log4jLoggerDevice.write(Log4jLoggerDevice.java:77) : - [D0101|Sub(80000109)|T=rti/routing_service/monitoring/route_data|DELETE Reader]WriterHistoryMemoryPlugin_dropFullyAckedUnregisteredInstance:unregistered instances not fully acked
2017-08-02 15:26:12,052 : WARN : com.rti.tools.console.entitymodel.util.Log4jLoggerDevice.write(Log4jLoggerDevice.java:77) : - [D0101|Sub(80000109)|T=rti/routing_service/monitoring/auto_route_data|DELETE Reader]WriterHistoryMemoryPlugin_dropFullyAckedUnregisteredInstance:unregistered instances not fully acked
2017-08-02 15:26:12,052 : WARN : com.rti.tools.console.entitymodel.util.Log4jLoggerDevice.write(Log4jLoggerDevice.java:77) : - [D0101|Sub(80000109)|T=rti/routing_service/monitoring/routing_service_status_set|DELETE Reader]WriterHistoryMemoryPlugin_dropFullyAckedUnregisteredInstance:unregistered instances not fully acked
2017-08-02 15:26:12,053 : WARN : com.rti.tools.console.entitymodel.util.Log4jLoggerDevice.write(Log4jLoggerDevice.java:77) : - [D0101|Sub(80000109)|T=rti/routing_service/monitoring/domain_route_status_set|DELETE Reader]WriterHistoryMemoryPlugin_dropFullyAckedUnregisteredInstance:unregistered instances not fully acked
2017-08-02 15:26:12,053 : WARN : com.rti.tools.console.entitymodel.util.Log4jLoggerDevice.write(Log4jLoggerDevice.java:77) : - [D0101|Sub(80000109)|T=rti/routing_service/monitoring/session_status_set|DELETE Reader]WriterHistoryMemoryPlugin_dropFullyAckedUnregisteredInstance:unregistered instances not fully acked
2017-08-02 15:26:12,053 : WARN : com.rti.tools.console.entitymodel.util.Log4jLoggerDevice.write(Log4jLoggerDevice.java:77) : - [D0101|Sub(80000109)|T=rti/routing_service/monitoring/route_status_set|DELETE Reader]WriterHistoryMemoryPlugin_dropFullyAckedUnregisteredInstance:unregistered instances not fully acked
2017-08-02 15:26:12,053 : WARN : com.rti.tools.console.entitymodel.util.Log4jLoggerDevice.write(Log4jLoggerDevice.java:77) : - [D0101|Sub(80000109)|T=rti/routing_service/monitoring/auto_route_status_set|DELETE Reader]WriterHistoryMemoryPlugin_dropFullyAckedUnregisteredInstance:unregistered instances not fully acked
2017-08-02 15:26:12,054 : WARN : com.rti.tools.console.entitymodel.util.Log4jLoggerDevice.write(Log4jLoggerDevice.java:77) : - [D0101|Pub(80000108)|T=rti/routing_service/administration/command_request|DELETE Writer]WriterHistoryMemoryPlugin_dropFullyAckedUnregisteredInstance:unregistered instances not fully acked
2017-08-02 15:26:12,054 : WARN : com.rti.tools.console.entitymodel.util.Log4jLoggerDevice.write(Log4jLoggerDevice.java:77) : - [D0101|Sub(80000209)|T=rti/recorder/administration/command_response|DELETE Reader]WriterHistoryMemoryPlugin_dropFullyAckedUnregisteredInstance:unregistered instances not fully acked
2017-08-02 15:26:12,055 : WARN : com.rti.tools.console.entitymodel.util.Log4jLoggerDevice.write(Log4jLoggerDevice.java:77) : - [D0101|Pub(80000208)|T=rti/recorder/administration/command_request|DELETE Writer]WriterHistoryMemoryPlugin_dropFullyAckedUnregisteredInstance:unregistered instances not fully acked
2017-08-02 15:26:12,055 : WARN : com.rti.tools.console.entitymodel.util.Log4jLoggerDevice.write(Log4jLoggerDevice.java:77) : - [D0101|Sub(80000309)|T=rti/replay/administration/command_response|DELETE Reader]WriterHistoryMemoryPlugin_dropFullyAckedUnregisteredInstance:unregistered instances not fully acked
2017-08-02 15:26:12,056 : WARN : com.rti.tools.console.entitymodel.util.Log4jLoggerDevice.write(Log4jLoggerDevice.java:77) : - [D0101|Pub(80000308)|T=rti/replay/administration/command_request|DELETE Writer]WriterHistoryMemoryPlugin_dropFullyAckedUnregisteredInstance:unregistered instances not fully acked
2017-08-02 15:26:12,056 : WARN : com.rti.tools.console.entitymodel.util.Log4jLoggerDevice.write(Log4jLoggerDevice.java:77) : - [D0101|Sub(80000409)|T=rti/persistence_service/administration/command_response|DELETE Reader]WriterHistoryMemoryPlugin_dropFullyAckedUnregisteredInstance:unregistered instances not fully acked
2017-08-02 15:26:12,056 : WARN : com.rti.tools.console.entitymodel.util.Log4jLoggerDevice.write(Log4jLoggerDevice.java:77) : - [D0101|Pub(80000408)|T=rti/persistence_service/administration/command_request|DELETE Writer]WriterHistoryMemoryPlugin_dropFullyAckedUnregisteredInstance:unregistered instances not fully acked
