2017-07-31 16:11:07,739 : WARN : com.rti.tools.console.entitymodel.util.Log4jLoggerDevice.write(Log4jLoggerDevice.java:77) : - DISCEndpointDiscoveryPlugin_unregisterParticipantRemoteEndpoints:remote endpoint not previously asserted by plugin: 0XC0A80105,0X4687,0X1,0
2017-07-31 16:24:32,769 : WARN : com.rti.tools.console.entitymodel.util.Log4jLoggerDevice.write(Log4jLoggerDevice.java:77) : - DISCEndpointDiscoveryPlugin_unregisterParticipantRemoteEndpoints:remote endpoint not previously asserted by plugin: 0XC0A80104,0X389,0X1,0
2017-07-31 16:28:17,781 : WARN : com.rti.tools.console.entitymodel.util.Log4jLoggerDevice.write(Log4jLoggerDevice.java:77) : - DISCEndpointDiscoveryPlugin_unregisterParticipantRemoteEndpoints:remote endpoint not previously asserted by plugin: 0XC0A80103,0X4244,0X1,0
2017-07-31 16:28:32,781 : WARN : com.rti.tools.console.entitymodel.util.Log4jLoggerDevice.write(Log4jLoggerDevice.java:77) : - DISCEndpointDiscoveryPlugin_unregisterParticipantRemoteEndpoints:remote endpoint not previously asserted by plugin: 0XC0A80103,0X426B,0X1,0
2017-07-31 16:33:22,796 : WARN : com.rti.tools.console.entitymodel.util.Log4jLoggerDevice.write(Log4jLoggerDevice.java:77) : - DISCEndpointDiscoveryPlugin_unregisterParticipantRemoteEndpoints:remote endpoint not previously asserted by plugin: 0XC0A80103,0X4693,0X1,0
2017-07-31 16:41:36,186 : WARN : com.rti.tools.console.entitymodel.util.Log4jLoggerDevice.write(Log4jLoggerDevice.java:77) : - NDDS_Transport_UDPv4_send:OS sendmsg() failure, error 0X16: Invalid argument
2017-07-31 16:41:37,186 : WARN : com.rti.tools.console.entitymodel.util.Log4jLoggerDevice.write(Log4jLoggerDevice.java:77) : - NDDS_Transport_UDPv4_send:OS sendmsg() failure, error 0X16: Invalid argument
2017-07-31 16:41:38,186 : WARN : com.rti.tools.console.entitymodel.util.Log4jLoggerDevice.write(Log4jLoggerDevice.java:77) : - NDDS_Transport_UDPv4_send:OS sendmsg() failure, error 0X16: Invalid argument
2017-07-31 16:41:39,186 : WARN : com.rti.tools.console.entitymodel.util.Log4jLoggerDevice.write(Log4jLoggerDevice.java:77) : - NDDS_Transport_UDPv4_send:OS sendmsg() failure, error 0X16: Invalid argument
2017-07-31 16:41:40,186 : WARN : com.rti.tools.console.entitymodel.util.Log4jLoggerDevice.write(Log4jLoggerDevice.java:77) : - NDDS_Transport_UDPv4_send:OS sendmsg() failure, error 0X16: Invalid argument
2017-07-31 16:41:41,187 : WARN : com.rti.tools.console.entitymodel.util.Log4jLoggerDevice.write(Log4jLoggerDevice.java:77) : - NDDS_Transport_UDPv4_send:OS sendmsg() failure, error 0X16: Invalid argument
2017-07-31 16:41:42,188 : WARN : com.rti.tools.console.entitymodel.util.Log4jLoggerDevice.write(Log4jLoggerDevice.java:77) : - NDDS_Transport_UDPv4_send:OS sendmsg() failure, error 0X16: Invalid argument
2017-07-31 16:41:42,445 : WARN : com.rti.tools.console.entitymodel.util.Log4jLoggerDevice.write(Log4jLoggerDevice.java:77) : - [D0000|Sub(80000009)|T=rti/distlog|DELETE Reader]WriterHistoryMemoryPlugin_dropFullyAckedUnregisteredInstance:unregistered instances not fully acked
2017-07-31 16:41:42,445 : WARN : com.rti.tools.console.entitymodel.util.Log4jLoggerDevice.write(Log4jLoggerDevice.java:77) : - NDDS_Transport_UDPv4_send:OS sendmsg() failure, error 0X16: Invalid argument
2017-07-31 16:41:42,446 : WARN : com.rti.tools.console.entitymodel.util.Log4jLoggerDevice.write(Log4jLoggerDevice.java:77) : - [D0000|Sub(80000009)|T=rti/distlog/administration/state|DELETE Reader]WriterHistoryMemoryPlugin_dropFullyAckedUnregisteredInstance:unregistered instances not fully acked
2017-07-31 16:41:42,446 : WARN : com.rti.tools.console.entitymodel.util.Log4jLoggerDevice.write(Log4jLoggerDevice.java:77) : - NDDS_Transport_UDPv4_send:OS sendmsg() failure, error 0X16: Invalid argument
2017-07-31 16:41:42,447 : WARN : com.rti.tools.console.entitymodel.util.Log4jLoggerDevice.write(Log4jLoggerDevice.java:77) : - [D0000|Sub(80000009)|T=rti/distlog/administration/command_response|DELETE Reader]WriterHistoryMemoryPlugin_dropFullyAckedUnregisteredInstance:unregistered instances not fully acked
2017-07-31 16:41:42,448 : WARN : com.rti.tools.console.entitymodel.util.Log4jLoggerDevice.write(Log4jLoggerDevice.java:77) : - NDDS_Transport_UDPv4_send:OS sendmsg() failure, error 0X16: Invalid argument
2017-07-31 16:41:42,449 : WARN : com.rti.tools.console.entitymodel.util.Log4jLoggerDevice.write(Log4jLoggerDevice.java:77) : - [D0000|Pub(80000008)|T=rti/distlog/administration/command_request|DELETE Writer]WriterHistoryMemoryPlugin_dropFullyAckedUnregisteredInstance:unregistered instances not fully acked
2017-07-31 16:41:42,450 : WARN : com.rti.tools.console.entitymodel.util.Log4jLoggerDevice.write(Log4jLoggerDevice.java:77) : - NDDS_Transport_UDPv4_send:OS sendmsg() failure, error 0X16: Invalid argument
2017-07-31 16:41:42,451 : WARN : com.rti.tools.console.entitymodel.util.Log4jLoggerDevice.write(Log4jLoggerDevice.java:77) : - [D0000|Sub(80000109)|T=rti/routing_service/administration/command_response|DELETE Reader]WriterHistoryMemoryPlugin_dropFullyAckedUnregisteredInstance:unregistered instances not fully acked
2017-07-31 16:41:42,451 : WARN : com.rti.tools.console.entitymodel.util.Log4jLoggerDevice.write(Log4jLoggerDevice.java:77) : - NDDS_Transport_UDPv4_send:OS sendmsg() failure, error 0X16: Invalid argument
2017-07-31 16:41:42,451 : WARN : com.rti.tools.console.entitymodel.util.Log4jLoggerDevice.write(Log4jLoggerDevice.java:77) : - [D0000|Sub(80000109)|T=rti/routing_service/monitoring/routing_service_data|DELETE Reader]WriterHistoryMemoryPlugin_dropFullyAckedUnregisteredInstance:unregistered instances not fully acked
2017-07-31 16:41:42,451 : WARN : com.rti.tools.console.entitymodel.util.Log4jLoggerDevice.write(Log4jLoggerDevice.java:77) : - NDDS_Transport_UDPv4_send:OS sendmsg() failure, error 0X16: Invalid argument
2017-07-31 16:41:42,452 : WARN : com.rti.tools.console.entitymodel.util.Log4jLoggerDevice.write(Log4jLoggerDevice.java:77) : - [D0000|Sub(80000109)|T=rti/routing_service/monitoring/domain_route_data|DELETE Reader]WriterHistoryMemoryPlugin_dropFullyAckedUnregisteredInstance:unregistered instances not fully acked
2017-07-31 16:41:42,452 : WARN : com.rti.tools.console.entitymodel.util.Log4jLoggerDevice.write(Log4jLoggerDevice.java:77) : - NDDS_Transport_UDPv4_send:OS sendmsg() failure, error 0X16: Invalid argument
2017-07-31 16:41:42,452 : WARN : com.rti.tools.console.entitymodel.util.Log4jLoggerDevice.write(Log4jLoggerDevice.java:77) : - [D0000|Sub(80000109)|T=rti/routing_service/monitoring/session_data|DELETE Reader]WriterHistoryMemoryPlugin_dropFullyAckedUnregisteredInstance:unregistered instances not fully acked
2017-07-31 16:41:42,453 : WARN : com.rti.tools.console.entitymodel.util.Log4jLoggerDevice.write(Log4jLoggerDevice.java:77) : - NDDS_Transport_UDPv4_send:OS sendmsg() failure, error 0X16: Invalid argument
2017-07-31 16:41:42,453 : WARN : com.rti.tools.console.entitymodel.util.Log4jLoggerDevice.write(Log4jLoggerDevice.java:77) : - [D0000|Sub(80000109)|T=rti/routing_service/monitoring/route_data|DELETE Reader]WriterHistoryMemoryPlugin_dropFullyAckedUnregisteredInstance:unregistered instances not fully acked
2017-07-31 16:41:42,453 : WARN : com.rti.tools.console.entitymodel.util.Log4jLoggerDevice.write(Log4jLoggerDevice.java:77) : - NDDS_Transport_UDPv4_send:OS sendmsg() failure, error 0X16: Invalid argument
2017-07-31 16:41:42,454 : WARN : com.rti.tools.console.entitymodel.util.Log4jLoggerDevice.write(Log4jLoggerDevice.java:77) : - [D0000|Sub(80000109)|T=rti/routing_service/monitoring/auto_route_data|DELETE Reader]WriterHistoryMemoryPlugin_dropFullyAckedUnregisteredInstance:unregistered instances not fully acked
2017-07-31 16:41:42,454 : WARN : com.rti.tools.console.entitymodel.util.Log4jLoggerDevice.write(Log4jLoggerDevice.java:77) : - NDDS_Transport_UDPv4_send:OS sendmsg() failure, error 0X16: Invalid argument
2017-07-31 16:41:42,454 : WARN : com.rti.tools.console.entitymodel.util.Log4jLoggerDevice.write(Log4jLoggerDevice.java:77) : - [D0000|Sub(80000109)|T=rti/routing_service/monitoring/routing_service_status_set|DELETE Reader]WriterHistoryMemoryPlugin_dropFullyAckedUnregisteredInstance:unregistered instances not fully acked
2017-07-31 16:41:42,454 : WARN : com.rti.tools.console.entitymodel.util.Log4jLoggerDevice.write(Log4jLoggerDevice.java:77) : - NDDS_Transport_UDPv4_send:OS sendmsg() failure, error 0X16: Invalid argument
2017-07-31 16:41:42,455 : WARN : com.rti.tools.console.entitymodel.util.Log4jLoggerDevice.write(Log4jLoggerDevice.java:77) : - [D0000|Sub(80000109)|T=rti/routing_service/monitoring/domain_route_status_set|DELETE Reader]WriterHistoryMemoryPlugin_dropFullyAckedUnregisteredInstance:unregistered instances not fully acked
2017-07-31 16:41:42,455 : WARN : com.rti.tools.console.entitymodel.util.Log4jLoggerDevice.write(Log4jLoggerDevice.java:77) : - [D0000|Sub(80000109)|T=rti/routing_service/monitoring/session_status_set|DELETE Reader]WriterHistoryMemoryPlugin_dropFullyAckedUnregisteredInstance:unregistered instances not fully acked
2017-07-31 16:41:42,455 : WARN : com.rti.tools.console.entitymodel.util.Log4jLoggerDevice.write(Log4jLoggerDevice.java:77) : - [D0000|Sub(80000109)|T=rti/routing_service/monitoring/route_status_set|DELETE Reader]WriterHistoryMemoryPlugin_dropFullyAckedUnregisteredInstance:unregistered instances not fully acked
2017-07-31 16:41:42,456 : WARN : com.rti.tools.console.entitymodel.util.Log4jLoggerDevice.write(Log4jLoggerDevice.java:77) : - [D0000|Sub(80000109)|T=rti/routing_service/monitoring/auto_route_status_set|DELETE Reader]WriterHistoryMemoryPlugin_dropFullyAckedUnregisteredInstance:unregistered instances not fully acked
2017-07-31 16:41:42,456 : WARN : com.rti.tools.console.entitymodel.util.Log4jLoggerDevice.write(Log4jLoggerDevice.java:77) : - NDDS_Transport_UDPv4_send:OS sendmsg() failure, error 0X16: Invalid argument
2017-07-31 16:41:42,457 : WARN : com.rti.tools.console.entitymodel.util.Log4jLoggerDevice.write(Log4jLoggerDevice.java:77) : - [D0000|Pub(80000108)|T=rti/routing_service/administration/command_request|DELETE Writer]WriterHistoryMemoryPlugin_dropFullyAckedUnregisteredInstance:unregistered instances not fully acked
2017-07-31 16:41:42,457 : WARN : com.rti.tools.console.entitymodel.util.Log4jLoggerDevice.write(Log4jLoggerDevice.java:77) : - NDDS_Transport_UDPv4_send:OS sendmsg() failure, error 0X16: Invalid argument
2017-07-31 16:41:42,457 : WARN : com.rti.tools.console.entitymodel.util.Log4jLoggerDevice.write(Log4jLoggerDevice.java:77) : - [D0000|Sub(80000209)|T=rti/recorder/administration/command_response|DELETE Reader]WriterHistoryMemoryPlugin_dropFullyAckedUnregisteredInstance:unregistered instances not fully acked
2017-07-31 16:41:42,457 : WARN : com.rti.tools.console.entitymodel.util.Log4jLoggerDevice.write(Log4jLoggerDevice.java:77) : - NDDS_Transport_UDPv4_send:OS sendmsg() failure, error 0X16: Invalid argument
2017-07-31 16:41:42,458 : WARN : com.rti.tools.console.entitymodel.util.Log4jLoggerDevice.write(Log4jLoggerDevice.java:77) : - [D0000|Pub(80000208)|T=rti/recorder/administration/command_request|DELETE Writer]WriterHistoryMemoryPlugin_dropFullyAckedUnregisteredInstance:unregistered instances not fully acked
2017-07-31 16:41:42,458 : WARN : com.rti.tools.console.entitymodel.util.Log4jLoggerDevice.write(Log4jLoggerDevice.java:77) : - NDDS_Transport_UDPv4_send:OS sendmsg() failure, error 0X16: Invalid argument
2017-07-31 16:41:42,459 : WARN : com.rti.tools.console.entitymodel.util.Log4jLoggerDevice.write(Log4jLoggerDevice.java:77) : - [D0000|Sub(80000309)|T=rti/replay/administration/command_response|DELETE Reader]WriterHistoryMemoryPlugin_dropFullyAckedUnregisteredInstance:unregistered instances not fully acked
2017-07-31 16:41:42,459 : WARN : com.rti.tools.console.entitymodel.util.Log4jLoggerDevice.write(Log4jLoggerDevice.java:77) : - NDDS_Transport_UDPv4_send:OS sendmsg() failure, error 0X16: Invalid argument
2017-07-31 16:41:42,459 : WARN : com.rti.tools.console.entitymodel.util.Log4jLoggerDevice.write(Log4jLoggerDevice.java:77) : - [D0000|Pub(80000308)|T=rti/replay/administration/command_request|DELETE Writer]WriterHistoryMemoryPlugin_dropFullyAckedUnregisteredInstance:unregistered instances not fully acked
2017-07-31 16:41:42,459 : WARN : com.rti.tools.console.entitymodel.util.Log4jLoggerDevice.write(Log4jLoggerDevice.java:77) : - NDDS_Transport_UDPv4_send:OS sendmsg() failure, error 0X16: Invalid argument
2017-07-31 16:41:42,460 : WARN : com.rti.tools.console.entitymodel.util.Log4jLoggerDevice.write(Log4jLoggerDevice.java:77) : - [D0000|Sub(80000409)|T=rti/persistence_service/administration/command_response|DELETE Reader]WriterHistoryMemoryPlugin_dropFullyAckedUnregisteredInstance:unregistered instances not fully acked
2017-07-31 16:41:42,460 : WARN : com.rti.tools.console.entitymodel.util.Log4jLoggerDevice.write(Log4jLoggerDevice.java:77) : - NDDS_Transport_UDPv4_send:OS sendmsg() failure, error 0X16: Invalid argument
2017-07-31 16:41:42,460 : WARN : com.rti.tools.console.entitymodel.util.Log4jLoggerDevice.write(Log4jLoggerDevice.java:77) : - [D0000|Pub(80000408)|T=rti/persistence_service/administration/command_request|DELETE Writer]WriterHistoryMemoryPlugin_dropFullyAckedUnregisteredInstance:unregistered instances not fully acked
2017-07-31 16:41:42,461 : WARN : com.rti.tools.console.entitymodel.util.Log4jLoggerDevice.write(Log4jLoggerDevice.java:77) : - NDDS_Transport_UDPv4_send:OS sendmsg() failure, error 0X16: Invalid argument
2017-07-31 16:41:42,461 : WARN : com.rti.tools.console.entitymodel.util.Log4jLoggerDevice.write(Log4jLoggerDevice.java:77) : - NDDS_Transport_UDPv4_send:OS sendmsg() failure, error 0X16: Invalid argument
