2017-07-31 11:06:50,366 : WARN : com.rti.tools.console.entitymodel.util.Log4jLoggerDevice.write(Log4jLoggerDevice.java:77) : - PRESPsService_readerSampleListenerOnNewData:!goto WR pres psRemoteWriter
2017-07-31 11:06:50,368 : WARN : com.rti.tools.console.entitymodel.util.Log4jLoggerDevice.write(Log4jLoggerDevice.java:77) : - PRESPsService_readerSampleListenerOnNewData:!goto WR pres psRemoteWriter
2017-07-31 11:07:19,651 : WARN : com.rti.tools.console.entitymodel.util.Log4jLoggerDevice.write(Log4jLoggerDevice.java:77) : - RTICdrTypeObjectStructureType_is_extensible_assignable:types are not assignable: types have different number of key members
2017-07-31 11:07:19,652 : WARN : com.rti.tools.console.entitymodel.util.Log4jLoggerDevice.write(Log4jLoggerDevice.java:77) : - RTICdrTypeObjectStructureType_is_assignable:types are not assignable: structures are not assignable: hello_message, hello_message
2017-07-31 11:07:19,662 : WARN : com.rti.tools.console.entitymodel.util.Log4jLoggerDevice.write(Log4jLoggerDevice.java:77) : - RTICdrTypeObjectStructureType_is_extensible_assignable:types are not assignable: types have different number of key members
2017-07-31 11:07:19,662 : WARN : com.rti.tools.console.entitymodel.util.Log4jLoggerDevice.write(Log4jLoggerDevice.java:77) : - RTICdrTypeObjectStructureType_is_assignable:types are not assignable: structures are not assignable: hello_message, hello_message
2017-07-31 11:09:05,791 : WARN : com.rti.tools.console.entitymodel.util.Log4jLoggerDevice.write(Log4jLoggerDevice.java:77) : - DISCEndpointDiscoveryPlugin_unregisterParticipantRemoteEndpoints:remote endpoint not previously asserted by plugin: 0XC0A80103,0X24E5,0X1,0
2017-07-31 11:11:38,833 : WARN : com.rti.tools.console.entitymodel.util.Log4jLoggerDevice.write(Log4jLoggerDevice.java:77) : - DISCEndpointDiscoveryPlugin_unregisterParticipantRemoteEndpoints:remote endpoint not previously asserted by plugin: 0XC0A80103,0X24F7,0X1,0
2017-07-31 11:18:40,092 : WARN : com.rti.tools.console.entitymodel.util.Log4jLoggerDevice.write(Log4jLoggerDevice.java:77) : - RTICdrTypeObjectStructureType_is_extensible_assignable:types are not assignable: types have different number of key members
2017-07-31 11:18:40,093 : WARN : com.rti.tools.console.entitymodel.util.Log4jLoggerDevice.write(Log4jLoggerDevice.java:77) : - RTICdrTypeObjectStructureType_is_assignable:types are not assignable: structures are not assignable: hello_message, hello_message
2017-07-31 11:18:55,590 : WARN : com.rti.tools.console.entitymodel.util.Log4jLoggerDevice.write(Log4jLoggerDevice.java:77) : - RTICdrTypeObjectStructureType_is_extensible_assignable:types are not assignable: types have different number of key members
2017-07-31 11:18:55,590 : WARN : com.rti.tools.console.entitymodel.util.Log4jLoggerDevice.write(Log4jLoggerDevice.java:77) : - RTICdrTypeObjectStructureType_is_assignable:types are not assignable: structures are not assignable: hello_message, hello_message
2017-07-31 11:20:25,820 : WARN : com.rti.tools.console.entitymodel.util.Log4jLoggerDevice.write(Log4jLoggerDevice.java:77) : - DISCEndpointDiscoveryPlugin_unregisterParticipantRemoteEndpoints:remote endpoint not previously asserted by plugin: 0XC0A80103,0X3820,0X1,0
2017-07-31 11:29:03,882 : WARN : com.rti.tools.console.entitymodel.util.Log4jLoggerDevice.write(Log4jLoggerDevice.java:77) : - DISCEndpointDiscoveryPlugin_unregisterParticipantRemoteEndpoints:remote endpoint not previously asserted by plugin: 0XC0A80105,0X7C46,0X1,0
2017-07-31 11:32:00,845 : WARN : com.rti.tools.console.entitymodel.util.Log4jLoggerDevice.write(Log4jLoggerDevice.java:77) : - DISCEndpointDiscoveryPlugin_unregisterParticipantRemoteEndpoints:remote endpoint not previously asserted by plugin: 0XC0A80103,0X4226,0X1,0
2017-07-31 11:32:15,845 : WARN : com.rti.tools.console.entitymodel.util.Log4jLoggerDevice.write(Log4jLoggerDevice.java:77) : - DISCEndpointDiscoveryPlugin_unregisterParticipantRemoteEndpoints:remote endpoint not previously asserted by plugin: 0XC0A80103,0X41DA,0X1,0
2017-07-31 11:37:15,858 : WARN : com.rti.tools.console.entitymodel.util.Log4jLoggerDevice.write(Log4jLoggerDevice.java:77) : - DISCEndpointDiscoveryPlugin_unregisterParticipantRemoteEndpoints:remote endpoint not previously asserted by plugin: 0XC0A80103,0X442D,0X1,0
2017-07-31 12:40:44,458 : WARN : com.rti.tools.console.entitymodel.util.Log4jLoggerDevice.write(Log4jLoggerDevice.java:77) : - RTICdrTypeObjectStructureType_is_extensible_assignable:types are not assignable: types have different number of key members
2017-07-31 12:40:44,459 : WARN : com.rti.tools.console.entitymodel.util.Log4jLoggerDevice.write(Log4jLoggerDevice.java:77) : - RTICdrTypeObjectStructureType_is_assignable:types are not assignable: structures are not assignable: hello_message, hello_message
2017-07-31 12:42:08,097 : WARN : com.rti.tools.console.entitymodel.util.Log4jLoggerDevice.write(Log4jLoggerDevice.java:77) : - RTICdrTypeObjectStructureType_is_extensible_assignable:types are not assignable: types have different number of key members
2017-07-31 12:42:08,097 : WARN : com.rti.tools.console.entitymodel.util.Log4jLoggerDevice.write(Log4jLoggerDevice.java:77) : - RTICdrTypeObjectStructureType_is_assignable:types are not assignable: structures are not assignable: hello_message, hello_message
2017-07-31 12:43:28,871 : WARN : com.rti.tools.console.entitymodel.util.Log4jLoggerDevice.write(Log4jLoggerDevice.java:77) : - RTICdrTypeObjectStructureType_is_extensible_assignable:types are not assignable: types have different number of key members
2017-07-31 12:43:28,872 : WARN : com.rti.tools.console.entitymodel.util.Log4jLoggerDevice.write(Log4jLoggerDevice.java:77) : - RTICdrTypeObjectStructureType_is_assignable:types are not assignable: structures are not assignable: hello_message, hello_message
2017-07-31 12:43:28,876 : WARN : com.rti.tools.console.entitymodel.util.Log4jLoggerDevice.write(Log4jLoggerDevice.java:77) : - RTICdrTypeObjectStructureType_is_extensible_assignable:types are not assignable: types have different number of key members
2017-07-31 12:43:28,876 : WARN : com.rti.tools.console.entitymodel.util.Log4jLoggerDevice.write(Log4jLoggerDevice.java:77) : - RTICdrTypeObjectStructureType_is_assignable:types are not assignable: structures are not assignable: hello_message, hello_message
2017-07-31 12:46:11,704 : WARN : com.rti.tools.console.entitymodel.util.Log4jLoggerDevice.write(Log4jLoggerDevice.java:77) : - [D0000|Sub(80000009)|T=rti/distlog|DELETE Reader]WriterHistoryMemoryPlugin_dropFullyAckedUnregisteredInstance:unregistered instances not fully acked
2017-07-31 12:46:11,704 : WARN : com.rti.tools.console.entitymodel.util.Log4jLoggerDevice.write(Log4jLoggerDevice.java:77) : - [D0000|Sub(80000009)|T=rti/distlog/administration/state|DELETE Reader]WriterHistoryMemoryPlugin_dropFullyAckedUnregisteredInstance:unregistered instances not fully acked
2017-07-31 12:46:11,704 : WARN : com.rti.tools.console.entitymodel.util.Log4jLoggerDevice.write(Log4jLoggerDevice.java:77) : - [D0000|Sub(80000009)|T=rti/distlog/administration/command_response|DELETE Reader]WriterHistoryMemoryPlugin_dropFullyAckedUnregisteredInstance:unregistered instances not fully acked
2017-07-31 12:46:11,706 : WARN : com.rti.tools.console.entitymodel.util.Log4jLoggerDevice.write(Log4jLoggerDevice.java:77) : - [D0000|Pub(80000008)|T=rti/distlog/administration/command_request|DELETE Writer]WriterHistoryMemoryPlugin_dropFullyAckedUnregisteredInstance:unregistered instances not fully acked
2017-07-31 12:46:11,707 : WARN : com.rti.tools.console.entitymodel.util.Log4jLoggerDevice.write(Log4jLoggerDevice.java:77) : - [D0000|Sub(80000109)|T=rti/routing_service/administration/command_response|DELETE Reader]WriterHistoryMemoryPlugin_dropFullyAckedUnregisteredInstance:unregistered instances not fully acked
2017-07-31 12:46:11,708 : WARN : com.rti.tools.console.entitymodel.util.Log4jLoggerDevice.write(Log4jLoggerDevice.java:77) : - [D0000|Sub(80000109)|T=rti/routing_service/monitoring/routing_service_data|DELETE Reader]WriterHistoryMemoryPlugin_dropFullyAckedUnregisteredInstance:unregistered instances not fully acked
2017-07-31 12:46:11,708 : WARN : com.rti.tools.console.entitymodel.util.Log4jLoggerDevice.write(Log4jLoggerDevice.java:77) : - [D0000|Sub(80000109)|T=rti/routing_service/monitoring/domain_route_data|DELETE Reader]WriterHistoryMemoryPlugin_dropFullyAckedUnregisteredInstance:unregistered instances not fully acked
2017-07-31 12:46:11,708 : WARN : com.rti.tools.console.entitymodel.util.Log4jLoggerDevice.write(Log4jLoggerDevice.java:77) : - [D0000|Sub(80000109)|T=rti/routing_service/monitoring/session_data|DELETE Reader]WriterHistoryMemoryPlugin_dropFullyAckedUnregisteredInstance:unregistered instances not fully acked
2017-07-31 12:46:11,708 : WARN : com.rti.tools.console.entitymodel.util.Log4jLoggerDevice.write(Log4jLoggerDevice.java:77) : - [D0000|Sub(80000109)|T=rti/routing_service/monitoring/route_data|DELETE Reader]WriterHistoryMemoryPlugin_dropFullyAckedUnregisteredInstance:unregistered instances not fully acked
2017-07-31 12:46:11,709 : WARN : com.rti.tools.console.entitymodel.util.Log4jLoggerDevice.write(Log4jLoggerDevice.java:77) : - [D0000|Sub(80000109)|T=rti/routing_service/monitoring/auto_route_data|DELETE Reader]WriterHistoryMemoryPlugin_dropFullyAckedUnregisteredInstance:unregistered instances not fully acked
2017-07-31 12:46:11,709 : WARN : com.rti.tools.console.entitymodel.util.Log4jLoggerDevice.write(Log4jLoggerDevice.java:77) : - [D0000|Sub(80000109)|T=rti/routing_service/monitoring/routing_service_status_set|DELETE Reader]WriterHistoryMemoryPlugin_dropFullyAckedUnregisteredInstance:unregistered instances not fully acked
2017-07-31 12:46:11,710 : WARN : com.rti.tools.console.entitymodel.util.Log4jLoggerDevice.write(Log4jLoggerDevice.java:77) : - [D0000|Sub(80000109)|T=rti/routing_service/monitoring/domain_route_status_set|DELETE Reader]WriterHistoryMemoryPlugin_dropFullyAckedUnregisteredInstance:unregistered instances not fully acked
2017-07-31 12:46:11,710 : WARN : com.rti.tools.console.entitymodel.util.Log4jLoggerDevice.write(Log4jLoggerDevice.java:77) : - [D0000|Sub(80000109)|T=rti/routing_service/monitoring/session_status_set|DELETE Reader]WriterHistoryMemoryPlugin_dropFullyAckedUnregisteredInstance:unregistered instances not fully acked
2017-07-31 12:46:11,710 : WARN : com.rti.tools.console.entitymodel.util.Log4jLoggerDevice.write(Log4jLoggerDevice.java:77) : - [D0000|Sub(80000109)|T=rti/routing_service/monitoring/route_status_set|DELETE Reader]WriterHistoryMemoryPlugin_dropFullyAckedUnregisteredInstance:unregistered instances not fully acked
2017-07-31 12:46:11,711 : WARN : com.rti.tools.console.entitymodel.util.Log4jLoggerDevice.write(Log4jLoggerDevice.java:77) : - [D0000|Sub(80000109)|T=rti/routing_service/monitoring/auto_route_status_set|DELETE Reader]WriterHistoryMemoryPlugin_dropFullyAckedUnregisteredInstance:unregistered instances not fully acked
2017-07-31 12:46:11,711 : WARN : com.rti.tools.console.entitymodel.util.Log4jLoggerDevice.write(Log4jLoggerDevice.java:77) : - [D0000|Pub(80000108)|T=rti/routing_service/administration/command_request|DELETE Writer]WriterHistoryMemoryPlugin_dropFullyAckedUnregisteredInstance:unregistered instances not fully acked
2017-07-31 12:46:11,712 : WARN : com.rti.tools.console.entitymodel.util.Log4jLoggerDevice.write(Log4jLoggerDevice.java:77) : - [D0000|Sub(80000209)|T=rti/recorder/administration/command_response|DELETE Reader]WriterHistoryMemoryPlugin_dropFullyAckedUnregisteredInstance:unregistered instances not fully acked
2017-07-31 12:46:11,712 : WARN : com.rti.tools.console.entitymodel.util.Log4jLoggerDevice.write(Log4jLoggerDevice.java:77) : - [D0000|Pub(80000208)|T=rti/recorder/administration/command_request|DELETE Writer]WriterHistoryMemoryPlugin_dropFullyAckedUnregisteredInstance:unregistered instances not fully acked
2017-07-31 12:46:11,713 : WARN : com.rti.tools.console.entitymodel.util.Log4jLoggerDevice.write(Log4jLoggerDevice.java:77) : - [D0000|Sub(80000309)|T=rti/replay/administration/command_response|DELETE Reader]WriterHistoryMemoryPlugin_dropFullyAckedUnregisteredInstance:unregistered instances not fully acked
2017-07-31 12:46:11,713 : WARN : com.rti.tools.console.entitymodel.util.Log4jLoggerDevice.write(Log4jLoggerDevice.java:77) : - [D0000|Pub(80000308)|T=rti/replay/administration/command_request|DELETE Writer]WriterHistoryMemoryPlugin_dropFullyAckedUnregisteredInstance:unregistered instances not fully acked
2017-07-31 12:46:11,713 : WARN : com.rti.tools.console.entitymodel.util.Log4jLoggerDevice.write(Log4jLoggerDevice.java:77) : - [D0000|Sub(80000409)|T=rti/persistence_service/administration/command_response|DELETE Reader]WriterHistoryMemoryPlugin_dropFullyAckedUnregisteredInstance:unregistered instances not fully acked
2017-07-31 12:46:11,714 : WARN : com.rti.tools.console.entitymodel.util.Log4jLoggerDevice.write(Log4jLoggerDevice.java:77) : - [D0000|Pub(80000408)|T=rti/persistence_service/administration/command_request|DELETE Writer]WriterHistoryMemoryPlugin_dropFullyAckedUnregisteredInstance:unregistered instances not fully acked
2017-07-31 12:46:13,831 : WARN : com.rti.tools.console.entitymodel.util.Log4jLoggerDevice.write(Log4jLoggerDevice.java:77) : - [D0101|Sub(80000009)|T=rti/distlog|DELETE Reader]WriterHistoryMemoryPlugin_dropFullyAckedUnregisteredInstance:unregistered instances not fully acked
2017-07-31 12:46:13,831 : WARN : com.rti.tools.console.entitymodel.util.Log4jLoggerDevice.write(Log4jLoggerDevice.java:77) : - [D0101|Sub(80000009)|T=rti/distlog/administration/state|DELETE Reader]WriterHistoryMemoryPlugin_dropFullyAckedUnregisteredInstance:unregistered instances not fully acked
2017-07-31 12:46:13,832 : WARN : com.rti.tools.console.entitymodel.util.Log4jLoggerDevice.write(Log4jLoggerDevice.java:77) : - [D0101|Sub(80000009)|T=rti/distlog/administration/command_response|DELETE Reader]WriterHistoryMemoryPlugin_dropFullyAckedUnregisteredInstance:unregistered instances not fully acked
2017-07-31 12:46:13,832 : WARN : com.rti.tools.console.entitymodel.util.Log4jLoggerDevice.write(Log4jLoggerDevice.java:77) : - [D0101|Pub(80000008)|T=rti/distlog/administration/command_request|DELETE Writer]WriterHistoryMemoryPlugin_dropFullyAckedUnregisteredInstance:unregistered instances not fully acked
2017-07-31 12:46:13,834 : WARN : com.rti.tools.console.entitymodel.util.Log4jLoggerDevice.write(Log4jLoggerDevice.java:77) : - [D0101|Sub(80000109)|T=rti/routing_service/administration/command_response|DELETE Reader]WriterHistoryMemoryPlugin_dropFullyAckedUnregisteredInstance:unregistered instances not fully acked
2017-07-31 12:46:13,834 : WARN : com.rti.tools.console.entitymodel.util.Log4jLoggerDevice.write(Log4jLoggerDevice.java:77) : - [D0101|Sub(80000109)|T=rti/routing_service/monitoring/routing_service_data|DELETE Reader]WriterHistoryMemoryPlugin_dropFullyAckedUnregisteredInstance:unregistered instances not fully acked
2017-07-31 12:46:13,835 : WARN : com.rti.tools.console.entitymodel.util.Log4jLoggerDevice.write(Log4jLoggerDevice.java:77) : - [D0101|Sub(80000109)|T=rti/routing_service/monitoring/domain_route_data|DELETE Reader]WriterHistoryMemoryPlugin_dropFullyAckedUnregisteredInstance:unregistered instances not fully acked
2017-07-31 12:46:13,835 : WARN : com.rti.tools.console.entitymodel.util.Log4jLoggerDevice.write(Log4jLoggerDevice.java:77) : - [D0101|Sub(80000109)|T=rti/routing_service/monitoring/session_data|DELETE Reader]WriterHistoryMemoryPlugin_dropFullyAckedUnregisteredInstance:unregistered instances not fully acked
2017-07-31 12:46:13,835 : WARN : com.rti.tools.console.entitymodel.util.Log4jLoggerDevice.write(Log4jLoggerDevice.java:77) : - [D0101|Sub(80000109)|T=rti/routing_service/monitoring/route_data|DELETE Reader]WriterHistoryMemoryPlugin_dropFullyAckedUnregisteredInstance:unregistered instances not fully acked
2017-07-31 12:46:13,836 : WARN : com.rti.tools.console.entitymodel.util.Log4jLoggerDevice.write(Log4jLoggerDevice.java:77) : - [D0101|Sub(80000109)|T=rti/routing_service/monitoring/auto_route_data|DELETE Reader]WriterHistoryMemoryPlugin_dropFullyAckedUnregisteredInstance:unregistered instances not fully acked
2017-07-31 12:46:13,836 : WARN : com.rti.tools.console.entitymodel.util.Log4jLoggerDevice.write(Log4jLoggerDevice.java:77) : - [D0101|Sub(80000109)|T=rti/routing_service/monitoring/routing_service_status_set|DELETE Reader]WriterHistoryMemoryPlugin_dropFullyAckedUnregisteredInstance:unregistered instances not fully acked
2017-07-31 12:46:13,837 : WARN : com.rti.tools.console.entitymodel.util.Log4jLoggerDevice.write(Log4jLoggerDevice.java:77) : - [D0101|Sub(80000109)|T=rti/routing_service/monitoring/domain_route_status_set|DELETE Reader]WriterHistoryMemoryPlugin_dropFullyAckedUnregisteredInstance:unregistered instances not fully acked
2017-07-31 12:46:13,837 : WARN : com.rti.tools.console.entitymodel.util.Log4jLoggerDevice.write(Log4jLoggerDevice.java:77) : - [D0101|Sub(80000109)|T=rti/routing_service/monitoring/session_status_set|DELETE Reader]WriterHistoryMemoryPlugin_dropFullyAckedUnregisteredInstance:unregistered instances not fully acked
2017-07-31 12:46:13,838 : WARN : com.rti.tools.console.entitymodel.util.Log4jLoggerDevice.write(Log4jLoggerDevice.java:77) : - [D0101|Sub(80000109)|T=rti/routing_service/monitoring/route_status_set|DELETE Reader]WriterHistoryMemoryPlugin_dropFullyAckedUnregisteredInstance:unregistered instances not fully acked
2017-07-31 12:46:13,838 : WARN : com.rti.tools.console.entitymodel.util.Log4jLoggerDevice.write(Log4jLoggerDevice.java:77) : - [D0101|Sub(80000109)|T=rti/routing_service/monitoring/auto_route_status_set|DELETE Reader]WriterHistoryMemoryPlugin_dropFullyAckedUnregisteredInstance:unregistered instances not fully acked
2017-07-31 12:46:13,839 : WARN : com.rti.tools.console.entitymodel.util.Log4jLoggerDevice.write(Log4jLoggerDevice.java:77) : - [D0101|Pub(80000108)|T=rti/routing_service/administration/command_request|DELETE Writer]WriterHistoryMemoryPlugin_dropFullyAckedUnregisteredInstance:unregistered instances not fully acked
2017-07-31 12:46:13,840 : WARN : com.rti.tools.console.entitymodel.util.Log4jLoggerDevice.write(Log4jLoggerDevice.java:77) : - [D0101|Sub(80000209)|T=rti/recorder/administration/command_response|DELETE Reader]WriterHistoryMemoryPlugin_dropFullyAckedUnregisteredInstance:unregistered instances not fully acked
2017-07-31 12:46:13,840 : WARN : com.rti.tools.console.entitymodel.util.Log4jLoggerDevice.write(Log4jLoggerDevice.java:77) : - [D0101|Pub(80000208)|T=rti/recorder/administration/command_request|DELETE Writer]WriterHistoryMemoryPlugin_dropFullyAckedUnregisteredInstance:unregistered instances not fully acked
2017-07-31 12:46:13,842 : WARN : com.rti.tools.console.entitymodel.util.Log4jLoggerDevice.write(Log4jLoggerDevice.java:77) : - [D0101|Sub(80000309)|T=rti/replay/administration/command_response|DELETE Reader]WriterHistoryMemoryPlugin_dropFullyAckedUnregisteredInstance:unregistered instances not fully acked
2017-07-31 12:46:13,842 : WARN : com.rti.tools.console.entitymodel.util.Log4jLoggerDevice.write(Log4jLoggerDevice.java:77) : - [D0101|Pub(80000308)|T=rti/replay/administration/command_request|DELETE Writer]WriterHistoryMemoryPlugin_dropFullyAckedUnregisteredInstance:unregistered instances not fully acked
2017-07-31 12:46:13,843 : WARN : com.rti.tools.console.entitymodel.util.Log4jLoggerDevice.write(Log4jLoggerDevice.java:77) : - [D0101|Sub(80000409)|T=rti/persistence_service/administration/command_response|DELETE Reader]WriterHistoryMemoryPlugin_dropFullyAckedUnregisteredInstance:unregistered instances not fully acked
2017-07-31 12:46:13,843 : WARN : com.rti.tools.console.entitymodel.util.Log4jLoggerDevice.write(Log4jLoggerDevice.java:77) : - [D0101|Pub(80000408)|T=rti/persistence_service/administration/command_request|DELETE Writer]WriterHistoryMemoryPlugin_dropFullyAckedUnregisteredInstance:unregistered instances not fully acked
2017-07-31 12:46:15,961 : WARN : com.rti.tools.console.entitymodel.util.Log4jLoggerDevice.write(Log4jLoggerDevice.java:77) : - [D0003|Sub(80000009)|T=rti/distlog|DELETE Reader]WriterHistoryMemoryPlugin_dropFullyAckedUnregisteredInstance:unregistered instances not fully acked
2017-07-31 12:46:15,962 : WARN : com.rti.tools.console.entitymodel.util.Log4jLoggerDevice.write(Log4jLoggerDevice.java:77) : - [D0003|Sub(80000009)|T=rti/distlog/administration/state|DELETE Reader]WriterHistoryMemoryPlugin_dropFullyAckedUnregisteredInstance:unregistered instances not fully acked
2017-07-31 12:46:15,963 : WARN : com.rti.tools.console.entitymodel.util.Log4jLoggerDevice.write(Log4jLoggerDevice.java:77) : - [D0003|Sub(80000009)|T=rti/distlog/administration/command_response|DELETE Reader]WriterHistoryMemoryPlugin_dropFullyAckedUnregisteredInstance:unregistered instances not fully acked
2017-07-31 12:46:15,963 : WARN : com.rti.tools.console.entitymodel.util.Log4jLoggerDevice.write(Log4jLoggerDevice.java:77) : - [D0003|Pub(80000008)|T=rti/distlog/administration/command_request|DELETE Writer]WriterHistoryMemoryPlugin_dropFullyAckedUnregisteredInstance:unregistered instances not fully acked
2017-07-31 12:46:15,965 : WARN : com.rti.tools.console.entitymodel.util.Log4jLoggerDevice.write(Log4jLoggerDevice.java:77) : - [D0003|Sub(80000109)|T=rti/routing_service/administration/command_response|DELETE Reader]WriterHistoryMemoryPlugin_dropFullyAckedUnregisteredInstance:unregistered instances not fully acked
2017-07-31 12:46:15,965 : WARN : com.rti.tools.console.entitymodel.util.Log4jLoggerDevice.write(Log4jLoggerDevice.java:77) : - [D0003|Sub(80000109)|T=rti/routing_service/monitoring/routing_service_data|DELETE Reader]WriterHistoryMemoryPlugin_dropFullyAckedUnregisteredInstance:unregistered instances not fully acked
2017-07-31 12:46:15,966 : WARN : com.rti.tools.console.entitymodel.util.Log4jLoggerDevice.write(Log4jLoggerDevice.java:77) : - [D0003|Sub(80000109)|T=rti/routing_service/monitoring/domain_route_data|DELETE Reader]WriterHistoryMemoryPlugin_dropFullyAckedUnregisteredInstance:unregistered instances not fully acked
2017-07-31 12:46:15,967 : WARN : com.rti.tools.console.entitymodel.util.Log4jLoggerDevice.write(Log4jLoggerDevice.java:77) : - [D0003|Sub(80000109)|T=rti/routing_service/monitoring/session_data|DELETE Reader]WriterHistoryMemoryPlugin_dropFullyAckedUnregisteredInstance:unregistered instances not fully acked
2017-07-31 12:46:15,967 : WARN : com.rti.tools.console.entitymodel.util.Log4jLoggerDevice.write(Log4jLoggerDevice.java:77) : - [D0003|Sub(80000109)|T=rti/routing_service/monitoring/route_data|DELETE Reader]WriterHistoryMemoryPlugin_dropFullyAckedUnregisteredInstance:unregistered instances not fully acked
2017-07-31 12:46:15,968 : WARN : com.rti.tools.console.entitymodel.util.Log4jLoggerDevice.write(Log4jLoggerDevice.java:77) : - [D0003|Sub(80000109)|T=rti/routing_service/monitoring/auto_route_data|DELETE Reader]WriterHistoryMemoryPlugin_dropFullyAckedUnregisteredInstance:unregistered instances not fully acked
2017-07-31 12:46:15,968 : WARN : com.rti.tools.console.entitymodel.util.Log4jLoggerDevice.write(Log4jLoggerDevice.java:77) : - [D0003|Sub(80000109)|T=rti/routing_service/monitoring/routing_service_status_set|DELETE Reader]WriterHistoryMemoryPlugin_dropFullyAckedUnregisteredInstance:unregistered instances not fully acked
2017-07-31 12:46:15,969 : WARN : com.rti.tools.console.entitymodel.util.Log4jLoggerDevice.write(Log4jLoggerDevice.java:77) : - [D0003|Sub(80000109)|T=rti/routing_service/monitoring/domain_route_status_set|DELETE Reader]WriterHistoryMemoryPlugin_dropFullyAckedUnregisteredInstance:unregistered instances not fully acked
2017-07-31 12:46:15,970 : WARN : com.rti.tools.console.entitymodel.util.Log4jLoggerDevice.write(Log4jLoggerDevice.java:77) : - [D0003|Sub(80000109)|T=rti/routing_service/monitoring/session_status_set|DELETE Reader]WriterHistoryMemoryPlugin_dropFullyAckedUnregisteredInstance:unregistered instances not fully acked
2017-07-31 12:46:15,970 : WARN : com.rti.tools.console.entitymodel.util.Log4jLoggerDevice.write(Log4jLoggerDevice.java:77) : - [D0003|Sub(80000109)|T=rti/routing_service/monitoring/route_status_set|DELETE Reader]WriterHistoryMemoryPlugin_dropFullyAckedUnregisteredInstance:unregistered instances not fully acked
2017-07-31 12:46:15,971 : WARN : com.rti.tools.console.entitymodel.util.Log4jLoggerDevice.write(Log4jLoggerDevice.java:77) : - [D0003|Sub(80000109)|T=rti/routing_service/monitoring/auto_route_status_set|DELETE Reader]WriterHistoryMemoryPlugin_dropFullyAckedUnregisteredInstance:unregistered instances not fully acked
2017-07-31 12:46:15,972 : WARN : com.rti.tools.console.entitymodel.util.Log4jLoggerDevice.write(Log4jLoggerDevice.java:77) : - [D0003|Pub(80000108)|T=rti/routing_service/administration/command_request|DELETE Writer]WriterHistoryMemoryPlugin_dropFullyAckedUnregisteredInstance:unregistered instances not fully acked
2017-07-31 12:46:15,973 : WARN : com.rti.tools.console.entitymodel.util.Log4jLoggerDevice.write(Log4jLoggerDevice.java:77) : - [D0003|Sub(80000209)|T=rti/recorder/administration/command_response|DELETE Reader]WriterHistoryMemoryPlugin_dropFullyAckedUnregisteredInstance:unregistered instances not fully acked
2017-07-31 12:46:15,973 : WARN : com.rti.tools.console.entitymodel.util.Log4jLoggerDevice.write(Log4jLoggerDevice.java:77) : - [D0003|Pub(80000208)|T=rti/recorder/administration/command_request|DELETE Writer]WriterHistoryMemoryPlugin_dropFullyAckedUnregisteredInstance:unregistered instances not fully acked
2017-07-31 12:46:15,975 : WARN : com.rti.tools.console.entitymodel.util.Log4jLoggerDevice.write(Log4jLoggerDevice.java:77) : - [D0003|Sub(80000309)|T=rti/replay/administration/command_response|DELETE Reader]WriterHistoryMemoryPlugin_dropFullyAckedUnregisteredInstance:unregistered instances not fully acked
2017-07-31 12:46:15,976 : WARN : com.rti.tools.console.entitymodel.util.Log4jLoggerDevice.write(Log4jLoggerDevice.java:77) : - [D0003|Pub(80000308)|T=rti/replay/administration/command_request|DELETE Writer]WriterHistoryMemoryPlugin_dropFullyAckedUnregisteredInstance:unregistered instances not fully acked
2017-07-31 12:46:15,976 : WARN : com.rti.tools.console.entitymodel.util.Log4jLoggerDevice.write(Log4jLoggerDevice.java:77) : - [D0003|Sub(80000409)|T=rti/persistence_service/administration/command_response|DELETE Reader]WriterHistoryMemoryPlugin_dropFullyAckedUnregisteredInstance:unregistered instances not fully acked
2017-07-31 12:46:15,977 : WARN : com.rti.tools.console.entitymodel.util.Log4jLoggerDevice.write(Log4jLoggerDevice.java:77) : - [D0003|Pub(80000408)|T=rti/persistence_service/administration/command_request|DELETE Writer]WriterHistoryMemoryPlugin_dropFullyAckedUnregisteredInstance:unregistered instances not fully acked
