2017-07-31 14:14:33,739 : WARN : com.rti.tools.console.entitymodel.util.Log4jLoggerDevice.write(Log4jLoggerDevice.java:77) : - [D0000|ENABLE]NDDS_Transport_Shmem_is_segment_compatible:incompatible shared memory segment found.
   Found segment of size 1115280.  Needed 3145936.
2017-07-31 14:14:33,743 : WARN : com.rti.tools.console.entitymodel.util.Log4jLoggerDevice.write(Log4jLoggerDevice.java:77) : - [D0000|ENABLE]NDDS_Transport_Shmem_is_segment_compatible:incompatible shared memory segment found.
   Found segment of size 1115280.  Needed 3145936.
2017-07-31 14:14:47,492 : WARN : com.rti.tools.console.entitymodel.util.Log4jLoggerDevice.write(Log4jLoggerDevice.java:77) : - [D0001|ENABLE]NDDS_Transport_Shmem_is_segment_compatible:incompatible shared memory segment found.
   Found segment of size 1115280.  Needed 3145936.
2017-07-31 14:14:47,493 : WARN : com.rti.tools.console.entitymodel.util.Log4jLoggerDevice.write(Log4jLoggerDevice.java:77) : - [D0001|ENABLE]NDDS_Transport_Shmem_is_segment_compatible:incompatible shared memory segment found.
   Found segment of size 1115280.  Needed 3145936.
2017-07-31 14:17:06,924 : WARN : com.rti.tools.console.entitymodel.util.Log4jLoggerDevice.write(Log4jLoggerDevice.java:77) : - DISCEndpointDiscoveryPlugin_unregisterParticipantRemoteEndpoints:remote endpoint not previously asserted by plugin: 0XC0A80103,0X774E,0X1,0
2017-07-31 14:28:11,307 : WARN : com.rti.tools.console.entitymodel.util.Log4jLoggerDevice.write(Log4jLoggerDevice.java:77) : - [D0000|Sub(80000009)|T=rti/distlog|DELETE Reader]WriterHistoryMemoryPlugin_dropFullyAckedUnregisteredInstance:unregistered instances not fully acked
2017-07-31 14:28:11,307 : WARN : com.rti.tools.console.entitymodel.util.Log4jLoggerDevice.write(Log4jLoggerDevice.java:77) : - [D0000|Sub(80000009)|T=rti/distlog/administration/state|DELETE Reader]WriterHistoryMemoryPlugin_dropFullyAckedUnregisteredInstance:unregistered instances not fully acked
2017-07-31 14:28:11,308 : WARN : com.rti.tools.console.entitymodel.util.Log4jLoggerDevice.write(Log4jLoggerDevice.java:77) : - [D0000|Sub(80000009)|T=rti/distlog/administration/command_response|DELETE Reader]WriterHistoryMemoryPlugin_dropFullyAckedUnregisteredInstance:unregistered instances not fully acked
2017-07-31 14:28:11,309 : WARN : com.rti.tools.console.entitymodel.util.Log4jLoggerDevice.write(Log4jLoggerDevice.java:77) : - [D0000|Pub(80000008)|T=rti/distlog/administration/command_request|DELETE Writer]WriterHistoryMemoryPlugin_dropFullyAckedUnregisteredInstance:unregistered instances not fully acked
2017-07-31 14:28:11,312 : WARN : com.rti.tools.console.entitymodel.util.Log4jLoggerDevice.write(Log4jLoggerDevice.java:77) : - [D0000|Sub(80000109)|T=rti/routing_service/administration/command_response|DELETE Reader]WriterHistoryMemoryPlugin_dropFullyAckedUnregisteredInstance:unregistered instances not fully acked
2017-07-31 14:28:11,313 : WARN : com.rti.tools.console.entitymodel.util.Log4jLoggerDevice.write(Log4jLoggerDevice.java:77) : - [D0000|Sub(80000109)|T=rti/routing_service/monitoring/routing_service_data|DELETE Reader]WriterHistoryMemoryPlugin_dropFullyAckedUnregisteredInstance:unregistered instances not fully acked
2017-07-31 14:28:11,313 : WARN : com.rti.tools.console.entitymodel.util.Log4jLoggerDevice.write(Log4jLoggerDevice.java:77) : - [D0000|Sub(80000109)|T=rti/routing_service/monitoring/domain_route_data|DELETE Reader]WriterHistoryMemoryPlugin_dropFullyAckedUnregisteredInstance:unregistered instances not fully acked
2017-07-31 14:28:11,313 : WARN : com.rti.tools.console.entitymodel.util.Log4jLoggerDevice.write(Log4jLoggerDevice.java:77) : - [D0000|Sub(80000109)|T=rti/routing_service/monitoring/session_data|DELETE Reader]WriterHistoryMemoryPlugin_dropFullyAckedUnregisteredInstance:unregistered instances not fully acked
2017-07-31 14:28:11,313 : WARN : com.rti.tools.console.entitymodel.util.Log4jLoggerDevice.write(Log4jLoggerDevice.java:77) : - [D0000|Sub(80000109)|T=rti/routing_service/monitoring/route_data|DELETE Reader]WriterHistoryMemoryPlugin_dropFullyAckedUnregisteredInstance:unregistered instances not fully acked
2017-07-31 14:28:11,314 : WARN : com.rti.tools.console.entitymodel.util.Log4jLoggerDevice.write(Log4jLoggerDevice.java:77) : - [D0000|Sub(80000109)|T=rti/routing_service/monitoring/auto_route_data|DELETE Reader]WriterHistoryMemoryPlugin_dropFullyAckedUnregisteredInstance:unregistered instances not fully acked
2017-07-31 14:28:11,314 : WARN : com.rti.tools.console.entitymodel.util.Log4jLoggerDevice.write(Log4jLoggerDevice.java:77) : - [D0000|Sub(80000109)|T=rti/routing_service/monitoring/routing_service_status_set|DELETE Reader]WriterHistoryMemoryPlugin_dropFullyAckedUnregisteredInstance:unregistered instances not fully acked
2017-07-31 14:28:11,315 : WARN : com.rti.tools.console.entitymodel.util.Log4jLoggerDevice.write(Log4jLoggerDevice.java:77) : - [D0000|Sub(80000109)|T=rti/routing_service/monitoring/domain_route_status_set|DELETE Reader]WriterHistoryMemoryPlugin_dropFullyAckedUnregisteredInstance:unregistered instances not fully acked
2017-07-31 14:28:11,316 : WARN : com.rti.tools.console.entitymodel.util.Log4jLoggerDevice.write(Log4jLoggerDevice.java:77) : - [D0000|Sub(80000109)|T=rti/routing_service/monitoring/session_status_set|DELETE Reader]WriterHistoryMemoryPlugin_dropFullyAckedUnregisteredInstance:unregistered instances not fully acked
2017-07-31 14:28:11,316 : WARN : com.rti.tools.console.entitymodel.util.Log4jLoggerDevice.write(Log4jLoggerDevice.java:77) : - [D0000|Sub(80000109)|T=rti/routing_service/monitoring/route_status_set|DELETE Reader]WriterHistoryMemoryPlugin_dropFullyAckedUnregisteredInstance:unregistered instances not fully acked
2017-07-31 14:28:11,316 : WARN : com.rti.tools.console.entitymodel.util.Log4jLoggerDevice.write(Log4jLoggerDevice.java:77) : - [D0000|Sub(80000109)|T=rti/routing_service/monitoring/auto_route_status_set|DELETE Reader]WriterHistoryMemoryPlugin_dropFullyAckedUnregisteredInstance:unregistered instances not fully acked
2017-07-31 14:28:11,317 : WARN : com.rti.tools.console.entitymodel.util.Log4jLoggerDevice.write(Log4jLoggerDevice.java:77) : - [D0000|Pub(80000108)|T=rti/routing_service/administration/command_request|DELETE Writer]WriterHistoryMemoryPlugin_dropFullyAckedUnregisteredInstance:unregistered instances not fully acked
2017-07-31 14:28:11,317 : WARN : com.rti.tools.console.entitymodel.util.Log4jLoggerDevice.write(Log4jLoggerDevice.java:77) : - [D0000|Sub(80000209)|T=rti/recorder/administration/command_response|DELETE Reader]WriterHistoryMemoryPlugin_dropFullyAckedUnregisteredInstance:unregistered instances not fully acked
2017-07-31 14:28:11,318 : WARN : com.rti.tools.console.entitymodel.util.Log4jLoggerDevice.write(Log4jLoggerDevice.java:77) : - [D0000|Pub(80000208)|T=rti/recorder/administration/command_request|DELETE Writer]WriterHistoryMemoryPlugin_dropFullyAckedUnregisteredInstance:unregistered instances not fully acked
2017-07-31 14:28:11,318 : WARN : com.rti.tools.console.entitymodel.util.Log4jLoggerDevice.write(Log4jLoggerDevice.java:77) : - [D0000|Sub(80000309)|T=rti/replay/administration/command_response|DELETE Reader]WriterHistoryMemoryPlugin_dropFullyAckedUnregisteredInstance:unregistered instances not fully acked
2017-07-31 14:28:11,319 : WARN : com.rti.tools.console.entitymodel.util.Log4jLoggerDevice.write(Log4jLoggerDevice.java:77) : - [D0000|Pub(80000308)|T=rti/replay/administration/command_request|DELETE Writer]WriterHistoryMemoryPlugin_dropFullyAckedUnregisteredInstance:unregistered instances not fully acked
2017-07-31 14:28:11,319 : WARN : com.rti.tools.console.entitymodel.util.Log4jLoggerDevice.write(Log4jLoggerDevice.java:77) : - [D0000|Sub(80000409)|T=rti/persistence_service/administration/command_response|DELETE Reader]WriterHistoryMemoryPlugin_dropFullyAckedUnregisteredInstance:unregistered instances not fully acked
2017-07-31 14:28:11,319 : WARN : com.rti.tools.console.entitymodel.util.Log4jLoggerDevice.write(Log4jLoggerDevice.java:77) : - [D0000|Pub(80000408)|T=rti/persistence_service/administration/command_request|DELETE Writer]WriterHistoryMemoryPlugin_dropFullyAckedUnregisteredInstance:unregistered instances not fully acked
2017-07-31 14:28:13,435 : WARN : com.rti.tools.console.entitymodel.util.Log4jLoggerDevice.write(Log4jLoggerDevice.java:77) : - [D0001|Sub(80000009)|T=rti/distlog|DELETE Reader]WriterHistoryMemoryPlugin_dropFullyAckedUnregisteredInstance:unregistered instances not fully acked
2017-07-31 14:28:13,436 : WARN : com.rti.tools.console.entitymodel.util.Log4jLoggerDevice.write(Log4jLoggerDevice.java:77) : - [D0001|Sub(80000009)|T=rti/distlog/administration/state|DELETE Reader]WriterHistoryMemoryPlugin_dropFullyAckedUnregisteredInstance:unregistered instances not fully acked
2017-07-31 14:28:13,436 : WARN : com.rti.tools.console.entitymodel.util.Log4jLoggerDevice.write(Log4jLoggerDevice.java:77) : - [D0001|Sub(80000009)|T=rti/distlog/administration/command_response|DELETE Reader]WriterHistoryMemoryPlugin_dropFullyAckedUnregisteredInstance:unregistered instances not fully acked
2017-07-31 14:28:13,437 : WARN : com.rti.tools.console.entitymodel.util.Log4jLoggerDevice.write(Log4jLoggerDevice.java:77) : - [D0001|Pub(80000008)|T=rti/distlog/administration/command_request|DELETE Writer]WriterHistoryMemoryPlugin_dropFullyAckedUnregisteredInstance:unregistered instances not fully acked
2017-07-31 14:28:13,438 : WARN : com.rti.tools.console.entitymodel.util.Log4jLoggerDevice.write(Log4jLoggerDevice.java:77) : - [D0001|Sub(80000109)|T=rti/routing_service/administration/command_response|DELETE Reader]WriterHistoryMemoryPlugin_dropFullyAckedUnregisteredInstance:unregistered instances not fully acked
2017-07-31 14:28:13,438 : WARN : com.rti.tools.console.entitymodel.util.Log4jLoggerDevice.write(Log4jLoggerDevice.java:77) : - [D0001|Sub(80000109)|T=rti/routing_service/monitoring/routing_service_data|DELETE Reader]WriterHistoryMemoryPlugin_dropFullyAckedUnregisteredInstance:unregistered instances not fully acked
2017-07-31 14:28:13,439 : WARN : com.rti.tools.console.entitymodel.util.Log4jLoggerDevice.write(Log4jLoggerDevice.java:77) : - [D0001|Sub(80000109)|T=rti/routing_service/monitoring/domain_route_data|DELETE Reader]WriterHistoryMemoryPlugin_dropFullyAckedUnregisteredInstance:unregistered instances not fully acked
2017-07-31 14:28:13,439 : WARN : com.rti.tools.console.entitymodel.util.Log4jLoggerDevice.write(Log4jLoggerDevice.java:77) : - [D0001|Sub(80000109)|T=rti/routing_service/monitoring/session_data|DELETE Reader]WriterHistoryMemoryPlugin_dropFullyAckedUnregisteredInstance:unregistered instances not fully acked
2017-07-31 14:28:13,439 : WARN : com.rti.tools.console.entitymodel.util.Log4jLoggerDevice.write(Log4jLoggerDevice.java:77) : - [D0001|Sub(80000109)|T=rti/routing_service/monitoring/route_data|DELETE Reader]WriterHistoryMemoryPlugin_dropFullyAckedUnregisteredInstance:unregistered instances not fully acked
2017-07-31 14:28:13,440 : WARN : com.rti.tools.console.entitymodel.util.Log4jLoggerDevice.write(Log4jLoggerDevice.java:77) : - [D0001|Sub(80000109)|T=rti/routing_service/monitoring/auto_route_data|DELETE Reader]WriterHistoryMemoryPlugin_dropFullyAckedUnregisteredInstance:unregistered instances not fully acked
2017-07-31 14:28:13,440 : WARN : com.rti.tools.console.entitymodel.util.Log4jLoggerDevice.write(Log4jLoggerDevice.java:77) : - [D0001|Sub(80000109)|T=rti/routing_service/monitoring/routing_service_status_set|DELETE Reader]WriterHistoryMemoryPlugin_dropFullyAckedUnregisteredInstance:unregistered instances not fully acked
2017-07-31 14:28:13,441 : WARN : com.rti.tools.console.entitymodel.util.Log4jLoggerDevice.write(Log4jLoggerDevice.java:77) : - [D0001|Sub(80000109)|T=rti/routing_service/monitoring/domain_route_status_set|DELETE Reader]WriterHistoryMemoryPlugin_dropFullyAckedUnregisteredInstance:unregistered instances not fully acked
2017-07-31 14:28:13,441 : WARN : com.rti.tools.console.entitymodel.util.Log4jLoggerDevice.write(Log4jLoggerDevice.java:77) : - [D0001|Sub(80000109)|T=rti/routing_service/monitoring/session_status_set|DELETE Reader]WriterHistoryMemoryPlugin_dropFullyAckedUnregisteredInstance:unregistered instances not fully acked
2017-07-31 14:28:13,442 : WARN : com.rti.tools.console.entitymodel.util.Log4jLoggerDevice.write(Log4jLoggerDevice.java:77) : - [D0001|Sub(80000109)|T=rti/routing_service/monitoring/route_status_set|DELETE Reader]WriterHistoryMemoryPlugin_dropFullyAckedUnregisteredInstance:unregistered instances not fully acked
2017-07-31 14:28:13,442 : WARN : com.rti.tools.console.entitymodel.util.Log4jLoggerDevice.write(Log4jLoggerDevice.java:77) : - [D0001|Sub(80000109)|T=rti/routing_service/monitoring/auto_route_status_set|DELETE Reader]WriterHistoryMemoryPlugin_dropFullyAckedUnregisteredInstance:unregistered instances not fully acked
2017-07-31 14:28:13,443 : WARN : com.rti.tools.console.entitymodel.util.Log4jLoggerDevice.write(Log4jLoggerDevice.java:77) : - [D0001|Pub(80000108)|T=rti/routing_service/administration/command_request|DELETE Writer]WriterHistoryMemoryPlugin_dropFullyAckedUnregisteredInstance:unregistered instances not fully acked
2017-07-31 14:28:13,444 : WARN : com.rti.tools.console.entitymodel.util.Log4jLoggerDevice.write(Log4jLoggerDevice.java:77) : - [D0001|Sub(80000209)|T=rti/recorder/administration/command_response|DELETE Reader]WriterHistoryMemoryPlugin_dropFullyAckedUnregisteredInstance:unregistered instances not fully acked
2017-07-31 14:28:13,444 : WARN : com.rti.tools.console.entitymodel.util.Log4jLoggerDevice.write(Log4jLoggerDevice.java:77) : - [D0001|Pub(80000208)|T=rti/recorder/administration/command_request|DELETE Writer]WriterHistoryMemoryPlugin_dropFullyAckedUnregisteredInstance:unregistered instances not fully acked
2017-07-31 14:28:13,445 : WARN : com.rti.tools.console.entitymodel.util.Log4jLoggerDevice.write(Log4jLoggerDevice.java:77) : - [D0001|Sub(80000309)|T=rti/replay/administration/command_response|DELETE Reader]WriterHistoryMemoryPlugin_dropFullyAckedUnregisteredInstance:unregistered instances not fully acked
2017-07-31 14:28:13,446 : WARN : com.rti.tools.console.entitymodel.util.Log4jLoggerDevice.write(Log4jLoggerDevice.java:77) : - [D0001|Pub(80000308)|T=rti/replay/administration/command_request|DELETE Writer]WriterHistoryMemoryPlugin_dropFullyAckedUnregisteredInstance:unregistered instances not fully acked
2017-07-31 14:28:13,446 : WARN : com.rti.tools.console.entitymodel.util.Log4jLoggerDevice.write(Log4jLoggerDevice.java:77) : - [D0001|Sub(80000409)|T=rti/persistence_service/administration/command_response|DELETE Reader]WriterHistoryMemoryPlugin_dropFullyAckedUnregisteredInstance:unregistered instances not fully acked
2017-07-31 14:28:13,447 : WARN : com.rti.tools.console.entitymodel.util.Log4jLoggerDevice.write(Log4jLoggerDevice.java:77) : - [D0001|Pub(80000408)|T=rti/persistence_service/administration/command_request|DELETE Writer]WriterHistoryMemoryPlugin_dropFullyAckedUnregisteredInstance:unregistered instances not fully acked
2017-07-31 14:28:15,561 : WARN : com.rti.tools.console.entitymodel.util.Log4jLoggerDevice.write(Log4jLoggerDevice.java:77) : - [D0107|Sub(80000009)|T=rti/distlog|DELETE Reader]WriterHistoryMemoryPlugin_dropFullyAckedUnregisteredInstance:unregistered instances not fully acked
2017-07-31 14:28:15,562 : WARN : com.rti.tools.console.entitymodel.util.Log4jLoggerDevice.write(Log4jLoggerDevice.java:77) : - [D0107|Sub(80000009)|T=rti/distlog/administration/state|DELETE Reader]WriterHistoryMemoryPlugin_dropFullyAckedUnregisteredInstance:unregistered instances not fully acked
2017-07-31 14:28:15,562 : WARN : com.rti.tools.console.entitymodel.util.Log4jLoggerDevice.write(Log4jLoggerDevice.java:77) : - [D0107|Sub(80000009)|T=rti/distlog/administration/command_response|DELETE Reader]WriterHistoryMemoryPlugin_dropFullyAckedUnregisteredInstance:unregistered instances not fully acked
2017-07-31 14:28:15,562 : WARN : com.rti.tools.console.entitymodel.util.Log4jLoggerDevice.write(Log4jLoggerDevice.java:77) : - [D0107|Pub(80000008)|T=rti/distlog/administration/command_request|DELETE Writer]WriterHistoryMemoryPlugin_dropFullyAckedUnregisteredInstance:unregistered instances not fully acked
2017-07-31 14:28:15,564 : WARN : com.rti.tools.console.entitymodel.util.Log4jLoggerDevice.write(Log4jLoggerDevice.java:77) : - [D0107|Sub(80000109)|T=rti/routing_service/administration/command_response|DELETE Reader]WriterHistoryMemoryPlugin_dropFullyAckedUnregisteredInstance:unregistered instances not fully acked
2017-07-31 14:28:15,564 : WARN : com.rti.tools.console.entitymodel.util.Log4jLoggerDevice.write(Log4jLoggerDevice.java:77) : - [D0107|Sub(80000109)|T=rti/routing_service/monitoring/routing_service_data|DELETE Reader]WriterHistoryMemoryPlugin_dropFullyAckedUnregisteredInstance:unregistered instances not fully acked
2017-07-31 14:28:15,564 : WARN : com.rti.tools.console.entitymodel.util.Log4jLoggerDevice.write(Log4jLoggerDevice.java:77) : - [D0107|Sub(80000109)|T=rti/routing_service/monitoring/domain_route_data|DELETE Reader]WriterHistoryMemoryPlugin_dropFullyAckedUnregisteredInstance:unregistered instances not fully acked
2017-07-31 14:28:15,565 : WARN : com.rti.tools.console.entitymodel.util.Log4jLoggerDevice.write(Log4jLoggerDevice.java:77) : - [D0107|Sub(80000109)|T=rti/routing_service/monitoring/session_data|DELETE Reader]WriterHistoryMemoryPlugin_dropFullyAckedUnregisteredInstance:unregistered instances not fully acked
2017-07-31 14:28:15,565 : WARN : com.rti.tools.console.entitymodel.util.Log4jLoggerDevice.write(Log4jLoggerDevice.java:77) : - [D0107|Sub(80000109)|T=rti/routing_service/monitoring/route_data|DELETE Reader]WriterHistoryMemoryPlugin_dropFullyAckedUnregisteredInstance:unregistered instances not fully acked
2017-07-31 14:28:15,565 : WARN : com.rti.tools.console.entitymodel.util.Log4jLoggerDevice.write(Log4jLoggerDevice.java:77) : - [D0107|Sub(80000109)|T=rti/routing_service/monitoring/auto_route_data|DELETE Reader]WriterHistoryMemoryPlugin_dropFullyAckedUnregisteredInstance:unregistered instances not fully acked
2017-07-31 14:28:15,565 : WARN : com.rti.tools.console.entitymodel.util.Log4jLoggerDevice.write(Log4jLoggerDevice.java:77) : - [D0107|Sub(80000109)|T=rti/routing_service/monitoring/routing_service_status_set|DELETE Reader]WriterHistoryMemoryPlugin_dropFullyAckedUnregisteredInstance:unregistered instances not fully acked
2017-07-31 14:28:15,566 : WARN : com.rti.tools.console.entitymodel.util.Log4jLoggerDevice.write(Log4jLoggerDevice.java:77) : - [D0107|Sub(80000109)|T=rti/routing_service/monitoring/domain_route_status_set|DELETE Reader]WriterHistoryMemoryPlugin_dropFullyAckedUnregisteredInstance:unregistered instances not fully acked
2017-07-31 14:28:15,566 : WARN : com.rti.tools.console.entitymodel.util.Log4jLoggerDevice.write(Log4jLoggerDevice.java:77) : - [D0107|Sub(80000109)|T=rti/routing_service/monitoring/session_status_set|DELETE Reader]WriterHistoryMemoryPlugin_dropFullyAckedUnregisteredInstance:unregistered instances not fully acked
2017-07-31 14:28:15,566 : WARN : com.rti.tools.console.entitymodel.util.Log4jLoggerDevice.write(Log4jLoggerDevice.java:77) : - [D0107|Sub(80000109)|T=rti/routing_service/monitoring/route_status_set|DELETE Reader]WriterHistoryMemoryPlugin_dropFullyAckedUnregisteredInstance:unregistered instances not fully acked
2017-07-31 14:28:15,567 : WARN : com.rti.tools.console.entitymodel.util.Log4jLoggerDevice.write(Log4jLoggerDevice.java:77) : - [D0107|Sub(80000109)|T=rti/routing_service/monitoring/auto_route_status_set|DELETE Reader]WriterHistoryMemoryPlugin_dropFullyAckedUnregisteredInstance:unregistered instances not fully acked
2017-07-31 14:28:15,567 : WARN : com.rti.tools.console.entitymodel.util.Log4jLoggerDevice.write(Log4jLoggerDevice.java:77) : - [D0107|Pub(80000108)|T=rti/routing_service/administration/command_request|DELETE Writer]WriterHistoryMemoryPlugin_dropFullyAckedUnregisteredInstance:unregistered instances not fully acked
2017-07-31 14:28:15,568 : WARN : com.rti.tools.console.entitymodel.util.Log4jLoggerDevice.write(Log4jLoggerDevice.java:77) : - [D0107|Sub(80000209)|T=rti/recorder/administration/command_response|DELETE Reader]WriterHistoryMemoryPlugin_dropFullyAckedUnregisteredInstance:unregistered instances not fully acked
2017-07-31 14:28:15,568 : WARN : com.rti.tools.console.entitymodel.util.Log4jLoggerDevice.write(Log4jLoggerDevice.java:77) : - [D0107|Pub(80000208)|T=rti/recorder/administration/command_request|DELETE Writer]WriterHistoryMemoryPlugin_dropFullyAckedUnregisteredInstance:unregistered instances not fully acked
2017-07-31 14:28:15,569 : WARN : com.rti.tools.console.entitymodel.util.Log4jLoggerDevice.write(Log4jLoggerDevice.java:77) : - [D0107|Sub(80000309)|T=rti/replay/administration/command_response|DELETE Reader]WriterHistoryMemoryPlugin_dropFullyAckedUnregisteredInstance:unregistered instances not fully acked
2017-07-31 14:28:15,569 : WARN : com.rti.tools.console.entitymodel.util.Log4jLoggerDevice.write(Log4jLoggerDevice.java:77) : - [D0107|Pub(80000308)|T=rti/replay/administration/command_request|DELETE Writer]WriterHistoryMemoryPlugin_dropFullyAckedUnregisteredInstance:unregistered instances not fully acked
2017-07-31 14:28:15,570 : WARN : com.rti.tools.console.entitymodel.util.Log4jLoggerDevice.write(Log4jLoggerDevice.java:77) : - [D0107|Sub(80000409)|T=rti/persistence_service/administration/command_response|DELETE Reader]WriterHistoryMemoryPlugin_dropFullyAckedUnregisteredInstance:unregistered instances not fully acked
2017-07-31 14:28:15,570 : WARN : com.rti.tools.console.entitymodel.util.Log4jLoggerDevice.write(Log4jLoggerDevice.java:77) : - [D0107|Pub(80000408)|T=rti/persistence_service/administration/command_request|DELETE Writer]WriterHistoryMemoryPlugin_dropFullyAckedUnregisteredInstance:unregistered instances not fully acked
