2017-07-31 16:29:46,570 : WARN : com.rti.tools.console.entitymodel.util.Log4jLoggerDevice.write(Log4jLoggerDevice.java:77) : - [D0000|ENABLE]NDDS_Transport_UDPv4_Socket_bindWithIp:0X1CF2 in use
2017-07-31 16:29:46,573 : WARN : com.rti.tools.console.entitymodel.util.Log4jLoggerDevice.write(Log4jLoggerDevice.java:77) : - [D0000|ENABLE]NDDS_Transport_UDPv4_SocketFactory_create_receive_socket:invalid port 7410
2017-07-31 16:29:46,573 : WARN : com.rti.tools.console.entitymodel.util.Log4jLoggerDevice.write(Log4jLoggerDevice.java:77) : - [D0000|ENABLE]NDDS_Transport_UDPv4_create_recvresource_rrEA:!create socket
2017-07-31 16:29:46,574 : WARN : com.rti.tools.console.entitymodel.util.Log4jLoggerDevice.write(Log4jLoggerDevice.java:77) : - [D0000|ENABLE]NDDS_Transport_UDPv4_Socket_bindWithIp:0X1CF4 in use
2017-07-31 16:29:46,574 : WARN : com.rti.tools.console.entitymodel.util.Log4jLoggerDevice.write(Log4jLoggerDevice.java:77) : - [D0000|ENABLE]NDDS_Transport_UDPv4_SocketFactory_create_receive_socket:invalid port 7412
2017-07-31 16:29:46,574 : WARN : com.rti.tools.console.entitymodel.util.Log4jLoggerDevice.write(Log4jLoggerDevice.java:77) : - [D0000|ENABLE]NDDS_Transport_UDPv4_create_recvresource_rrEA:!create socket
2017-07-31 16:29:46,574 : WARN : com.rti.tools.console.entitymodel.util.Log4jLoggerDevice.write(Log4jLoggerDevice.java:77) : - [D0000|ENABLE]NDDS_Transport_UDPv4_Socket_bindWithIp:0X1CF6 in use
2017-07-31 16:29:46,574 : WARN : com.rti.tools.console.entitymodel.util.Log4jLoggerDevice.write(Log4jLoggerDevice.java:77) : - [D0000|ENABLE]NDDS_Transport_UDPv4_SocketFactory_create_receive_socket:invalid port 7414
2017-07-31 16:29:46,574 : WARN : com.rti.tools.console.entitymodel.util.Log4jLoggerDevice.write(Log4jLoggerDevice.java:77) : - [D0000|ENABLE]NDDS_Transport_UDPv4_create_recvresource_rrEA:!create socket
2017-07-31 16:29:46,574 : WARN : com.rti.tools.console.entitymodel.util.Log4jLoggerDevice.write(Log4jLoggerDevice.java:77) : - [D0000|ENABLE]NDDS_Transport_UDPv4_Socket_bindWithIp:0X1CF8 in use
2017-07-31 16:29:46,575 : WARN : com.rti.tools.console.entitymodel.util.Log4jLoggerDevice.write(Log4jLoggerDevice.java:77) : - [D0000|ENABLE]NDDS_Transport_UDPv4_SocketFactory_create_receive_socket:invalid port 7416
2017-07-31 16:29:46,575 : WARN : com.rti.tools.console.entitymodel.util.Log4jLoggerDevice.write(Log4jLoggerDevice.java:77) : - [D0000|ENABLE]NDDS_Transport_UDPv4_create_recvresource_rrEA:!create socket
2017-07-31 16:33:21,588 : WARN : com.rti.tools.console.entitymodel.util.Log4jLoggerDevice.write(Log4jLoggerDevice.java:77) : - DISCEndpointDiscoveryPlugin_unregisterParticipantRemoteEndpoints:remote endpoint not previously asserted by plugin: 0XC0A80103,0X4693,0X1,0
2017-07-31 16:33:21,589 : WARN : com.rti.tools.console.entitymodel.util.Log4jLoggerDevice.write(Log4jLoggerDevice.java:77) : - DISCEndpointDiscoveryPlugin_unregisterParticipantRemoteEndpoints:remote endpoint not previously asserted by plugin: 0XC0A80103,0X4650,0X1,0
2017-07-31 16:33:21,991 : WARN : com.rti.tools.console.entitymodel.util.Log4jLoggerDevice.write(Log4jLoggerDevice.java:77) : - DISCEndpointDiscoveryPlugin_unregisterParticipantRemoteEndpoints:remote endpoint not previously asserted by plugin: 0XC0A80103,0X4693,0X1,0
2017-07-31 16:41:22,114 : WARN : com.rti.tools.console.entitymodel.util.Log4jLoggerDevice.write(Log4jLoggerDevice.java:77) : - [D0500|Sub(80000009)|T=Example temperature|DELETE Reader]WriterHistoryMemoryPlugin_dropFullyAckedUnregisteredInstance:unregistered instances not fully acked
2017-07-31 16:41:22,118 : WARN : com.rti.tools.console.entitymodel.util.Log4jLoggerDevice.write(Log4jLoggerDevice.java:77) : - [D0400|Sub(80000009)|T=rti/distlog|DELETE Reader]WriterHistoryMemoryPlugin_dropFullyAckedUnregisteredInstance:unregistered instances not fully acked
2017-07-31 16:41:22,118 : WARN : com.rti.tools.console.entitymodel.util.Log4jLoggerDevice.write(Log4jLoggerDevice.java:77) : - [D0400|Sub(80000009)|T=rti/distlog/administration/state|DELETE Reader]WriterHistoryMemoryPlugin_dropFullyAckedUnregisteredInstance:unregistered instances not fully acked
2017-07-31 16:41:22,119 : WARN : com.rti.tools.console.entitymodel.util.Log4jLoggerDevice.write(Log4jLoggerDevice.java:77) : - [D0400|Sub(80000009)|T=rti/distlog/administration/command_response|DELETE Reader]WriterHistoryMemoryPlugin_dropFullyAckedUnregisteredInstance:unregistered instances not fully acked
2017-07-31 16:41:22,120 : WARN : com.rti.tools.console.entitymodel.util.Log4jLoggerDevice.write(Log4jLoggerDevice.java:77) : - [D0400|Pub(80000008)|T=rti/distlog/administration/command_request|DELETE Writer]WriterHistoryMemoryPlugin_dropFullyAckedUnregisteredInstance:unregistered instances not fully acked
2017-07-31 16:41:22,120 : WARN : com.rti.tools.console.entitymodel.util.Log4jLoggerDevice.write(Log4jLoggerDevice.java:77) : - [D0400|Sub(80000109)|T=rti/routing_service/administration/command_response|DELETE Reader]WriterHistoryMemoryPlugin_dropFullyAckedUnregisteredInstance:unregistered instances not fully acked
2017-07-31 16:41:22,120 : WARN : com.rti.tools.console.entitymodel.util.Log4jLoggerDevice.write(Log4jLoggerDevice.java:77) : - [D0400|Sub(80000109)|T=rti/routing_service/monitoring/routing_service_data|DELETE Reader]WriterHistoryMemoryPlugin_dropFullyAckedUnregisteredInstance:unregistered instances not fully acked
2017-07-31 16:41:22,121 : WARN : com.rti.tools.console.entitymodel.util.Log4jLoggerDevice.write(Log4jLoggerDevice.java:77) : - [D0400|Sub(80000109)|T=rti/routing_service/monitoring/domain_route_data|DELETE Reader]WriterHistoryMemoryPlugin_dropFullyAckedUnregisteredInstance:unregistered instances not fully acked
2017-07-31 16:41:22,121 : WARN : com.rti.tools.console.entitymodel.util.Log4jLoggerDevice.write(Log4jLoggerDevice.java:77) : - [D0400|Sub(80000109)|T=rti/routing_service/monitoring/session_data|DELETE Reader]WriterHistoryMemoryPlugin_dropFullyAckedUnregisteredInstance:unregistered instances not fully acked
2017-07-31 16:41:22,121 : WARN : com.rti.tools.console.entitymodel.util.Log4jLoggerDevice.write(Log4jLoggerDevice.java:77) : - [D0400|Sub(80000109)|T=rti/routing_service/monitoring/route_data|DELETE Reader]WriterHistoryMemoryPlugin_dropFullyAckedUnregisteredInstance:unregistered instances not fully acked
2017-07-31 16:41:22,122 : WARN : com.rti.tools.console.entitymodel.util.Log4jLoggerDevice.write(Log4jLoggerDevice.java:77) : - [D0400|Sub(80000109)|T=rti/routing_service/monitoring/auto_route_data|DELETE Reader]WriterHistoryMemoryPlugin_dropFullyAckedUnregisteredInstance:unregistered instances not fully acked
2017-07-31 16:41:22,122 : WARN : com.rti.tools.console.entitymodel.util.Log4jLoggerDevice.write(Log4jLoggerDevice.java:77) : - [D0400|Sub(80000109)|T=rti/routing_service/monitoring/routing_service_status_set|DELETE Reader]WriterHistoryMemoryPlugin_dropFullyAckedUnregisteredInstance:unregistered instances not fully acked
2017-07-31 16:41:22,122 : WARN : com.rti.tools.console.entitymodel.util.Log4jLoggerDevice.write(Log4jLoggerDevice.java:77) : - [D0400|Sub(80000109)|T=rti/routing_service/monitoring/domain_route_status_set|DELETE Reader]WriterHistoryMemoryPlugin_dropFullyAckedUnregisteredInstance:unregistered instances not fully acked
2017-07-31 16:41:22,123 : WARN : com.rti.tools.console.entitymodel.util.Log4jLoggerDevice.write(Log4jLoggerDevice.java:77) : - [D0400|Sub(80000109)|T=rti/routing_service/monitoring/session_status_set|DELETE Reader]WriterHistoryMemoryPlugin_dropFullyAckedUnregisteredInstance:unregistered instances not fully acked
2017-07-31 16:41:22,123 : WARN : com.rti.tools.console.entitymodel.util.Log4jLoggerDevice.write(Log4jLoggerDevice.java:77) : - [D0400|Sub(80000109)|T=rti/routing_service/monitoring/route_status_set|DELETE Reader]WriterHistoryMemoryPlugin_dropFullyAckedUnregisteredInstance:unregistered instances not fully acked
2017-07-31 16:41:22,123 : WARN : com.rti.tools.console.entitymodel.util.Log4jLoggerDevice.write(Log4jLoggerDevice.java:77) : - [D0400|Sub(80000109)|T=rti/routing_service/monitoring/auto_route_status_set|DELETE Reader]WriterHistoryMemoryPlugin_dropFullyAckedUnregisteredInstance:unregistered instances not fully acked
2017-07-31 16:41:22,124 : WARN : com.rti.tools.console.entitymodel.util.Log4jLoggerDevice.write(Log4jLoggerDevice.java:77) : - [D0400|Pub(80000108)|T=rti/routing_service/administration/command_request|DELETE Writer]WriterHistoryMemoryPlugin_dropFullyAckedUnregisteredInstance:unregistered instances not fully acked
2017-07-31 16:41:22,125 : WARN : com.rti.tools.console.entitymodel.util.Log4jLoggerDevice.write(Log4jLoggerDevice.java:77) : - [D0400|Sub(80000209)|T=rti/recorder/administration/command_response|DELETE Reader]WriterHistoryMemoryPlugin_dropFullyAckedUnregisteredInstance:unregistered instances not fully acked
2017-07-31 16:41:22,125 : WARN : com.rti.tools.console.entitymodel.util.Log4jLoggerDevice.write(Log4jLoggerDevice.java:77) : - [D0400|Pub(80000208)|T=rti/recorder/administration/command_request|DELETE Writer]WriterHistoryMemoryPlugin_dropFullyAckedUnregisteredInstance:unregistered instances not fully acked
2017-07-31 16:41:22,126 : WARN : com.rti.tools.console.entitymodel.util.Log4jLoggerDevice.write(Log4jLoggerDevice.java:77) : - [D0400|Sub(80000309)|T=rti/replay/administration/command_response|DELETE Reader]WriterHistoryMemoryPlugin_dropFullyAckedUnregisteredInstance:unregistered instances not fully acked
2017-07-31 16:41:22,126 : WARN : com.rti.tools.console.entitymodel.util.Log4jLoggerDevice.write(Log4jLoggerDevice.java:77) : - [D0400|Pub(80000308)|T=rti/replay/administration/command_request|DELETE Writer]WriterHistoryMemoryPlugin_dropFullyAckedUnregisteredInstance:unregistered instances not fully acked
2017-07-31 16:41:22,127 : WARN : com.rti.tools.console.entitymodel.util.Log4jLoggerDevice.write(Log4jLoggerDevice.java:77) : - [D0400|Sub(80000409)|T=rti/persistence_service/administration/command_response|DELETE Reader]WriterHistoryMemoryPlugin_dropFullyAckedUnregisteredInstance:unregistered instances not fully acked
2017-07-31 16:41:22,127 : WARN : com.rti.tools.console.entitymodel.util.Log4jLoggerDevice.write(Log4jLoggerDevice.java:77) : - [D0400|Pub(80000408)|T=rti/persistence_service/administration/command_request|DELETE Writer]WriterHistoryMemoryPlugin_dropFullyAckedUnregisteredInstance:unregistered instances not fully acked
