/home/aust/ros2_ws/install/lib/python3.5/site-packages/osrf_pycommon/__init__.py
/home/aust/ros2_ws/install/lib/python3.5/site-packages/osrf_pycommon/terminal_utils.py
/home/aust/ros2_ws/install/lib/python3.5/site-packages/osrf_pycommon/terminal_color/windows.py
/home/aust/ros2_ws/install/lib/python3.5/site-packages/osrf_pycommon/terminal_color/__init__.py
/home/aust/ros2_ws/install/lib/python3.5/site-packages/osrf_pycommon/terminal_color/impl.py
/home/aust/ros2_ws/install/lib/python3.5/site-packages/osrf_pycommon/terminal_color/ansi_re.py
/home/aust/ros2_ws/install/lib/python3.5/site-packages/osrf_pycommon/process_utils/get_loop_impl.py
/home/aust/ros2_ws/install/lib/python3.5/site-packages/osrf_pycommon/process_utils/execute_process_nopty.py
/home/aust/ros2_ws/install/lib/python3.5/site-packages/osrf_pycommon/process_utils/__init__.py
/home/aust/ros2_ws/install/lib/python3.5/site-packages/osrf_pycommon/process_utils/impl.py
/home/aust/ros2_ws/install/lib/python3.5/site-packages/osrf_pycommon/process_utils/async_execute_process.py
/home/aust/ros2_ws/install/lib/python3.5/site-packages/osrf_pycommon/process_utils/async_execute_process_trollius.py
/home/aust/ros2_ws/install/lib/python3.5/site-packages/osrf_pycommon/process_utils/execute_process_pty.py
/home/aust/ros2_ws/install/lib/python3.5/site-packages/osrf_pycommon/cli_utils/common.py
/home/aust/ros2_ws/install/lib/python3.5/site-packages/osrf_pycommon/cli_utils/__init__.py
/home/aust/ros2_ws/install/lib/python3.5/site-packages/osrf_pycommon/cli_utils/verb_pattern.py
/home/aust/ros2_ws/install/lib/python3.5/site-packages/osrf_pycommon/process_utils/async_execute_process_asyncio/__init__.py
/home/aust/ros2_ws/install/lib/python3.5/site-packages/osrf_pycommon/process_utils/async_execute_process_asyncio/impl.py
/home/aust/ros2_ws/install/lib/python3.5/site-packages/osrf_pycommon/__pycache__/__init__.cpython-35.pyc
/home/aust/ros2_ws/install/lib/python3.5/site-packages/osrf_pycommon/__pycache__/terminal_utils.cpython-35.pyc
/home/aust/ros2_ws/install/lib/python3.5/site-packages/osrf_pycommon/terminal_color/__pycache__/windows.cpython-35.pyc
/home/aust/ros2_ws/install/lib/python3.5/site-packages/osrf_pycommon/terminal_color/__pycache__/__init__.cpython-35.pyc
/home/aust/ros2_ws/install/lib/python3.5/site-packages/osrf_pycommon/terminal_color/__pycache__/impl.cpython-35.pyc
/home/aust/ros2_ws/install/lib/python3.5/site-packages/osrf_pycommon/terminal_color/__pycache__/ansi_re.cpython-35.pyc
/home/aust/ros2_ws/install/lib/python3.5/site-packages/osrf_pycommon/process_utils/__pycache__/get_loop_impl.cpython-35.pyc
/home/aust/ros2_ws/install/lib/python3.5/site-packages/osrf_pycommon/process_utils/__pycache__/execute_process_nopty.cpython-35.pyc
/home/aust/ros2_ws/install/lib/python3.5/site-packages/osrf_pycommon/process_utils/__pycache__/__init__.cpython-35.pyc
/home/aust/ros2_ws/install/lib/python3.5/site-packages/osrf_pycommon/process_utils/__pycache__/impl.cpython-35.pyc
/home/aust/ros2_ws/install/lib/python3.5/site-packages/osrf_pycommon/process_utils/__pycache__/async_execute_process.cpython-35.pyc
/home/aust/ros2_ws/install/lib/python3.5/site-packages/osrf_pycommon/process_utils/__pycache__/async_execute_process_trollius.cpython-35.pyc
/home/aust/ros2_ws/install/lib/python3.5/site-packages/osrf_pycommon/process_utils/__pycache__/execute_process_pty.cpython-35.pyc
/home/aust/ros2_ws/install/lib/python3.5/site-packages/osrf_pycommon/cli_utils/__pycache__/common.cpython-35.pyc
/home/aust/ros2_ws/install/lib/python3.5/site-packages/osrf_pycommon/cli_utils/__pycache__/__init__.cpython-35.pyc
/home/aust/ros2_ws/install/lib/python3.5/site-packages/osrf_pycommon/cli_utils/__pycache__/verb_pattern.cpython-35.pyc
/home/aust/ros2_ws/install/lib/python3.5/site-packages/osrf_pycommon/process_utils/async_execute_process_asyncio/__pycache__/__init__.cpython-35.pyc
/home/aust/ros2_ws/install/lib/python3.5/site-packages/osrf_pycommon/process_utils/async_execute_process_asyncio/__pycache__/impl.cpython-35.pyc
/home/aust/ros2_ws/install/lib/python3.5/site-packages/osrf_pycommon-0.1.3-py3.5.egg-info/requires.txt
/home/aust/ros2_ws/install/lib/python3.5/site-packages/osrf_pycommon-0.1.3-py3.5.egg-info/top_level.txt
/home/aust/ros2_ws/install/lib/python3.5/site-packages/osrf_pycommon-0.1.3-py3.5.egg-info/dependency_links.txt
/home/aust/ros2_ws/install/lib/python3.5/site-packages/osrf_pycommon-0.1.3-py3.5.egg-info/PKG-INFO
/home/aust/ros2_ws/install/lib/python3.5/site-packages/osrf_pycommon-0.1.3-py3.5.egg-info/SOURCES.txt
