/home/aust/ros2_ws/install/lib/python3.5/site-packages/launch/exit_handler.py
/home/aust/ros2_ws/install/lib/python3.5/site-packages/launch/output_handler.py
/home/aust/ros2_ws/install/lib/python3.5/site-packages/launch/protocol.py
/home/aust/ros2_ws/install/lib/python3.5/site-packages/launch/launch.py
/home/aust/ros2_ws/install/lib/python3.5/site-packages/launch/loader.py
/home/aust/ros2_ws/install/lib/python3.5/site-packages/launch/task.py
/home/aust/ros2_ws/install/lib/python3.5/site-packages/launch/__init__.py
/home/aust/ros2_ws/install/lib/python3.5/site-packages/launch/launcher.py
/home/aust/ros2_ws/install/lib/python3.5/site-packages/launch/main.py
/home/aust/ros2_ws/install/lib/python3.5/site-packages/launch/__pycache__/exit_handler.cpython-35.pyc
/home/aust/ros2_ws/install/lib/python3.5/site-packages/launch/__pycache__/output_handler.cpython-35.pyc
/home/aust/ros2_ws/install/lib/python3.5/site-packages/launch/__pycache__/protocol.cpython-35.pyc
/home/aust/ros2_ws/install/lib/python3.5/site-packages/launch/__pycache__/launch.cpython-35.pyc
/home/aust/ros2_ws/install/lib/python3.5/site-packages/launch/__pycache__/loader.cpython-35.pyc
/home/aust/ros2_ws/install/lib/python3.5/site-packages/launch/__pycache__/task.cpython-35.pyc
/home/aust/ros2_ws/install/lib/python3.5/site-packages/launch/__pycache__/__init__.cpython-35.pyc
/home/aust/ros2_ws/install/lib/python3.5/site-packages/launch/__pycache__/launcher.cpython-35.pyc
/home/aust/ros2_ws/install/lib/python3.5/site-packages/launch/__pycache__/main.cpython-35.pyc
/home/aust/ros2_ws/install/lib/python3.5/site-packages/launch-0.0.0-py3.5.egg-info/entry_points.txt
/home/aust/ros2_ws/install/lib/python3.5/site-packages/launch-0.0.0-py3.5.egg-info/requires.txt
/home/aust/ros2_ws/install/lib/python3.5/site-packages/launch-0.0.0-py3.5.egg-info/top_level.txt
/home/aust/ros2_ws/install/lib/python3.5/site-packages/launch-0.0.0-py3.5.egg-info/dependency_links.txt
/home/aust/ros2_ws/install/lib/python3.5/site-packages/launch-0.0.0-py3.5.egg-info/PKG-INFO
/home/aust/ros2_ws/install/lib/python3.5/site-packages/launch-0.0.0-py3.5.egg-info/SOURCES.txt
/home/aust/ros2_ws/install/bin/launch
