/home/aust/ros2_ws/install/lib/python3.5/site-packages/ros2cli/cli.py
/home/aust/ros2_ws/install/lib/python3.5/site-packages/ros2cli/__init__.py
/home/aust/ros2_ws/install/lib/python3.5/site-packages/ros2cli/entry_points.py
/home/aust/ros2_ws/install/lib/python3.5/site-packages/ros2cli/plugin_system.py
/home/aust/ros2_ws/install/lib/python3.5/site-packages/ros2cli/command/daemon.py
/home/aust/ros2_ws/install/lib/python3.5/site-packages/ros2cli/command/extension_points.py
/home/aust/ros2_ws/install/lib/python3.5/site-packages/ros2cli/command/extensions.py
/home/aust/ros2_ws/install/lib/python3.5/site-packages/ros2cli/command/__init__.py
/home/aust/ros2_ws/install/lib/python3.5/site-packages/ros2cli/daemon/__init__.py
/home/aust/ros2_ws/install/lib/python3.5/site-packages/ros2cli/verb/__init__.py
/home/aust/ros2_ws/install/lib/python3.5/site-packages/ros2cli/node/daemon.py
/home/aust/ros2_ws/install/lib/python3.5/site-packages/ros2cli/node/strategy.py
/home/aust/ros2_ws/install/lib/python3.5/site-packages/ros2cli/node/__init__.py
/home/aust/ros2_ws/install/lib/python3.5/site-packages/ros2cli/node/direct.py
/home/aust/ros2_ws/install/lib/python3.5/site-packages/ros2cli/verb/daemon/start.py
/home/aust/ros2_ws/install/lib/python3.5/site-packages/ros2cli/verb/daemon/status.py
/home/aust/ros2_ws/install/lib/python3.5/site-packages/ros2cli/verb/daemon/__init__.py
/home/aust/ros2_ws/install/lib/python3.5/site-packages/ros2cli/verb/daemon/stop.py
/home/aust/ros2_ws/install/lib/python3.5/site-packages/ros2cli/__pycache__/cli.cpython-35.pyc
/home/aust/ros2_ws/install/lib/python3.5/site-packages/ros2cli/__pycache__/__init__.cpython-35.pyc
/home/aust/ros2_ws/install/lib/python3.5/site-packages/ros2cli/__pycache__/entry_points.cpython-35.pyc
/home/aust/ros2_ws/install/lib/python3.5/site-packages/ros2cli/__pycache__/plugin_system.cpython-35.pyc
/home/aust/ros2_ws/install/lib/python3.5/site-packages/ros2cli/command/__pycache__/daemon.cpython-35.pyc
/home/aust/ros2_ws/install/lib/python3.5/site-packages/ros2cli/command/__pycache__/extension_points.cpython-35.pyc
/home/aust/ros2_ws/install/lib/python3.5/site-packages/ros2cli/command/__pycache__/extensions.cpython-35.pyc
/home/aust/ros2_ws/install/lib/python3.5/site-packages/ros2cli/command/__pycache__/__init__.cpython-35.pyc
/home/aust/ros2_ws/install/lib/python3.5/site-packages/ros2cli/daemon/__pycache__/__init__.cpython-35.pyc
/home/aust/ros2_ws/install/lib/python3.5/site-packages/ros2cli/verb/__pycache__/__init__.cpython-35.pyc
/home/aust/ros2_ws/install/lib/python3.5/site-packages/ros2cli/node/__pycache__/daemon.cpython-35.pyc
/home/aust/ros2_ws/install/lib/python3.5/site-packages/ros2cli/node/__pycache__/strategy.cpython-35.pyc
/home/aust/ros2_ws/install/lib/python3.5/site-packages/ros2cli/node/__pycache__/__init__.cpython-35.pyc
/home/aust/ros2_ws/install/lib/python3.5/site-packages/ros2cli/node/__pycache__/direct.cpython-35.pyc
/home/aust/ros2_ws/install/lib/python3.5/site-packages/ros2cli/verb/daemon/__pycache__/start.cpython-35.pyc
/home/aust/ros2_ws/install/lib/python3.5/site-packages/ros2cli/verb/daemon/__pycache__/status.cpython-35.pyc
/home/aust/ros2_ws/install/lib/python3.5/site-packages/ros2cli/verb/daemon/__pycache__/__init__.cpython-35.pyc
/home/aust/ros2_ws/install/lib/python3.5/site-packages/ros2cli/verb/daemon/__pycache__/stop.cpython-35.pyc
/home/aust/ros2_ws/install/share/ros2cli/environment/ros2-argcomplete.bash
/home/aust/ros2_ws/install/share/ros2cli/environment/ros2-argcomplete.zsh
/home/aust/ros2_ws/install/lib/python3.5/site-packages/ros2cli-0.0.0-py3.5.egg-info/entry_points.txt
/home/aust/ros2_ws/install/lib/python3.5/site-packages/ros2cli-0.0.0-py3.5.egg-info/requires.txt
/home/aust/ros2_ws/install/lib/python3.5/site-packages/ros2cli-0.0.0-py3.5.egg-info/top_level.txt
/home/aust/ros2_ws/install/lib/python3.5/site-packages/ros2cli-0.0.0-py3.5.egg-info/dependency_links.txt
/home/aust/ros2_ws/install/lib/python3.5/site-packages/ros2cli-0.0.0-py3.5.egg-info/PKG-INFO
/home/aust/ros2_ws/install/lib/python3.5/site-packages/ros2cli-0.0.0-py3.5.egg-info/SOURCES.txt
/home/aust/ros2_ws/install/bin/ros2
/home/aust/ros2_ws/install/bin/_ros2_daemon
