/home/aust/ros2_ws/install/lib/python3.5/site-packages/sros2/__init__.py
/home/aust/ros2_ws/install/lib/python3.5/site-packages/sros2/command/security.py
/home/aust/ros2_ws/install/lib/python3.5/site-packages/sros2/command/__init__.py
/home/aust/ros2_ws/install/lib/python3.5/site-packages/sros2/verb/create_permission.py
/home/aust/ros2_ws/install/lib/python3.5/site-packages/sros2/verb/__init__.py
/home/aust/ros2_ws/install/lib/python3.5/site-packages/sros2/verb/create_key.py
/home/aust/ros2_ws/install/lib/python3.5/site-packages/sros2/verb/distribute_key.py
/home/aust/ros2_ws/install/lib/python3.5/site-packages/sros2/verb/list_keys.py
/home/aust/ros2_ws/install/lib/python3.5/site-packages/sros2/verb/create_keystore.py
/home/aust/ros2_ws/install/lib/python3.5/site-packages/sros2/api/__init__.py
/home/aust/ros2_ws/install/lib/python3.5/site-packages/sros2/__pycache__/__init__.cpython-35.pyc
/home/aust/ros2_ws/install/lib/python3.5/site-packages/sros2/command/__pycache__/security.cpython-35.pyc
/home/aust/ros2_ws/install/lib/python3.5/site-packages/sros2/command/__pycache__/__init__.cpython-35.pyc
/home/aust/ros2_ws/install/lib/python3.5/site-packages/sros2/verb/__pycache__/create_permission.cpython-35.pyc
/home/aust/ros2_ws/install/lib/python3.5/site-packages/sros2/verb/__pycache__/__init__.cpython-35.pyc
/home/aust/ros2_ws/install/lib/python3.5/site-packages/sros2/verb/__pycache__/create_key.cpython-35.pyc
/home/aust/ros2_ws/install/lib/python3.5/site-packages/sros2/verb/__pycache__/distribute_key.cpython-35.pyc
/home/aust/ros2_ws/install/lib/python3.5/site-packages/sros2/verb/__pycache__/list_keys.cpython-35.pyc
/home/aust/ros2_ws/install/lib/python3.5/site-packages/sros2/verb/__pycache__/create_keystore.cpython-35.pyc
/home/aust/ros2_ws/install/lib/python3.5/site-packages/sros2/api/__pycache__/__init__.cpython-35.pyc
/home/aust/ros2_ws/install/lib/python3.5/site-packages/sros2-0.0.0-py3.5.egg-info/entry_points.txt
/home/aust/ros2_ws/install/lib/python3.5/site-packages/sros2-0.0.0-py3.5.egg-info/requires.txt
/home/aust/ros2_ws/install/lib/python3.5/site-packages/sros2-0.0.0-py3.5.egg-info/top_level.txt
/home/aust/ros2_ws/install/lib/python3.5/site-packages/sros2-0.0.0-py3.5.egg-info/dependency_links.txt
/home/aust/ros2_ws/install/lib/python3.5/site-packages/sros2-0.0.0-py3.5.egg-info/PKG-INFO
/home/aust/ros2_ws/install/lib/python3.5/site-packages/sros2-0.0.0-py3.5.egg-info/SOURCES.txt
