/home/aust/ros2_ws/install/lib/python3.5/site-packages/ros2topic/__init__.py
/home/aust/ros2_ws/install/lib/python3.5/site-packages/ros2topic/command/topic.py
/home/aust/ros2_ws/install/lib/python3.5/site-packages/ros2topic/command/__init__.py
/home/aust/ros2_ws/install/lib/python3.5/site-packages/ros2topic/verb/echo.py
/home/aust/ros2_ws/install/lib/python3.5/site-packages/ros2topic/verb/list.py
/home/aust/ros2_ws/install/lib/python3.5/site-packages/ros2topic/verb/__init__.py
/home/aust/ros2_ws/install/lib/python3.5/site-packages/ros2topic/verb/pub.py
/home/aust/ros2_ws/install/lib/python3.5/site-packages/ros2topic/api/__init__.py
/home/aust/ros2_ws/install/lib/python3.5/site-packages/ros2topic/__pycache__/__init__.cpython-35.pyc
/home/aust/ros2_ws/install/lib/python3.5/site-packages/ros2topic/command/__pycache__/topic.cpython-35.pyc
/home/aust/ros2_ws/install/lib/python3.5/site-packages/ros2topic/command/__pycache__/__init__.cpython-35.pyc
/home/aust/ros2_ws/install/lib/python3.5/site-packages/ros2topic/verb/__pycache__/echo.cpython-35.pyc
/home/aust/ros2_ws/install/lib/python3.5/site-packages/ros2topic/verb/__pycache__/list.cpython-35.pyc
/home/aust/ros2_ws/install/lib/python3.5/site-packages/ros2topic/verb/__pycache__/__init__.cpython-35.pyc
/home/aust/ros2_ws/install/lib/python3.5/site-packages/ros2topic/verb/__pycache__/pub.cpython-35.pyc
/home/aust/ros2_ws/install/lib/python3.5/site-packages/ros2topic/api/__pycache__/__init__.cpython-35.pyc
/home/aust/ros2_ws/install/lib/python3.5/site-packages/ros2topic-0.0.0-py3.5.egg-info/entry_points.txt
/home/aust/ros2_ws/install/lib/python3.5/site-packages/ros2topic-0.0.0-py3.5.egg-info/requires.txt
/home/aust/ros2_ws/install/lib/python3.5/site-packages/ros2topic-0.0.0-py3.5.egg-info/top_level.txt
/home/aust/ros2_ws/install/lib/python3.5/site-packages/ros2topic-0.0.0-py3.5.egg-info/dependency_links.txt
/home/aust/ros2_ws/install/lib/python3.5/site-packages/ros2topic-0.0.0-py3.5.egg-info/PKG-INFO
/home/aust/ros2_ws/install/lib/python3.5/site-packages/ros2topic-0.0.0-py3.5.egg-info/SOURCES.txt
