/home/aust/ros2_ws/install/lib/python3.5/site-packages/ros2srv/__init__.py
/home/aust/ros2_ws/install/lib/python3.5/site-packages/ros2srv/command/__init__.py
/home/aust/ros2_ws/install/lib/python3.5/site-packages/ros2srv/command/srv.py
/home/aust/ros2_ws/install/lib/python3.5/site-packages/ros2srv/verb/package.py
/home/aust/ros2_ws/install/lib/python3.5/site-packages/ros2srv/verb/packages.py
/home/aust/ros2_ws/install/lib/python3.5/site-packages/ros2srv/verb/list.py
/home/aust/ros2_ws/install/lib/python3.5/site-packages/ros2srv/verb/__init__.py
/home/aust/ros2_ws/install/lib/python3.5/site-packages/ros2srv/verb/show.py
/home/aust/ros2_ws/install/lib/python3.5/site-packages/ros2srv/api/__init__.py
/home/aust/ros2_ws/install/lib/python3.5/site-packages/ros2srv/__pycache__/__init__.cpython-35.pyc
/home/aust/ros2_ws/install/lib/python3.5/site-packages/ros2srv/command/__pycache__/__init__.cpython-35.pyc
/home/aust/ros2_ws/install/lib/python3.5/site-packages/ros2srv/command/__pycache__/srv.cpython-35.pyc
/home/aust/ros2_ws/install/lib/python3.5/site-packages/ros2srv/verb/__pycache__/package.cpython-35.pyc
/home/aust/ros2_ws/install/lib/python3.5/site-packages/ros2srv/verb/__pycache__/packages.cpython-35.pyc
/home/aust/ros2_ws/install/lib/python3.5/site-packages/ros2srv/verb/__pycache__/list.cpython-35.pyc
/home/aust/ros2_ws/install/lib/python3.5/site-packages/ros2srv/verb/__pycache__/__init__.cpython-35.pyc
/home/aust/ros2_ws/install/lib/python3.5/site-packages/ros2srv/verb/__pycache__/show.cpython-35.pyc
/home/aust/ros2_ws/install/lib/python3.5/site-packages/ros2srv/api/__pycache__/__init__.cpython-35.pyc
/home/aust/ros2_ws/install/lib/python3.5/site-packages/ros2srv-0.0.0-py3.5.egg-info/entry_points.txt
/home/aust/ros2_ws/install/lib/python3.5/site-packages/ros2srv-0.0.0-py3.5.egg-info/requires.txt
/home/aust/ros2_ws/install/lib/python3.5/site-packages/ros2srv-0.0.0-py3.5.egg-info/top_level.txt
/home/aust/ros2_ws/install/lib/python3.5/site-packages/ros2srv-0.0.0-py3.5.egg-info/dependency_links.txt
/home/aust/ros2_ws/install/lib/python3.5/site-packages/ros2srv-0.0.0-py3.5.egg-info/PKG-INFO
/home/aust/ros2_ws/install/lib/python3.5/site-packages/ros2srv-0.0.0-py3.5.egg-info/SOURCES.txt
