/home/aust/ros2_ws/install/lib/python3.5/site-packages/ros2service/__init__.py
/home/aust/ros2_ws/install/lib/python3.5/site-packages/ros2service/command/service.py
/home/aust/ros2_ws/install/lib/python3.5/site-packages/ros2service/command/__init__.py
/home/aust/ros2_ws/install/lib/python3.5/site-packages/ros2service/verb/list.py
/home/aust/ros2_ws/install/lib/python3.5/site-packages/ros2service/verb/__init__.py
/home/aust/ros2_ws/install/lib/python3.5/site-packages/ros2service/verb/call.py
/home/aust/ros2_ws/install/lib/python3.5/site-packages/ros2service/api/__init__.py
/home/aust/ros2_ws/install/lib/python3.5/site-packages/ros2service/__pycache__/__init__.cpython-35.pyc
/home/aust/ros2_ws/install/lib/python3.5/site-packages/ros2service/command/__pycache__/service.cpython-35.pyc
/home/aust/ros2_ws/install/lib/python3.5/site-packages/ros2service/command/__pycache__/__init__.cpython-35.pyc
/home/aust/ros2_ws/install/lib/python3.5/site-packages/ros2service/verb/__pycache__/list.cpython-35.pyc
/home/aust/ros2_ws/install/lib/python3.5/site-packages/ros2service/verb/__pycache__/__init__.cpython-35.pyc
/home/aust/ros2_ws/install/lib/python3.5/site-packages/ros2service/verb/__pycache__/call.cpython-35.pyc
/home/aust/ros2_ws/install/lib/python3.5/site-packages/ros2service/api/__pycache__/__init__.cpython-35.pyc
/home/aust/ros2_ws/install/lib/python3.5/site-packages/ros2service-0.0.0-py3.5.egg-info/entry_points.txt
/home/aust/ros2_ws/install/lib/python3.5/site-packages/ros2service-0.0.0-py3.5.egg-info/requires.txt
/home/aust/ros2_ws/install/lib/python3.5/site-packages/ros2service-0.0.0-py3.5.egg-info/top_level.txt
/home/aust/ros2_ws/install/lib/python3.5/site-packages/ros2service-0.0.0-py3.5.egg-info/dependency_links.txt
/home/aust/ros2_ws/install/lib/python3.5/site-packages/ros2service-0.0.0-py3.5.egg-info/PKG-INFO
/home/aust/ros2_ws/install/lib/python3.5/site-packages/ros2service-0.0.0-py3.5.egg-info/SOURCES.txt
