/home/aust/ros2_ws/install/lib/python3.5/site-packages/ros2msg/__init__.py
/home/aust/ros2_ws/install/lib/python3.5/site-packages/ros2msg/command/msg.py
/home/aust/ros2_ws/install/lib/python3.5/site-packages/ros2msg/command/__init__.py
/home/aust/ros2_ws/install/lib/python3.5/site-packages/ros2msg/verb/package.py
/home/aust/ros2_ws/install/lib/python3.5/site-packages/ros2msg/verb/packages.py
/home/aust/ros2_ws/install/lib/python3.5/site-packages/ros2msg/verb/list.py
/home/aust/ros2_ws/install/lib/python3.5/site-packages/ros2msg/verb/__init__.py
/home/aust/ros2_ws/install/lib/python3.5/site-packages/ros2msg/verb/show.py
/home/aust/ros2_ws/install/lib/python3.5/site-packages/ros2msg/api/__init__.py
/home/aust/ros2_ws/install/lib/python3.5/site-packages/ros2msg/__pycache__/__init__.cpython-35.pyc
/home/aust/ros2_ws/install/lib/python3.5/site-packages/ros2msg/command/__pycache__/msg.cpython-35.pyc
/home/aust/ros2_ws/install/lib/python3.5/site-packages/ros2msg/command/__pycache__/__init__.cpython-35.pyc
/home/aust/ros2_ws/install/lib/python3.5/site-packages/ros2msg/verb/__pycache__/package.cpython-35.pyc
/home/aust/ros2_ws/install/lib/python3.5/site-packages/ros2msg/verb/__pycache__/packages.cpython-35.pyc
/home/aust/ros2_ws/install/lib/python3.5/site-packages/ros2msg/verb/__pycache__/list.cpython-35.pyc
/home/aust/ros2_ws/install/lib/python3.5/site-packages/ros2msg/verb/__pycache__/__init__.cpython-35.pyc
/home/aust/ros2_ws/install/lib/python3.5/site-packages/ros2msg/verb/__pycache__/show.cpython-35.pyc
/home/aust/ros2_ws/install/lib/python3.5/site-packages/ros2msg/api/__pycache__/__init__.cpython-35.pyc
/home/aust/ros2_ws/install/lib/python3.5/site-packages/ros2msg-0.0.0-py3.5.egg-info/entry_points.txt
/home/aust/ros2_ws/install/lib/python3.5/site-packages/ros2msg-0.0.0-py3.5.egg-info/requires.txt
/home/aust/ros2_ws/install/lib/python3.5/site-packages/ros2msg-0.0.0-py3.5.egg-info/top_level.txt
/home/aust/ros2_ws/install/lib/python3.5/site-packages/ros2msg-0.0.0-py3.5.egg-info/dependency_links.txt
/home/aust/ros2_ws/install/lib/python3.5/site-packages/ros2msg-0.0.0-py3.5.egg-info/PKG-INFO
/home/aust/ros2_ws/install/lib/python3.5/site-packages/ros2msg-0.0.0-py3.5.egg-info/SOURCES.txt
