Determining if the pthread_create exist failed with the following output:
Change Dir: /home/aust/ros2_ws/build/cartographer/CMakeFiles/CMakeTmp

Run Build Command:"/usr/bin/make" "cmTC_f30fb/fast"
/usr/bin/make -f CMakeFiles/cmTC_f30fb.dir/build.make CMakeFiles/cmTC_f30fb.dir/build
make[1]: Entering directory '/home/aust/ros2_ws/build/cartographer/CMakeFiles/CMakeTmp'
Building C object CMakeFiles/cmTC_f30fb.dir/CheckSymbolExists.c.o
/usr/lib/ccache/cc     -o CMakeFiles/cmTC_f30fb.dir/CheckSymbolExists.c.o   -c /home/aust/ros2_ws/build/cartographer/CMakeFiles/CMakeTmp/CheckSymbolExists.c
Linking C executable cmTC_f30fb
/usr/bin/cmake -E cmake_link_script CMakeFiles/cmTC_f30fb.dir/link.txt --verbose=1
/usr/lib/ccache/cc       CMakeFiles/cmTC_f30fb.dir/CheckSymbolExists.c.o  -o cmTC_f30fb -rdynamic 
CMakeFiles/cmTC_f30fb.dir/CheckSymbolExists.c.o: In function `main':
CheckSymbolExists.c:(.text+0x16): undefined reference to `pthread_create'
collect2: error: ld returned 1 exit status
CMakeFiles/cmTC_f30fb.dir/build.make:97: recipe for target 'cmTC_f30fb' failed
make[1]: *** [cmTC_f30fb] Error 1
make[1]: Leaving directory '/home/aust/ros2_ws/build/cartographer/CMakeFiles/CMakeTmp'
Makefile:126: recipe for target 'cmTC_f30fb/fast' failed
make: *** [cmTC_f30fb/fast] Error 2

File /home/aust/ros2_ws/build/cartographer/CMakeFiles/CMakeTmp/CheckSymbolExists.c:
/* */
#include <pthread.h>

int main(int argc, char** argv)
{
  (void)argv;
#ifndef pthread_create
  return ((int*)(&pthread_create))[argc];
#else
  (void)argc;
  return 0;
#endif
}

Determining if the function pthread_create exists in the pthreads failed with the following output:
Change Dir: /home/aust/ros2_ws/build/cartographer/CMakeFiles/CMakeTmp

Run Build Command:"/usr/bin/make" "cmTC_7d4fe/fast"
/usr/bin/make -f CMakeFiles/cmTC_7d4fe.dir/build.make CMakeFiles/cmTC_7d4fe.dir/build
make[1]: Entering directory '/home/aust/ros2_ws/build/cartographer/CMakeFiles/CMakeTmp'
Building C object CMakeFiles/cmTC_7d4fe.dir/CheckFunctionExists.c.o
/usr/lib/ccache/cc    -DCHECK_FUNCTION_EXISTS=pthread_create   -o CMakeFiles/cmTC_7d4fe.dir/CheckFunctionExists.c.o   -c /usr/share/cmake-3.5/Modules/CheckFunctionExists.c
Linking C executable cmTC_7d4fe
/usr/bin/cmake -E cmake_link_script CMakeFiles/cmTC_7d4fe.dir/link.txt --verbose=1
/usr/lib/ccache/cc   -DCHECK_FUNCTION_EXISTS=pthread_create    CMakeFiles/cmTC_7d4fe.dir/CheckFunctionExists.c.o  -o cmTC_7d4fe -rdynamic -lpthreads 
/usr/bin/ld: cannot find -lpthreads
collect2: error: ld returned 1 exit status
CMakeFiles/cmTC_7d4fe.dir/build.make:97: recipe for target 'cmTC_7d4fe' failed
make[1]: *** [cmTC_7d4fe] Error 1
make[1]: Leaving directory '/home/aust/ros2_ws/build/cartographer/CMakeFiles/CMakeTmp'
Makefile:126: recipe for target 'cmTC_7d4fe/fast' failed
make: *** [cmTC_7d4fe/fast] Error 2


